2022-07-21 20:28:57,299 --> Main.py              [line:20 ] --> INFO  --> 运行./case/testcase.xlsx测试用例
2022-07-21 20:28:57,351 --> ReadExcel.py         [line:20 ] --> INFO  --> ---------------login_failed---------------
2022-07-21 20:28:57,351 --> ReadExcel.py         [line:24 ] --> INFO  --> 执行用例第1步骤：创建Chrome浏览器
2022-07-21 20:28:58,589 --> WebDriverWrapper.py  [line:65 ] --> INFO  --> 启动浏览器 --> 成功
2022-07-21 20:28:58,590 --> ReadExcel.py         [line:24 ] --> INFO  --> 执行用例第2步骤：访问特斯汀电商系统
2022-07-21 20:28:58,590 --> WebDriverWrapper.py  [line:151] --> INFO  --> 访问[http://www.testingedu.com.cn:8000/Home/User/login.html]地址
2022-07-21 20:29:02,640 --> ReadExcel.py         [line:24 ] --> INFO  --> 执行用例第3步骤：输入账号
2022-07-21 20:29:02,640 --> WebDriverWrapper.py  [line:180] --> INFO  --> 以[name]方式定位[username]元素
2022-07-21 20:29:03,572 --> WebDriverWrapper.py  [line:208] --> INFO  --> 以[name]方式定位[username]元素并输入[807440781@qq.com]文本
2022-07-21 20:29:03,632 --> ReadExcel.py         [line:24 ] --> INFO  --> 执行用例第4步骤：输入错误的密码
2022-07-21 20:29:03,632 --> WebDriverWrapper.py  [line:180] --> INFO  --> 以[id]方式定位[password]元素
2022-07-21 20:29:04,573 --> WebDriverWrapper.py  [line:208] --> INFO  --> 以[id]方式定位[password]元素并输入[0000]文本
2022-07-21 20:29:04,626 --> ReadExcel.py         [line:24 ] --> INFO  --> 执行用例第5步骤：输入验证码
2022-07-21 20:29:04,626 --> WebDriverWrapper.py  [line:180] --> INFO  --> 以[id]方式定位[verify_code]元素
2022-07-21 20:29:05,544 --> WebDriverWrapper.py  [line:208] --> INFO  --> 以[id]方式定位[verify_code]元素并输入[0000]文本
2022-07-21 20:29:05,599 --> ReadExcel.py         [line:24 ] --> INFO  --> 执行用例第6步骤：点击登录按钮
2022-07-21 20:29:05,599 --> WebDriverWrapper.py  [line:180] --> INFO  --> 以[xpath]方式定位[//a[@name="sbtbutton"]]元素
2022-07-21 20:29:06,510 --> WebDriverWrapper.py  [line:218] --> INFO  --> 以[xpath]方式定位[//a[@name="sbtbutton"]]元素并点击
2022-07-21 20:29:06,566 --> ReadExcel.py         [line:24 ] --> INFO  --> 执行用例第7步骤：强制等待2秒
2022-07-21 20:29:08,627 --> ReadExcel.py         [line:24 ] --> INFO  --> 执行用例第8步骤：检查是否登录成功，存在安全退出字样
2022-07-21 20:29:08,627 --> WebDriverWrapper.py  [line:180] --> INFO  --> 以[link text]方式定位[安全退出]元素
2022-07-21 20:29:19,146 --> WebDriverWrapper.py  [line:183] --> ERROR --> 找不到元素，以[link text]方式定位[安全退出]元素定位失败！
2022-07-21 20:29:29,203 --> WebDriverWrapper.py  [line:241] --> ERROR --> Traceback (most recent call last):
  File "E:\UIAutomation\base\WebDriverWrapper.py", line 237, in assert_text
    reality = self.locator_element(name, value).text
  File "E:\UIAutomation\base\WebDriverWrapper.py", line 185, in locator_element
    element = self.driver.find_element(name, value)
  File "E:\ITWork\Python365\lib\site-packages\selenium\webdriver\remote\webdriver.py", line 978, in find_element
    'value': value})['value']
  File "E:\ITWork\Python365\lib\site-packages\selenium\webdriver\remote\webdriver.py", line 321, in execute
    self.error_handler.check_response(response)
  File "E:\ITWork\Python365\lib\site-packages\selenium\webdriver\remote\errorhandler.py", line 242, in check_response
    raise exception_class(message, screen, stacktrace)
selenium.common.exceptions.NoSuchElementException: Message: no such element: Unable to locate element: {"method":"link text","selector":"安全退出"}
  (Session info: chrome=99.0.4844.74)


2022-07-21 20:29:29,258 --> ReadExcel.py         [line:24 ] --> INFO  --> 执行用例第9步骤：登录成功后截图
2022-07-21 20:29:29,258 --> WebDriverWrapper.py  [line:222] --> INFO  --> 截图成功存放路径：[./picture/特斯汀电商系统登录成功1.png]
2022-07-21 20:29:29,619 --> ReadExcel.py         [line:20 ] --> INFO  --> ---------------baidu_search---------------
2022-07-21 20:29:29,619 --> ReadExcel.py         [line:24 ] --> INFO  --> 执行用例第1步骤：打开新的标签页
2022-07-21 20:29:29,710 --> ReadExcel.py         [line:24 ] --> INFO  --> 执行用例第2步骤：访问百度
2022-07-21 20:29:29,710 --> WebDriverWrapper.py  [line:151] --> INFO  --> 访问[http://www.baidu.com/]地址
2022-07-21 20:29:32,657 --> ReadExcel.py         [line:24 ] --> INFO  --> 执行用例第3步骤：在搜索框内输入关键词
2022-07-21 20:29:32,657 --> WebDriverWrapper.py  [line:180] --> INFO  --> 以[id]方式定位[kw]元素
2022-07-21 20:29:33,798 --> WebDriverWrapper.py  [line:208] --> INFO  --> 以[id]方式定位[kw]元素并输入[中国]文本
2022-07-21 20:29:33,860 --> ReadExcel.py         [line:24 ] --> INFO  --> 执行用例第4步骤：点击百度一下按钮
2022-07-21 20:29:33,861 --> WebDriverWrapper.py  [line:180] --> INFO  --> 以[id]方式定位[su]元素
2022-07-21 20:29:34,834 --> WebDriverWrapper.py  [line:218] --> INFO  --> 以[id]方式定位[su]元素并点击
2022-07-21 20:29:34,889 --> ReadExcel.py         [line:24 ] --> INFO  --> 执行用例第5步骤：点击登录按钮
2022-07-21 20:29:36,950 --> ReadExcel.py         [line:24 ] --> INFO  --> 执行用例第6步骤：检查搜索内容是否出现
2022-07-21 20:29:36,950 --> WebDriverWrapper.py  [line:180] --> INFO  --> 以[link text]方式定位[中华人民共和国 - 百度百科]元素
2022-07-21 20:29:47,652 --> WebDriverWrapper.py  [line:183] --> ERROR --> 找不到元素，以[link text]方式定位[中华人民共和国 - 百度百科]元素定位失败！
2022-07-21 20:29:57,665 --> WebDriverWrapper.py  [line:241] --> ERROR --> Traceback (most recent call last):
  File "E:\UIAutomation\base\WebDriverWrapper.py", line 237, in assert_text
    reality = self.locator_element(name, value).text
  File "E:\UIAutomation\base\WebDriverWrapper.py", line 185, in locator_element
    element = self.driver.find_element(name, value)
  File "E:\ITWork\Python365\lib\site-packages\selenium\webdriver\remote\webdriver.py", line 978, in find_element
    'value': value})['value']
  File "E:\ITWork\Python365\lib\site-packages\selenium\webdriver\remote\webdriver.py", line 321, in execute
    self.error_handler.check_response(response)
  File "E:\ITWork\Python365\lib\site-packages\selenium\webdriver\remote\errorhandler.py", line 242, in check_response
    raise exception_class(message, screen, stacktrace)
selenium.common.exceptions.NoSuchElementException: Message: no such element: Unable to locate element: {"method":"link text","selector":"中华人民共和国 - 百度百科"}
  (Session info: chrome=99.0.4844.74)


2022-07-21 20:29:57,711 --> ReadExcel.py         [line:24 ] --> INFO  --> 执行用例第7步骤：搜索成功后截图
2022-07-21 20:29:57,711 --> WebDriverWrapper.py  [line:222] --> INFO  --> 截图成功存放路径：[./picture/百度一下搜索中国.png]
2022-07-21 20:29:58,027 --> ReadExcel.py         [line:24 ] --> INFO  --> 执行用例第8步骤：获取当前URL
2022-07-21 20:29:58,085 --> ReadExcel.py         [line:24 ] --> INFO  --> 执行用例第9步骤：获取当前URL
2022-07-21 20:29:58,137 --> ReadExcel.py         [line:20 ] --> INFO  --> ---------------mall_shopping---------------
2022-07-21 20:29:58,138 --> ReadExcel.py         [line:24 ] --> INFO  --> 执行用例第1步骤：打开新的标签页
2022-07-21 20:29:58,235 --> ReadExcel.py         [line:24 ] --> INFO  --> 执行用例第2步骤：访问电商系统
2022-07-21 20:29:58,235 --> WebDriverWrapper.py  [line:151] --> INFO  --> 访问[http://www.testingedu.com.cn:8000/Home/User/login.html]地址
2022-07-21 20:29:58,704 --> ReadExcel.py         [line:24 ] --> INFO  --> 执行用例第3步骤：输入账号
2022-07-21 20:29:58,704 --> WebDriverWrapper.py  [line:180] --> INFO  --> 以[name]方式定位[username]元素
2022-07-21 20:29:59,666 --> WebDriverWrapper.py  [line:208] --> INFO  --> 以[name]方式定位[username]元素并输入[807440781@qq.com]文本
2022-07-21 20:29:59,729 --> ReadExcel.py         [line:24 ] --> INFO  --> 执行用例第4步骤：输入密码
2022-07-21 20:29:59,729 --> WebDriverWrapper.py  [line:180] --> INFO  --> 以[id]方式定位[password]元素
2022-07-21 20:30:00,669 --> WebDriverWrapper.py  [line:208] --> INFO  --> 以[id]方式定位[password]元素并输入[yk145312]文本
2022-07-21 20:30:00,718 --> ReadExcel.py         [line:24 ] --> INFO  --> 执行用例第5步骤：输入验证码
2022-07-21 20:30:00,718 --> WebDriverWrapper.py  [line:180] --> INFO  --> 以[id]方式定位[verify_code]元素
2022-07-21 20:30:01,673 --> WebDriverWrapper.py  [line:208] --> INFO  --> 以[id]方式定位[verify_code]元素并输入[0000]文本
2022-07-21 20:30:01,720 --> ReadExcel.py         [line:24 ] --> INFO  --> 执行用例第6步骤：点击登录按钮
2022-07-21 20:30:01,720 --> WebDriverWrapper.py  [line:180] --> INFO  --> 以[xpath]方式定位[//a[@name="sbtbutton"]]元素
2022-07-21 20:30:02,739 --> WebDriverWrapper.py  [line:218] --> INFO  --> 以[xpath]方式定位[//a[@name="sbtbutton"]]元素并点击
2022-07-21 20:30:02,827 --> ReadExcel.py         [line:24 ] --> INFO  --> 执行用例第7步骤：强制等待2秒
2022-07-21 20:30:04,956 --> ReadExcel.py         [line:24 ] --> INFO  --> 执行用例第8步骤：校验登录后是否存在退出的元素
2022-07-21 20:30:04,956 --> WebDriverWrapper.py  [line:180] --> INFO  --> 以[link text]方式定位[安全退出]元素
2022-07-21 20:30:05,998 --> ReadExcel.py         [line:24 ] --> INFO  --> 执行用例第9步骤：登录成功后截图
2022-07-21 20:30:05,998 --> WebDriverWrapper.py  [line:222] --> INFO  --> 截图成功存放路径：[./picture/特斯汀电商系统登录成功3.png]
2022-07-21 20:30:06,213 --> ReadExcel.py         [line:24 ] --> INFO  --> 执行用例第10步骤：强制等待2秒
2022-07-21 20:30:08,366 --> ReadExcel.py         [line:24 ] --> INFO  --> 执行用例第11步骤：跳转到商城首页
2022-07-21 20:30:08,367 --> WebDriverWrapper.py  [line:180] --> INFO  --> 以[link text]方式定位[返回商城首页]元素
2022-07-21 20:30:40,238 --> WebDriverWrapper.py  [line:218] --> INFO  --> 以[link text]方式定位[返回商城首页]元素并点击
2022-07-21 20:30:40,290 --> ReadExcel.py         [line:24 ] --> INFO  --> 执行用例第12步骤：强制等待2秒
2022-07-21 20:30:42,360 --> ReadExcel.py         [line:24 ] --> INFO  --> 执行用例第13步骤：鼠标悬停到手机数码控件树上
2022-07-21 20:30:42,361 --> WebDriverWrapper.py  [line:180] --> INFO  --> 以[link text]方式定位[手机数码]元素
2022-07-21 20:30:43,666 --> ReadExcel.py         [line:24 ] --> INFO  --> 执行用例第14步骤：点击上步骤展开后菜单中的手机
2022-07-21 20:30:43,666 --> WebDriverWrapper.py  [line:180] --> INFO  --> 以[xpath]方式定位[//*[@id="cata-nav"]/div[1]/div[2]/div[1]/div[2]/dl[1]/dd/a[1]]元素
2022-07-21 20:30:44,640 --> WebDriverWrapper.py  [line:218] --> INFO  --> 以[xpath]方式定位[//*[@id="cata-nav"]/div[1]/div[2]/div[1]/div[2]/dl[1]/dd/a[1]]元素并点击
2022-07-21 20:30:44,698 --> ReadExcel.py         [line:24 ] --> INFO  --> 执行用例第15步骤：跳转到新的页面
2022-07-21 20:30:44,758 --> ReadExcel.py         [line:24 ] --> INFO  --> 执行用例第16步骤：点击第一个商品
2022-07-21 20:30:44,758 --> WebDriverWrapper.py  [line:180] --> INFO  --> 以[xpath]方式定位[/html/body/div[4]/div/div[2]/div[2]/ul/li[1]/div/div[1]/a/img]元素
2022-07-21 20:30:49,961 --> WebDriverWrapper.py  [line:218] --> INFO  --> 以[xpath]方式定位[/html/body/div[4]/div/div[2]/div[2]/ul/li[1]/div/div[1]/a/img]元素并点击
2022-07-21 20:30:50,045 --> ReadExcel.py         [line:24 ] --> INFO  --> 执行用例第17步骤：强制等待2秒
2022-07-21 20:30:52,148 --> ReadExcel.py         [line:24 ] --> INFO  --> 执行用例第18步骤：选择版本：全网通4G+64G
2022-07-21 20:30:52,149 --> WebDriverWrapper.py  [line:180] --> INFO  --> 以[id]方式定位[goods_spec_a_10]元素
2022-07-21 20:30:53,115 --> WebDriverWrapper.py  [line:218] --> INFO  --> 以[id]方式定位[goods_spec_a_10]元素并点击
2022-07-21 20:30:53,194 --> ReadExcel.py         [line:24 ] --> INFO  --> 执行用例第19步骤：选择配色：铂光色
2022-07-21 20:30:53,194 --> WebDriverWrapper.py  [line:180] --> INFO  --> 以[id]方式定位[goods_spec_a_12]元素
2022-07-21 20:30:54,163 --> WebDriverWrapper.py  [line:218] --> INFO  --> 以[id]方式定位[goods_spec_a_12]元素并点击
2022-07-21 20:30:54,226 --> ReadExcel.py         [line:24 ] --> INFO  --> 执行用例第20步骤：选择套餐：套餐二
2022-07-21 20:30:54,226 --> WebDriverWrapper.py  [line:180] --> INFO  --> 以[id]方式定位[goods_spec_a_17]元素
2022-07-21 20:30:55,148 --> WebDriverWrapper.py  [line:218] --> INFO  --> 以[id]方式定位[goods_spec_a_17]元素并点击
2022-07-21 20:30:55,197 --> ReadExcel.py         [line:24 ] --> INFO  --> 执行用例第21步骤：加入购物车
2022-07-21 20:30:55,197 --> WebDriverWrapper.py  [line:180] --> INFO  --> 以[id]方式定位[join_cart]元素
2022-07-21 20:30:56,147 --> WebDriverWrapper.py  [line:218] --> INFO  --> 以[id]方式定位[join_cart]元素并点击
2022-07-21 20:30:56,224 --> ReadExcel.py         [line:24 ] --> INFO  --> 执行用例第22步骤：切入弹出frame
2022-07-21 20:30:57,308 --> WebDriverWrapper.py  [line:331] --> INFO  --> 切入[layui-layer-iframe1]Frame框架成功！
2022-07-21 20:30:57,357 --> ReadExcel.py         [line:24 ] --> INFO  --> 执行用例第23步骤：校验是否成功加入购物车
2022-07-21 20:30:57,357 --> WebDriverWrapper.py  [line:180] --> INFO  --> 以[xpath]方式定位[//span[text()="添加成功"]]元素
2022-07-21 20:30:58,315 --> ReadExcel.py         [line:24 ] --> INFO  --> 执行用例第24步骤：商品加入购物车成功截图
2022-07-21 20:30:58,315 --> WebDriverWrapper.py  [line:222] --> INFO  --> 截图成功存放路径：[./picture/商品加入购物车成功.png]
2022-07-21 20:30:58,623 --> ReadExcel.py         [line:24 ] --> INFO  --> 执行用例第25步骤：去购物车结算
2022-07-21 20:30:58,623 --> WebDriverWrapper.py  [line:180] --> INFO  --> 以[xpath]方式定位[//a[text()="去购物车结算"]]元素
2022-07-21 20:30:59,841 --> WebDriverWrapper.py  [line:218] --> INFO  --> 以[xpath]方式定位[//a[text()="去购物车结算"]]元素并点击
2022-07-21 20:30:59,895 --> ReadExcel.py         [line:24 ] --> INFO  --> 执行用例第26步骤：去结算
2022-07-21 20:30:59,895 --> WebDriverWrapper.py  [line:180] --> INFO  --> 以[xpath]方式定位[//a[text()="去结算"]]元素
2022-07-21 20:31:02,393 --> WebDriverWrapper.py  [line:218] --> INFO  --> 以[xpath]方式定位[//a[text()="去结算"]]元素并点击
2022-07-21 20:31:02,447 --> ReadExcel.py         [line:24 ] --> INFO  --> 执行用例第27步骤：下单备注留言
2022-07-21 20:31:02,448 --> WebDriverWrapper.py  [line:180] --> INFO  --> 以[xpath]方式定位[//textarea[@placeholder="最多输入50个字"]]元素
2022-07-21 20:31:03,419 --> WebDriverWrapper.py  [line:208] --> INFO  --> 以[xpath]方式定位[//textarea[@placeholder="最多输入50个字"]]元素并输入[给辉辉买个破烂手机]文本
2022-07-21 20:31:03,473 --> ReadExcel.py         [line:24 ] --> INFO  --> 执行用例第28步骤：强制等待2秒
2022-07-21 20:31:05,573 --> ReadExcel.py         [line:24 ] --> INFO  --> 执行用例第29步骤：向下滑动
2022-07-21 20:31:05,626 --> ReadExcel.py         [line:24 ] --> INFO  --> 执行用例第30步骤：提交定单
2022-07-21 20:31:05,626 --> WebDriverWrapper.py  [line:180] --> INFO  --> 以[xpath]方式定位[/html/body/div[14]/div/button]元素
2022-07-21 20:31:06,588 --> WebDriverWrapper.py  [line:218] --> INFO  --> 以[xpath]方式定位[/html/body/div[14]/div/button]元素并点击
2022-07-21 20:31:06,667 --> ReadExcel.py         [line:24 ] --> INFO  --> 执行用例第31步骤：强制等待2秒
2022-07-21 20:31:08,789 --> ReadExcel.py         [line:24 ] --> INFO  --> 执行用例第32步骤：校验订单提交是否成功
2022-07-21 20:31:08,789 --> WebDriverWrapper.py  [line:180] --> INFO  --> 以[xpath]方式定位[//h3[text()="订单提交成功，请您尽快付款！"]]元素
2022-07-21 20:31:10,441 --> ReadExcel.py         [line:24 ] --> INFO  --> 执行用例第33步骤：订单提交成功截图
2022-07-21 20:31:10,441 --> WebDriverWrapper.py  [line:222] --> INFO  --> 截图成功存放路径：[./picture/订单提交成功截图.png]
2022-07-21 20:31:10,660 --> ReadExcel.py         [line:24 ] --> INFO  --> 执行用例第34步骤：强制等待2秒
2022-07-21 20:31:12,755 --> ReadExcel.py         [line:24 ] --> INFO  --> 执行用例第35步骤：获取当前URL
2022-07-21 20:31:12,808 --> ReadExcel.py         [line:24 ] --> INFO  --> 执行用例第36步骤：获取当前标题
2022-07-21 20:31:12,858 --> ReadExcel.py         [line:20 ] --> INFO  --> ---------------iframe---------------
2022-07-21 20:31:12,858 --> ReadExcel.py         [line:24 ] --> INFO  --> 执行用例第1步骤：打开新的标签页
2022-07-21 20:31:12,942 --> ReadExcel.py         [line:24 ] --> INFO  --> 执行用例第2步骤：访问sahitest系统
2022-07-21 20:31:12,942 --> WebDriverWrapper.py  [line:151] --> INFO  --> 访问[http://sahitest.com/demo/index.htm]地址
2022-07-21 20:31:13,698 --> ReadExcel.py         [line:24 ] --> INFO  --> 执行用例第3步骤：点击IFrames Test链接
2022-07-21 20:31:13,698 --> WebDriverWrapper.py  [line:180] --> INFO  --> 以[link text]方式定位[IFrames Test]元素
2022-07-21 20:31:14,951 --> WebDriverWrapper.py  [line:218] --> INFO  --> 以[link text]方式定位[IFrames Test]元素并点击
2022-07-21 20:31:15,008 --> ReadExcel.py         [line:24 ] --> INFO  --> 执行用例第4步骤：强制等待2秒
2022-07-21 20:31:17,085 --> ReadExcel.py         [line:24 ] --> INFO  --> 执行用例第5步骤：切换到iframe框架1
2022-07-21 20:31:17,085 --> WebDriverWrapper.py  [line:180] --> INFO  --> 以[xpath]方式定位[/html/body/iframe]元素
2022-07-21 20:31:18,031 --> WebDriverWrapper.py  [line:327] --> INFO  --> 切入[<selenium.webdriver.remote.webelement.WebElement (session="16d043d593558e17f9e54fa33b5a5670", element="139b9a38-1b1b-4db9-9768-3d06a594bc1b")>]Frame框架成功！
2022-07-21 20:31:18,087 --> ReadExcel.py         [line:24 ] --> INFO  --> 执行用例第6步骤：点击H2标题元素1
2022-07-21 20:31:18,088 --> WebDriverWrapper.py  [line:180] --> INFO  --> 以[xpath]方式定位[/html/body/h2]元素
2022-07-21 20:31:19,016 --> WebDriverWrapper.py  [line:218] --> INFO  --> 以[xpath]方式定位[/html/body/h2]元素并点击
2022-07-21 20:31:19,075 --> ReadExcel.py         [line:24 ] --> INFO  --> 执行用例第7步骤：滑动滚动条至300码数
2022-07-21 20:31:19,145 --> ReadExcel.py         [line:24 ] --> INFO  --> 执行用例第8步骤：点击Frames Test链接
2022-07-21 20:31:19,145 --> WebDriverWrapper.py  [line:180] --> INFO  --> 以[link text]方式定位[Frames Test]元素
2022-07-21 20:31:20,281 --> WebDriverWrapper.py  [line:218] --> INFO  --> 以[link text]方式定位[Frames Test]元素并点击
2022-07-21 20:31:20,332 --> ReadExcel.py         [line:24 ] --> INFO  --> 执行用例第9步骤：校验上述动作是否完成
2022-07-21 20:31:20,332 --> WebDriverWrapper.py  [line:222] --> INFO  --> 截图成功存放路径：[./picture/iframe检查截图1.png]
2022-07-21 20:31:20,526 --> ReadExcel.py         [line:24 ] --> INFO  --> 执行用例第10步骤：进入top框架
2022-07-21 20:31:30,630 --> WebDriverWrapper.py  [line:331] --> INFO  --> 切入[top]Frame框架成功！
2022-07-21 20:31:30,683 --> ReadExcel.py         [line:24 ] --> INFO  --> 执行用例第11步骤：点击top的H2
2022-07-21 20:31:30,683 --> WebDriverWrapper.py  [line:180] --> INFO  --> 以[xpath]方式定位[/html/body/h2]元素
2022-07-21 20:31:31,697 --> WebDriverWrapper.py  [line:218] --> INFO  --> 以[xpath]方式定位[/html/body/h2]元素并点击
2022-07-21 20:31:31,744 --> ReadExcel.py         [line:24 ] --> INFO  --> 执行用例第12步骤：滑动滚动条至300码数
2022-07-21 20:31:31,804 --> ReadExcel.py         [line:24 ] --> INFO  --> 执行用例第13步骤：点击Frames Test链接
2022-07-21 20:31:31,804 --> WebDriverWrapper.py  [line:180] --> INFO  --> 以[link text]方式定位[Frames Test]元素
2022-07-21 20:31:32,845 --> WebDriverWrapper.py  [line:218] --> INFO  --> 以[link text]方式定位[Frames Test]元素并点击
2022-07-21 20:31:32,893 --> ReadExcel.py         [line:24 ] --> INFO  --> 执行用例第14步骤：校验上述动作是否完成
2022-07-21 20:31:32,893 --> WebDriverWrapper.py  [line:222] --> INFO  --> 截图成功存放路径：[./picture/iframe检查截图2.png]
2022-07-21 20:31:33,092 --> ReadExcel.py         [line:24 ] --> INFO  --> 执行用例第15步骤：返回默认框架
2022-07-21 20:31:33,147 --> ReadExcel.py         [line:24 ] --> INFO  --> 执行用例第16步骤：进入bom框架
2022-07-21 20:31:33,147 --> WebDriverWrapper.py  [line:180] --> INFO  --> 以[xpath]方式定位[/html/frameset/frame[2]]元素
2022-07-21 20:31:34,035 --> WebDriverWrapper.py  [line:327] --> INFO  --> 切入[<selenium.webdriver.remote.webelement.WebElement (session="16d043d593558e17f9e54fa33b5a5670", element="d7614dc5-cc6f-480b-b284-9c04241ae6d7")>]Frame框架成功！
2022-07-21 20:31:34,080 --> ReadExcel.py         [line:24 ] --> INFO  --> 执行用例第17步骤：点击bom的H2
2022-07-21 20:31:34,080 --> WebDriverWrapper.py  [line:180] --> INFO  --> 以[xpath]方式定位[/html/body/h2]元素
2022-07-21 20:31:35,098 --> WebDriverWrapper.py  [line:218] --> INFO  --> 以[xpath]方式定位[/html/body/h2]元素并点击
2022-07-21 20:31:35,145 --> ReadExcel.py         [line:24 ] --> INFO  --> 执行用例第18步骤：滑动滚动条至300码数
2022-07-21 20:31:35,202 --> ReadExcel.py         [line:24 ] --> INFO  --> 执行用例第19步骤：点击Frames Test链接
2022-07-21 20:31:35,202 --> WebDriverWrapper.py  [line:180] --> INFO  --> 以[link text]方式定位[Frames Test]元素
2022-07-21 20:31:36,217 --> WebDriverWrapper.py  [line:218] --> INFO  --> 以[link text]方式定位[Frames Test]元素并点击
2022-07-21 20:31:36,268 --> ReadExcel.py         [line:24 ] --> INFO  --> 执行用例第20步骤：校验上述动作是否完成
2022-07-21 20:31:36,268 --> WebDriverWrapper.py  [line:222] --> INFO  --> 截图成功存放路径：[./picture/iframe检查截图3.png]
2022-07-21 20:31:36,481 --> ReadExcel.py         [line:24 ] --> INFO  --> 执行用例第21步骤：返回默认框架
2022-07-21 20:31:36,531 --> ReadExcel.py         [line:24 ] --> INFO  --> 执行用例第22步骤：进入bom框架
2022-07-21 20:31:36,531 --> WebDriverWrapper.py  [line:180] --> INFO  --> 以[xpath]方式定位[//*[@id="another"]/iframe]元素
2022-07-21 20:31:37,491 --> WebDriverWrapper.py  [line:327] --> INFO  --> 切入[<selenium.webdriver.remote.webelement.WebElement (session="16d043d593558e17f9e54fa33b5a5670", element="6b78158b-359c-45d3-8fcd-961d6c6c2071")>]Frame框架成功！
2022-07-21 20:31:37,548 --> ReadExcel.py         [line:24 ] --> INFO  --> 执行用例第23步骤：点击bom的H2
2022-07-21 20:31:37,548 --> WebDriverWrapper.py  [line:180] --> INFO  --> 以[xpath]方式定位[/html/body/h2]元素
2022-07-21 20:31:38,492 --> WebDriverWrapper.py  [line:218] --> INFO  --> 以[xpath]方式定位[/html/body/h2]元素并点击
2022-07-21 20:31:38,544 --> ReadExcel.py         [line:24 ] --> INFO  --> 执行用例第24步骤：滑动滚动条至300码数
2022-07-21 20:31:38,599 --> ReadExcel.py         [line:24 ] --> INFO  --> 执行用例第25步骤：点击Frames Test链接
2022-07-21 20:31:38,600 --> WebDriverWrapper.py  [line:180] --> INFO  --> 以[link text]方式定位[Frames Test]元素
2022-07-21 20:31:39,573 --> WebDriverWrapper.py  [line:218] --> INFO  --> 以[link text]方式定位[Frames Test]元素并点击
2022-07-21 20:31:39,623 --> ReadExcel.py         [line:24 ] --> INFO  --> 执行用例第26步骤：校验上述动作是否完成
2022-07-21 20:31:39,623 --> WebDriverWrapper.py  [line:222] --> INFO  --> 截图成功存放路径：[./picture/iframe检查截图4.png]
2022-07-21 20:31:39,846 --> ReadExcel.py         [line:20 ] --> INFO  --> ---------------Select---------------
2022-07-21 20:31:39,846 --> ReadExcel.py         [line:24 ] --> INFO  --> 执行用例第1步骤：打开新的标签页
2022-07-21 20:31:39,935 --> ReadExcel.py         [line:24 ] --> INFO  --> 执行用例第2步骤：访问sahitest系统
2022-07-21 20:31:39,935 --> WebDriverWrapper.py  [line:151] --> INFO  --> 访问[http://sahitest.com/demo/index.htm]地址
2022-07-21 20:31:40,018 --> ReadExcel.py         [line:24 ] --> INFO  --> 执行用例第3步骤：点击Select Test链接
2022-07-21 20:31:40,018 --> WebDriverWrapper.py  [line:180] --> INFO  --> 以[link text]方式定位[Select Test]元素
2022-07-21 20:31:41,123 --> WebDriverWrapper.py  [line:218] --> INFO  --> 以[link text]方式定位[Select Test]元素并点击
2022-07-21 20:31:41,176 --> ReadExcel.py         [line:24 ] --> INFO  --> 执行用例第4步骤：强制等待2秒
2022-07-21 20:31:43,275 --> ReadExcel.py         [line:24 ] --> INFO  --> 执行用例第5步骤：第一个下拉框
2022-07-21 20:31:43,275 --> WebDriverWrapper.py  [line:180] --> INFO  --> 以[xpath]方式定位[//*[@id="s1Id"]]元素
2022-07-21 20:31:44,279 --> ReadExcel.py         [line:24 ] --> INFO  --> 执行用例第6步骤：强制等待0.5秒
2022-07-21 20:31:44,832 --> ReadExcel.py         [line:24 ] --> INFO  --> 执行用例第7步骤：第二个下拉框
2022-07-21 20:31:44,832 --> WebDriverWrapper.py  [line:180] --> INFO  --> 以[xpath]方式定位[//*[@id="s2Id"]]元素
2022-07-21 20:31:45,825 --> ReadExcel.py         [line:24 ] --> INFO  --> 执行用例第8步骤：强制等待0.5秒
2022-07-21 20:31:46,420 --> ReadExcel.py         [line:24 ] --> INFO  --> 执行用例第9步骤：第三个下拉框
2022-07-21 20:31:46,420 --> WebDriverWrapper.py  [line:180] --> INFO  --> 以[xpath]方式定位[//*[@id="s3Id"]]元素
2022-07-21 20:31:47,435 --> ReadExcel.py         [line:24 ] --> INFO  --> 执行用例第10步骤：强制等待0.5秒
2022-07-21 20:31:48,015 --> ReadExcel.py         [line:24 ] --> INFO  --> 执行用例第11步骤：第四个下拉框1
2022-07-21 20:31:48,016 --> WebDriverWrapper.py  [line:180] --> INFO  --> 以[xpath]方式定位[//select[@id="s4Id"]]元素
2022-07-21 20:31:49,049 --> ReadExcel.py         [line:24 ] --> INFO  --> 执行用例第12步骤：强制等待0.5秒
2022-07-21 20:31:49,607 --> ReadExcel.py         [line:24 ] --> INFO  --> 执行用例第13步骤：第四个下拉框2
2022-07-21 20:31:49,607 --> WebDriverWrapper.py  [line:180] --> INFO  --> 以[xpath]方式定位[//select[@id="s4Id"]]元素
2022-07-21 20:31:50,624 --> ReadExcel.py         [line:24 ] --> INFO  --> 执行用例第14步骤：强制等待0.5秒
2022-07-21 20:31:51,250 --> ReadExcel.py         [line:24 ] --> INFO  --> 执行用例第15步骤：第四个下拉框3
2022-07-21 20:31:51,250 --> WebDriverWrapper.py  [line:180] --> INFO  --> 以[xpath]方式定位[//select[@id="s4Id"]]元素
2022-07-21 20:31:52,225 --> ReadExcel.py         [line:24 ] --> INFO  --> 执行用例第16步骤：强制等待0.5秒
2022-07-21 20:31:52,794 --> ReadExcel.py         [line:24 ] --> INFO  --> 执行用例第17步骤：第五个下拉框
2022-07-21 20:31:52,794 --> WebDriverWrapper.py  [line:180] --> INFO  --> 以[xpath]方式定位[//select[@id="s1"]]元素
2022-07-21 20:31:53,845 --> ReadExcel.py         [line:24 ] --> INFO  --> 执行用例第18步骤：截图存根
2022-07-21 20:31:53,845 --> WebDriverWrapper.py  [line:222] --> INFO  --> 截图成功存放路径：[./picture/select检查截图.png]
2022-07-21 20:31:54,046 --> ReadExcel.py         [line:20 ] --> INFO  --> ---------------elements---------------
2022-07-21 20:31:54,046 --> ReadExcel.py         [line:24 ] --> INFO  --> 执行用例第1步骤：打开新的标签页
2022-07-21 20:31:54,133 --> ReadExcel.py         [line:24 ] --> INFO  --> 执行用例第2步骤：访问sahitest系统
2022-07-21 20:31:54,133 --> WebDriverWrapper.py  [line:151] --> INFO  --> 访问[http://sahitest.com/demo/index.htm]地址
2022-07-21 20:31:54,214 --> ReadExcel.py         [line:24 ] --> INFO  --> 执行用例第3步骤：点击Label Page链接
2022-07-21 20:31:54,214 --> WebDriverWrapper.py  [line:180] --> INFO  --> 以[link text]方式定位[Label Page]元素
2022-07-21 20:31:55,402 --> WebDriverWrapper.py  [line:218] --> INFO  --> 以[link text]方式定位[Label Page]元素并点击
2022-07-21 20:31:55,461 --> ReadExcel.py         [line:24 ] --> INFO  --> 执行用例第4步骤：强制等待2秒
2022-07-21 20:31:57,569 --> ReadExcel.py         [line:24 ] --> INFO  --> 执行用例第5步骤：第一个下拉框
2022-07-21 20:31:57,570 --> WebDriverWrapper.py  [line:193] --> INFO  --> 以[xpath]方式定位[//input[@type="checkbox"]]一组元素
2022-07-21 20:31:58,647 --> ReadExcel.py         [line:24 ] --> INFO  --> 执行用例第6步骤：截图存根
2022-07-21 20:31:58,647 --> WebDriverWrapper.py  [line:222] --> INFO  --> 截图成功存放路径：[./picture/点击一组检查截图.png]
2022-07-21 20:31:58,847 --> ReadExcel.py         [line:20 ] --> INFO  --> ---------------alert---------------
2022-07-21 20:31:58,847 --> ReadExcel.py         [line:24 ] --> INFO  --> 执行用例第1步骤：创建Chrome浏览器
2022-07-21 20:31:58,848 --> ReadExcel.py         [line:24 ] --> INFO  --> 执行用例第2步骤：访问sahitest系统
2022-07-21 20:31:58,848 --> WebDriverWrapper.py  [line:151] --> INFO  --> 访问[http://sahitest.com/demo/index.htm]地址
2022-07-21 20:31:58,924 --> ReadExcel.py         [line:24 ] --> INFO  --> 执行用例第3步骤：点击Alert Test链接
2022-07-21 20:31:58,925 --> WebDriverWrapper.py  [line:180] --> INFO  --> 以[link text]方式定位[Alert Test]元素
2022-07-21 20:32:00,061 --> WebDriverWrapper.py  [line:218] --> INFO  --> 以[link text]方式定位[Alert Test]元素并点击
2022-07-21 20:32:00,115 --> ReadExcel.py         [line:24 ] --> INFO  --> 执行用例第4步骤：将输入框的预设值清空
2022-07-21 20:32:00,115 --> WebDriverWrapper.py  [line:180] --> INFO  --> 以[xpath]方式定位[/html/body/form/input[1]]元素
2022-07-21 20:32:01,044 --> WebDriverWrapper.py  [line:213] --> INFO  --> 以[xpath]方式定位[/html/body/form/input[1]]元素并清空
2022-07-21 20:32:01,092 --> ReadExcel.py         [line:24 ] --> INFO  --> 执行用例第5步骤：在弹出框中输入值
2022-07-21 20:32:01,092 --> WebDriverWrapper.py  [line:180] --> INFO  --> 以[xpath]方式定位[/html/body/form/input[1]]元素
2022-07-21 20:32:02,060 --> WebDriverWrapper.py  [line:208] --> INFO  --> 以[xpath]方式定位[/html/body/form/input[1]]元素并输入[测试弹框]文本
2022-07-21 20:32:02,107 --> ReadExcel.py         [line:24 ] --> INFO  --> 执行用例第6步骤：点击Click For Alert按钮
2022-07-21 20:32:02,107 --> WebDriverWrapper.py  [line:180] --> INFO  --> 以[xpath]方式定位[/html/body/form/input[2]]元素
2022-07-21 20:32:03,070 --> WebDriverWrapper.py  [line:218] --> INFO  --> 以[xpath]方式定位[/html/body/form/input[2]]元素并点击
2022-07-21 20:32:03,131 --> ReadExcel.py         [line:24 ] --> INFO  --> 执行用例第7步骤：等待2秒
2022-07-21 20:32:05,207 --> ReadExcel.py         [line:24 ] --> INFO  --> 执行用例第8步骤：检查弹出框内容
2022-07-21 20:32:06,323 --> ReadExcel.py         [line:24 ] --> INFO  --> 执行用例第9步骤：检查是否关闭
2022-07-21 20:32:06,323 --> WebDriverWrapper.py  [line:222] --> INFO  --> 截图成功存放路径：[./picture/关闭alert弹出框截图.png]
2022-07-21 20:39:04,688 --> Main.py              [line:20 ] --> INFO  --> 运行./case/testcase.xlsx测试用例
2022-07-21 20:39:04,746 --> ReadExcel.py         [line:20 ] --> INFO  --> ---------------login_failed---------------
2022-07-21 20:39:04,746 --> ReadExcel.py         [line:24 ] --> INFO  --> 执行用例第1步骤：创建Chrome浏览器
2022-07-21 20:39:05,883 --> WebDriverWrapper.py  [line:61 ] --> INFO  --> 启动浏览器 --> 成功
2022-07-21 20:39:05,885 --> ReadExcel.py         [line:24 ] --> INFO  --> 执行用例第2步骤：访问特斯汀电商系统
2022-07-21 20:39:05,885 --> WebDriverWrapper.py  [line:167] --> INFO  --> 访问[http://www.testingedu.com.cn:8000/Home/User/login.html]地址
2022-07-21 20:39:12,659 --> ReadExcel.py         [line:24 ] --> INFO  --> 执行用例第3步骤：输入账号
2022-07-21 20:39:12,659 --> WebDriverWrapper.py  [line:196] --> INFO  --> 以[name]方式定位[username]元素
2022-07-21 20:39:13,606 --> WebDriverWrapper.py  [line:224] --> INFO  --> 以[name]方式定位[username]元素并输入[807440781@qq.com]文本
2022-07-21 20:39:13,657 --> ReadExcel.py         [line:24 ] --> INFO  --> 执行用例第4步骤：输入错误的密码
2022-07-21 20:39:13,657 --> WebDriverWrapper.py  [line:196] --> INFO  --> 以[id]方式定位[password]元素
2022-07-21 20:39:14,590 --> WebDriverWrapper.py  [line:224] --> INFO  --> 以[id]方式定位[password]元素并输入[0000]文本
2022-07-21 20:39:14,647 --> ReadExcel.py         [line:24 ] --> INFO  --> 执行用例第5步骤：输入验证码
2022-07-21 20:39:14,648 --> WebDriverWrapper.py  [line:196] --> INFO  --> 以[id]方式定位[verify_code]元素
2022-07-21 20:39:15,567 --> WebDriverWrapper.py  [line:224] --> INFO  --> 以[id]方式定位[verify_code]元素并输入[0000]文本
2022-07-21 20:39:15,626 --> ReadExcel.py         [line:24 ] --> INFO  --> 执行用例第6步骤：点击登录按钮
2022-07-21 20:39:15,626 --> WebDriverWrapper.py  [line:196] --> INFO  --> 以[xpath]方式定位[//a[@name="sbtbutton"]]元素
2022-07-21 20:39:16,553 --> WebDriverWrapper.py  [line:234] --> INFO  --> 以[xpath]方式定位[//a[@name="sbtbutton"]]元素并点击
2022-07-21 20:39:16,630 --> ReadExcel.py         [line:24 ] --> INFO  --> 执行用例第7步骤：强制等待2秒
2022-07-21 20:39:18,688 --> ReadExcel.py         [line:24 ] --> INFO  --> 执行用例第8步骤：检查是否登录成功，存在安全退出字样
2022-07-21 20:39:18,688 --> WebDriverWrapper.py  [line:196] --> INFO  --> 以[link text]方式定位[安全退出]元素
2022-07-21 20:39:29,217 --> WebDriverWrapper.py  [line:199] --> ERROR --> 找不到元素，以[link text]方式定位[安全退出]元素定位失败！
2022-07-21 20:39:39,268 --> WebDriverWrapper.py  [line:257] --> ERROR --> Traceback (most recent call last):
  File "E:\UIAutomation\base\WebDriverWrapper.py", line 253, in assert_text
    reality = self.locator_element(name, value).text
  File "E:\UIAutomation\base\WebDriverWrapper.py", line 201, in locator_element
    element = self.driver.find_element(name, value)
  File "E:\ITWork\Python365\lib\site-packages\selenium\webdriver\remote\webdriver.py", line 978, in find_element
    'value': value})['value']
  File "E:\ITWork\Python365\lib\site-packages\selenium\webdriver\remote\webdriver.py", line 321, in execute
    self.error_handler.check_response(response)
  File "E:\ITWork\Python365\lib\site-packages\selenium\webdriver\remote\errorhandler.py", line 242, in check_response
    raise exception_class(message, screen, stacktrace)
selenium.common.exceptions.NoSuchElementException: Message: no such element: Unable to locate element: {"method":"link text","selector":"安全退出"}
  (Session info: chrome=99.0.4844.74)


2022-07-21 20:39:39,336 --> ReadExcel.py         [line:24 ] --> INFO  --> 执行用例第9步骤：登录成功后截图
2022-07-21 20:39:39,336 --> WebDriverWrapper.py  [line:238] --> INFO  --> 截图成功存放路径：[./picture/特斯汀电商系统登录成功1.png]
2022-07-21 20:39:39,660 --> ReadExcel.py         [line:20 ] --> INFO  --> ---------------baidu_search---------------
2022-07-21 20:39:39,660 --> ReadExcel.py         [line:24 ] --> INFO  --> 执行用例第1步骤：打开新的标签页
2022-07-21 20:39:39,751 --> ReadExcel.py         [line:24 ] --> INFO  --> 执行用例第2步骤：访问百度
2022-07-21 20:39:39,751 --> WebDriverWrapper.py  [line:167] --> INFO  --> 访问[http://www.baidu.com/]地址
2022-07-21 20:39:42,661 --> ReadExcel.py         [line:24 ] --> INFO  --> 执行用例第3步骤：在搜索框内输入关键词
2022-07-21 20:39:42,662 --> WebDriverWrapper.py  [line:196] --> INFO  --> 以[id]方式定位[kw]元素
2022-07-21 20:39:43,796 --> WebDriverWrapper.py  [line:224] --> INFO  --> 以[id]方式定位[kw]元素并输入[中国]文本
2022-07-21 20:39:43,875 --> ReadExcel.py         [line:24 ] --> INFO  --> 执行用例第4步骤：点击百度一下按钮
2022-07-21 20:39:43,875 --> WebDriverWrapper.py  [line:196] --> INFO  --> 以[id]方式定位[su]元素
2022-07-21 20:39:44,844 --> WebDriverWrapper.py  [line:234] --> INFO  --> 以[id]方式定位[su]元素并点击
2022-07-21 20:39:44,904 --> ReadExcel.py         [line:24 ] --> INFO  --> 执行用例第5步骤：点击登录按钮
2022-07-21 20:39:46,974 --> ReadExcel.py         [line:24 ] --> INFO  --> 执行用例第6步骤：检查搜索内容是否出现
2022-07-21 20:39:46,974 --> WebDriverWrapper.py  [line:196] --> INFO  --> 以[link text]方式定位[中华人民共和国 - 百度百科]元素
2022-07-21 20:39:57,631 --> WebDriverWrapper.py  [line:199] --> ERROR --> 找不到元素，以[link text]方式定位[中华人民共和国 - 百度百科]元素定位失败！
2022-07-21 20:40:07,733 --> WebDriverWrapper.py  [line:257] --> ERROR --> Traceback (most recent call last):
  File "E:\UIAutomation\base\WebDriverWrapper.py", line 253, in assert_text
    reality = self.locator_element(name, value).text
  File "E:\UIAutomation\base\WebDriverWrapper.py", line 201, in locator_element
    element = self.driver.find_element(name, value)
  File "E:\ITWork\Python365\lib\site-packages\selenium\webdriver\remote\webdriver.py", line 978, in find_element
    'value': value})['value']
  File "E:\ITWork\Python365\lib\site-packages\selenium\webdriver\remote\webdriver.py", line 321, in execute
    self.error_handler.check_response(response)
  File "E:\ITWork\Python365\lib\site-packages\selenium\webdriver\remote\errorhandler.py", line 242, in check_response
    raise exception_class(message, screen, stacktrace)
selenium.common.exceptions.NoSuchElementException: Message: no such element: Unable to locate element: {"method":"link text","selector":"中华人民共和国 - 百度百科"}
  (Session info: chrome=99.0.4844.74)


2022-07-21 20:40:07,780 --> ReadExcel.py         [line:24 ] --> INFO  --> 执行用例第7步骤：搜索成功后截图
2022-07-21 20:40:07,780 --> WebDriverWrapper.py  [line:238] --> INFO  --> 截图成功存放路径：[./picture/百度一下搜索中国.png]
2022-07-21 20:40:08,110 --> ReadExcel.py         [line:24 ] --> INFO  --> 执行用例第8步骤：获取当前URL
2022-07-21 20:40:08,166 --> ReadExcel.py         [line:24 ] --> INFO  --> 执行用例第9步骤：获取当前URL
2022-07-21 20:40:08,219 --> ReadExcel.py         [line:20 ] --> INFO  --> ---------------mall_shopping---------------
2022-07-21 20:40:08,219 --> ReadExcel.py         [line:24 ] --> INFO  --> 执行用例第1步骤：打开新的标签页
2022-07-21 20:40:08,315 --> ReadExcel.py         [line:24 ] --> INFO  --> 执行用例第2步骤：访问电商系统
2022-07-21 20:40:08,316 --> WebDriverWrapper.py  [line:167] --> INFO  --> 访问[http://www.testingedu.com.cn:8000/Home/User/login.html]地址
2022-07-21 20:40:08,700 --> ReadExcel.py         [line:24 ] --> INFO  --> 执行用例第3步骤：输入账号
2022-07-21 20:40:08,700 --> WebDriverWrapper.py  [line:196] --> INFO  --> 以[name]方式定位[username]元素
2022-07-21 20:40:09,653 --> WebDriverWrapper.py  [line:224] --> INFO  --> 以[name]方式定位[username]元素并输入[807440781@qq.com]文本
2022-07-21 20:40:09,701 --> ReadExcel.py         [line:24 ] --> INFO  --> 执行用例第4步骤：输入密码
2022-07-21 20:40:09,701 --> WebDriverWrapper.py  [line:196] --> INFO  --> 以[id]方式定位[password]元素
2022-07-21 20:40:10,652 --> WebDriverWrapper.py  [line:224] --> INFO  --> 以[id]方式定位[password]元素并输入[yk145312]文本
2022-07-21 20:40:10,715 --> ReadExcel.py         [line:24 ] --> INFO  --> 执行用例第5步骤：输入验证码
2022-07-21 20:40:10,715 --> WebDriverWrapper.py  [line:196] --> INFO  --> 以[id]方式定位[verify_code]元素
2022-07-21 20:40:11,648 --> WebDriverWrapper.py  [line:224] --> INFO  --> 以[id]方式定位[verify_code]元素并输入[0000]文本
2022-07-21 20:40:11,701 --> ReadExcel.py         [line:24 ] --> INFO  --> 执行用例第6步骤：点击登录按钮
2022-07-21 20:40:11,701 --> WebDriverWrapper.py  [line:196] --> INFO  --> 以[xpath]方式定位[//a[@name="sbtbutton"]]元素
2022-07-21 20:40:12,696 --> WebDriverWrapper.py  [line:234] --> INFO  --> 以[xpath]方式定位[//a[@name="sbtbutton"]]元素并点击
2022-07-21 20:40:12,749 --> ReadExcel.py         [line:24 ] --> INFO  --> 执行用例第7步骤：强制等待2秒
2022-07-21 20:40:14,852 --> ReadExcel.py         [line:24 ] --> INFO  --> 执行用例第8步骤：校验登录后是否存在退出的元素
2022-07-21 20:40:14,853 --> WebDriverWrapper.py  [line:196] --> INFO  --> 以[link text]方式定位[安全退出]元素
2022-07-21 20:40:15,894 --> ReadExcel.py         [line:24 ] --> INFO  --> 执行用例第9步骤：登录成功后截图
2022-07-21 20:40:15,894 --> WebDriverWrapper.py  [line:238] --> INFO  --> 截图成功存放路径：[./picture/特斯汀电商系统登录成功3.png]
2022-07-21 20:40:16,121 --> ReadExcel.py         [line:24 ] --> INFO  --> 执行用例第10步骤：强制等待2秒
2022-07-21 20:40:18,181 --> ReadExcel.py         [line:24 ] --> INFO  --> 执行用例第11步骤：跳转到商城首页
2022-07-21 20:40:18,181 --> WebDriverWrapper.py  [line:196] --> INFO  --> 以[link text]方式定位[返回商城首页]元素
2022-07-21 20:40:50,339 --> WebDriverWrapper.py  [line:234] --> INFO  --> 以[link text]方式定位[返回商城首页]元素并点击
2022-07-21 20:40:50,397 --> ReadExcel.py         [line:24 ] --> INFO  --> 执行用例第12步骤：强制等待2秒
2022-07-21 20:40:52,462 --> ReadExcel.py         [line:24 ] --> INFO  --> 执行用例第13步骤：鼠标悬停到手机数码控件树上
2022-07-21 20:40:52,462 --> WebDriverWrapper.py  [line:196] --> INFO  --> 以[link text]方式定位[手机数码]元素
2022-07-21 20:40:53,705 --> ReadExcel.py         [line:24 ] --> INFO  --> 执行用例第14步骤：点击上步骤展开后菜单中的手机
2022-07-21 20:40:53,705 --> WebDriverWrapper.py  [line:196] --> INFO  --> 以[xpath]方式定位[//*[@id="cata-nav"]/div[1]/div[2]/div[1]/div[2]/dl[1]/dd/a[1]]元素
2022-07-21 20:40:54,693 --> WebDriverWrapper.py  [line:234] --> INFO  --> 以[xpath]方式定位[//*[@id="cata-nav"]/div[1]/div[2]/div[1]/div[2]/dl[1]/dd/a[1]]元素并点击
2022-07-21 20:40:54,749 --> ReadExcel.py         [line:24 ] --> INFO  --> 执行用例第15步骤：跳转到新的页面
2022-07-21 20:40:54,808 --> ReadExcel.py         [line:24 ] --> INFO  --> 执行用例第16步骤：点击第一个商品
2022-07-21 20:40:54,808 --> WebDriverWrapper.py  [line:196] --> INFO  --> 以[xpath]方式定位[/html/body/div[4]/div/div[2]/div[2]/ul/li[1]/div/div[1]/a/img]元素
2022-07-21 20:40:59,999 --> WebDriverWrapper.py  [line:234] --> INFO  --> 以[xpath]方式定位[/html/body/div[4]/div/div[2]/div[2]/ul/li[1]/div/div[1]/a/img]元素并点击
2022-07-21 20:41:00,056 --> ReadExcel.py         [line:24 ] --> INFO  --> 执行用例第17步骤：强制等待2秒
2022-07-21 20:41:02,113 --> ReadExcel.py         [line:24 ] --> INFO  --> 执行用例第18步骤：选择版本：全网通4G+64G
2022-07-21 20:41:02,113 --> WebDriverWrapper.py  [line:196] --> INFO  --> 以[id]方式定位[goods_spec_a_10]元素
2022-07-21 20:41:03,026 --> WebDriverWrapper.py  [line:234] --> INFO  --> 以[id]方式定位[goods_spec_a_10]元素并点击
2022-07-21 20:41:03,087 --> ReadExcel.py         [line:24 ] --> INFO  --> 执行用例第19步骤：选择配色：铂光色
2022-07-21 20:41:03,088 --> WebDriverWrapper.py  [line:196] --> INFO  --> 以[id]方式定位[goods_spec_a_12]元素
2022-07-21 20:41:04,030 --> WebDriverWrapper.py  [line:234] --> INFO  --> 以[id]方式定位[goods_spec_a_12]元素并点击
2022-07-21 20:41:04,083 --> ReadExcel.py         [line:24 ] --> INFO  --> 执行用例第20步骤：选择套餐：套餐二
2022-07-21 20:41:04,083 --> WebDriverWrapper.py  [line:196] --> INFO  --> 以[id]方式定位[goods_spec_a_17]元素
2022-07-21 20:41:05,054 --> WebDriverWrapper.py  [line:234] --> INFO  --> 以[id]方式定位[goods_spec_a_17]元素并点击
2022-07-21 20:41:05,123 --> ReadExcel.py         [line:24 ] --> INFO  --> 执行用例第21步骤：加入购物车
2022-07-21 20:41:05,123 --> WebDriverWrapper.py  [line:196] --> INFO  --> 以[id]方式定位[join_cart]元素
2022-07-21 20:41:06,049 --> WebDriverWrapper.py  [line:234] --> INFO  --> 以[id]方式定位[join_cart]元素并点击
2022-07-21 20:41:06,104 --> ReadExcel.py         [line:24 ] --> INFO  --> 执行用例第22步骤：切入弹出frame
2022-07-21 20:41:07,239 --> WebDriverWrapper.py  [line:347] --> INFO  --> 切入[layui-layer-iframe1]Frame框架成功！
2022-07-21 20:41:07,297 --> ReadExcel.py         [line:24 ] --> INFO  --> 执行用例第23步骤：校验是否成功加入购物车
2022-07-21 20:41:07,297 --> WebDriverWrapper.py  [line:196] --> INFO  --> 以[xpath]方式定位[//span[text()="添加成功"]]元素
2022-07-21 20:41:08,245 --> ReadExcel.py         [line:24 ] --> INFO  --> 执行用例第24步骤：商品加入购物车成功截图
2022-07-21 20:41:08,246 --> WebDriverWrapper.py  [line:238] --> INFO  --> 截图成功存放路径：[./picture/商品加入购物车成功.png]
2022-07-21 20:41:08,549 --> ReadExcel.py         [line:24 ] --> INFO  --> 执行用例第25步骤：去购物车结算
2022-07-21 20:41:08,549 --> WebDriverWrapper.py  [line:196] --> INFO  --> 以[xpath]方式定位[//a[text()="去购物车结算"]]元素
2022-07-21 20:41:09,740 --> WebDriverWrapper.py  [line:234] --> INFO  --> 以[xpath]方式定位[//a[text()="去购物车结算"]]元素并点击
2022-07-21 20:41:09,837 --> ReadExcel.py         [line:24 ] --> INFO  --> 执行用例第26步骤：去结算
2022-07-21 20:41:09,838 --> WebDriverWrapper.py  [line:196] --> INFO  --> 以[xpath]方式定位[//a[text()="去结算"]]元素
2022-07-21 20:41:12,215 --> WebDriverWrapper.py  [line:234] --> INFO  --> 以[xpath]方式定位[//a[text()="去结算"]]元素并点击
2022-07-21 20:41:12,271 --> ReadExcel.py         [line:24 ] --> INFO  --> 执行用例第27步骤：下单备注留言
2022-07-21 20:41:12,271 --> WebDriverWrapper.py  [line:196] --> INFO  --> 以[xpath]方式定位[//textarea[@placeholder="最多输入50个字"]]元素
2022-07-21 20:41:13,207 --> WebDriverWrapper.py  [line:224] --> INFO  --> 以[xpath]方式定位[//textarea[@placeholder="最多输入50个字"]]元素并输入[给辉辉买个破烂手机]文本
2022-07-21 20:41:13,262 --> ReadExcel.py         [line:24 ] --> INFO  --> 执行用例第28步骤：强制等待2秒
2022-07-21 20:41:15,327 --> ReadExcel.py         [line:24 ] --> INFO  --> 执行用例第29步骤：向下滑动
2022-07-21 20:41:15,386 --> ReadExcel.py         [line:24 ] --> INFO  --> 执行用例第30步骤：提交定单
2022-07-21 20:41:15,386 --> WebDriverWrapper.py  [line:196] --> INFO  --> 以[xpath]方式定位[/html/body/div[14]/div/button]元素
2022-07-21 20:41:16,314 --> WebDriverWrapper.py  [line:234] --> INFO  --> 以[xpath]方式定位[/html/body/div[14]/div/button]元素并点击
2022-07-21 20:41:16,368 --> ReadExcel.py         [line:24 ] --> INFO  --> 执行用例第31步骤：强制等待2秒
2022-07-21 20:41:18,433 --> ReadExcel.py         [line:24 ] --> INFO  --> 执行用例第32步骤：校验订单提交是否成功
2022-07-21 20:41:18,434 --> WebDriverWrapper.py  [line:196] --> INFO  --> 以[xpath]方式定位[//h3[text()="订单提交成功，请您尽快付款！"]]元素
2022-07-21 20:41:20,158 --> ReadExcel.py         [line:24 ] --> INFO  --> 执行用例第33步骤：订单提交成功截图
2022-07-21 20:41:20,158 --> WebDriverWrapper.py  [line:238] --> INFO  --> 截图成功存放路径：[./picture/订单提交成功截图.png]
2022-07-21 20:41:20,420 --> ReadExcel.py         [line:24 ] --> INFO  --> 执行用例第34步骤：强制等待2秒
2022-07-21 20:41:22,488 --> ReadExcel.py         [line:24 ] --> INFO  --> 执行用例第35步骤：获取当前URL
2022-07-21 20:41:22,608 --> ReadExcel.py         [line:24 ] --> INFO  --> 执行用例第36步骤：获取当前标题
2022-07-21 20:41:22,688 --> ReadExcel.py         [line:20 ] --> INFO  --> ---------------iframe---------------
2022-07-21 20:41:22,688 --> ReadExcel.py         [line:24 ] --> INFO  --> 执行用例第1步骤：打开新的标签页
2022-07-21 20:41:22,778 --> ReadExcel.py         [line:24 ] --> INFO  --> 执行用例第2步骤：访问sahitest系统
2022-07-21 20:41:22,778 --> WebDriverWrapper.py  [line:167] --> INFO  --> 访问[http://sahitest.com/demo/index.htm]地址
2022-07-21 20:41:23,518 --> ReadExcel.py         [line:24 ] --> INFO  --> 执行用例第3步骤：点击IFrames Test链接
2022-07-21 20:41:23,518 --> WebDriverWrapper.py  [line:196] --> INFO  --> 以[link text]方式定位[IFrames Test]元素
2022-07-21 20:41:24,834 --> WebDriverWrapper.py  [line:234] --> INFO  --> 以[link text]方式定位[IFrames Test]元素并点击
2022-07-21 20:41:24,894 --> ReadExcel.py         [line:24 ] --> INFO  --> 执行用例第4步骤：强制等待2秒
2022-07-21 20:41:27,012 --> ReadExcel.py         [line:24 ] --> INFO  --> 执行用例第5步骤：切换到iframe框架1
2022-07-21 20:41:27,012 --> WebDriverWrapper.py  [line:196] --> INFO  --> 以[xpath]方式定位[/html/body/iframe]元素
2022-07-21 20:41:27,958 --> WebDriverWrapper.py  [line:343] --> INFO  --> 切入[<selenium.webdriver.remote.webelement.WebElement (session="33586e2e9a1e0404e047040f7d5323f0", element="b86c0997-90a3-4d1f-a29b-81c72024ad1e")>]Frame框架成功！
2022-07-21 20:41:28,082 --> ReadExcel.py         [line:24 ] --> INFO  --> 执行用例第6步骤：点击H2标题元素1
2022-07-21 20:41:28,083 --> WebDriverWrapper.py  [line:196] --> INFO  --> 以[xpath]方式定位[/html/body/h2]元素
2022-07-21 20:41:29,005 --> WebDriverWrapper.py  [line:234] --> INFO  --> 以[xpath]方式定位[/html/body/h2]元素并点击
2022-07-21 20:41:29,052 --> ReadExcel.py         [line:24 ] --> INFO  --> 执行用例第7步骤：滑动滚动条至300码数
2022-07-21 20:41:29,111 --> ReadExcel.py         [line:24 ] --> INFO  --> 执行用例第8步骤：点击Frames Test链接
2022-07-21 20:41:29,111 --> WebDriverWrapper.py  [line:196] --> INFO  --> 以[link text]方式定位[Frames Test]元素
2022-07-21 20:41:30,277 --> WebDriverWrapper.py  [line:234] --> INFO  --> 以[link text]方式定位[Frames Test]元素并点击
2022-07-21 20:41:30,324 --> ReadExcel.py         [line:24 ] --> INFO  --> 执行用例第9步骤：校验上述动作是否完成
2022-07-21 20:41:30,324 --> WebDriverWrapper.py  [line:238] --> INFO  --> 截图成功存放路径：[./picture/iframe检查截图1.png]
2022-07-21 20:41:30,605 --> ReadExcel.py         [line:24 ] --> INFO  --> 执行用例第10步骤：进入top框架
2022-07-21 20:41:40,686 --> WebDriverWrapper.py  [line:347] --> INFO  --> 切入[top]Frame框架成功！
2022-07-21 20:41:40,737 --> ReadExcel.py         [line:24 ] --> INFO  --> 执行用例第11步骤：点击top的H2
2022-07-21 20:41:40,737 --> WebDriverWrapper.py  [line:196] --> INFO  --> 以[xpath]方式定位[/html/body/h2]元素
2022-07-21 20:41:41,732 --> WebDriverWrapper.py  [line:234] --> INFO  --> 以[xpath]方式定位[/html/body/h2]元素并点击
2022-07-21 20:41:41,781 --> ReadExcel.py         [line:24 ] --> INFO  --> 执行用例第12步骤：滑动滚动条至300码数
2022-07-21 20:41:41,846 --> ReadExcel.py         [line:24 ] --> INFO  --> 执行用例第13步骤：点击Frames Test链接
2022-07-21 20:41:41,846 --> WebDriverWrapper.py  [line:196] --> INFO  --> 以[link text]方式定位[Frames Test]元素
2022-07-21 20:41:42,841 --> WebDriverWrapper.py  [line:234] --> INFO  --> 以[link text]方式定位[Frames Test]元素并点击
2022-07-21 20:41:42,890 --> ReadExcel.py         [line:24 ] --> INFO  --> 执行用例第14步骤：校验上述动作是否完成
2022-07-21 20:41:42,890 --> WebDriverWrapper.py  [line:238] --> INFO  --> 截图成功存放路径：[./picture/iframe检查截图2.png]
2022-07-21 20:41:43,146 --> ReadExcel.py         [line:24 ] --> INFO  --> 执行用例第15步骤：返回默认框架
2022-07-21 20:41:43,200 --> ReadExcel.py         [line:24 ] --> INFO  --> 执行用例第16步骤：进入bom框架
2022-07-21 20:41:43,200 --> WebDriverWrapper.py  [line:196] --> INFO  --> 以[xpath]方式定位[/html/frameset/frame[2]]元素
2022-07-21 20:41:44,124 --> WebDriverWrapper.py  [line:343] --> INFO  --> 切入[<selenium.webdriver.remote.webelement.WebElement (session="33586e2e9a1e0404e047040f7d5323f0", element="1c6df0aa-71cf-4591-a90d-917b3e308044")>]Frame框架成功！
2022-07-21 20:41:44,182 --> ReadExcel.py         [line:24 ] --> INFO  --> 执行用例第17步骤：点击bom的H2
2022-07-21 20:41:44,182 --> WebDriverWrapper.py  [line:196] --> INFO  --> 以[xpath]方式定位[/html/body/h2]元素
2022-07-21 20:41:45,139 --> WebDriverWrapper.py  [line:234] --> INFO  --> 以[xpath]方式定位[/html/body/h2]元素并点击
2022-07-21 20:41:45,196 --> ReadExcel.py         [line:24 ] --> INFO  --> 执行用例第18步骤：滑动滚动条至300码数
2022-07-21 20:41:45,255 --> ReadExcel.py         [line:24 ] --> INFO  --> 执行用例第19步骤：点击Frames Test链接
2022-07-21 20:41:45,255 --> WebDriverWrapper.py  [line:196] --> INFO  --> 以[link text]方式定位[Frames Test]元素
2022-07-21 20:41:46,266 --> WebDriverWrapper.py  [line:234] --> INFO  --> 以[link text]方式定位[Frames Test]元素并点击
2022-07-21 20:41:46,322 --> ReadExcel.py         [line:24 ] --> INFO  --> 执行用例第20步骤：校验上述动作是否完成
2022-07-21 20:41:46,323 --> WebDriverWrapper.py  [line:238] --> INFO  --> 截图成功存放路径：[./picture/iframe检查截图3.png]
2022-07-21 20:41:46,630 --> ReadExcel.py         [line:24 ] --> INFO  --> 执行用例第21步骤：返回默认框架
2022-07-21 20:41:46,707 --> ReadExcel.py         [line:24 ] --> INFO  --> 执行用例第22步骤：进入bom框架
2022-07-21 20:41:46,707 --> WebDriverWrapper.py  [line:196] --> INFO  --> 以[xpath]方式定位[//*[@id="another"]/iframe]元素
2022-07-21 20:41:47,612 --> WebDriverWrapper.py  [line:343] --> INFO  --> 切入[<selenium.webdriver.remote.webelement.WebElement (session="33586e2e9a1e0404e047040f7d5323f0", element="8d2e99d4-ed63-414a-a53c-25afafe8461f")>]Frame框架成功！
2022-07-21 20:41:47,659 --> ReadExcel.py         [line:24 ] --> INFO  --> 执行用例第23步骤：点击bom的H2
2022-07-21 20:41:47,659 --> WebDriverWrapper.py  [line:196] --> INFO  --> 以[xpath]方式定位[/html/body/h2]元素
2022-07-21 20:41:48,605 --> WebDriverWrapper.py  [line:234] --> INFO  --> 以[xpath]方式定位[/html/body/h2]元素并点击
2022-07-21 20:41:48,656 --> ReadExcel.py         [line:24 ] --> INFO  --> 执行用例第24步骤：滑动滚动条至300码数
2022-07-21 20:41:48,720 --> ReadExcel.py         [line:24 ] --> INFO  --> 执行用例第25步骤：点击Frames Test链接
2022-07-21 20:41:48,720 --> WebDriverWrapper.py  [line:196] --> INFO  --> 以[link text]方式定位[Frames Test]元素
2022-07-21 20:41:49,714 --> WebDriverWrapper.py  [line:234] --> INFO  --> 以[link text]方式定位[Frames Test]元素并点击
2022-07-21 20:41:49,769 --> ReadExcel.py         [line:24 ] --> INFO  --> 执行用例第26步骤：校验上述动作是否完成
2022-07-21 20:41:49,769 --> WebDriverWrapper.py  [line:238] --> INFO  --> 截图成功存放路径：[./picture/iframe检查截图4.png]
2022-07-21 20:41:50,137 --> ReadExcel.py         [line:20 ] --> INFO  --> ---------------Select---------------
2022-07-21 20:41:50,138 --> ReadExcel.py         [line:24 ] --> INFO  --> 执行用例第1步骤：打开新的标签页
2022-07-21 20:41:50,257 --> ReadExcel.py         [line:24 ] --> INFO  --> 执行用例第2步骤：访问sahitest系统
2022-07-21 20:41:50,257 --> WebDriverWrapper.py  [line:167] --> INFO  --> 访问[http://sahitest.com/demo/index.htm]地址
2022-07-21 20:41:50,367 --> ReadExcel.py         [line:24 ] --> INFO  --> 执行用例第3步骤：点击Select Test链接
2022-07-21 20:41:50,367 --> WebDriverWrapper.py  [line:196] --> INFO  --> 以[link text]方式定位[Select Test]元素
2022-07-21 20:44:05,022 --> WebDriverWrapper.py  [line:234] --> INFO  --> 以[link text]方式定位[Select Test]元素并点击
2022-07-21 20:44:05,092 --> ReadExcel.py         [line:24 ] --> INFO  --> 执行用例第4步骤：强制等待2秒
2022-07-21 20:44:07,216 --> ReadExcel.py         [line:24 ] --> INFO  --> 执行用例第5步骤：第一个下拉框
2022-07-21 20:44:07,217 --> WebDriverWrapper.py  [line:196] --> INFO  --> 以[xpath]方式定位[//*[@id="s1Id"]]元素
2022-07-21 20:44:08,248 --> ReadExcel.py         [line:24 ] --> INFO  --> 执行用例第6步骤：强制等待0.5秒
2022-07-21 20:44:08,820 --> ReadExcel.py         [line:24 ] --> INFO  --> 执行用例第7步骤：第二个下拉框
2022-07-21 20:44:08,820 --> WebDriverWrapper.py  [line:196] --> INFO  --> 以[xpath]方式定位[//*[@id="s2Id"]]元素
2022-07-21 20:44:09,841 --> ReadExcel.py         [line:24 ] --> INFO  --> 执行用例第8步骤：强制等待0.5秒
2022-07-21 20:44:10,412 --> ReadExcel.py         [line:24 ] --> INFO  --> 执行用例第9步骤：第三个下拉框
2022-07-21 20:44:10,412 --> WebDriverWrapper.py  [line:196] --> INFO  --> 以[xpath]方式定位[//*[@id="s3Id"]]元素
2022-07-21 20:44:11,390 --> ReadExcel.py         [line:24 ] --> INFO  --> 执行用例第10步骤：强制等待0.5秒
2022-07-21 20:44:11,968 --> ReadExcel.py         [line:24 ] --> INFO  --> 执行用例第11步骤：第四个下拉框1
2022-07-21 20:44:11,969 --> WebDriverWrapper.py  [line:196] --> INFO  --> 以[xpath]方式定位[//select[@id="s4Id"]]元素
2022-07-21 20:44:12,964 --> ReadExcel.py         [line:24 ] --> INFO  --> 执行用例第12步骤：强制等待0.5秒
2022-07-21 20:44:13,539 --> ReadExcel.py         [line:24 ] --> INFO  --> 执行用例第13步骤：第四个下拉框2
2022-07-21 20:44:13,539 --> WebDriverWrapper.py  [line:196] --> INFO  --> 以[xpath]方式定位[//select[@id="s4Id"]]元素
2022-07-21 20:44:14,560 --> ReadExcel.py         [line:24 ] --> INFO  --> 执行用例第14步骤：强制等待0.5秒
2022-07-21 20:44:15,131 --> ReadExcel.py         [line:24 ] --> INFO  --> 执行用例第15步骤：第四个下拉框3
2022-07-21 20:44:15,131 --> WebDriverWrapper.py  [line:196] --> INFO  --> 以[xpath]方式定位[//select[@id="s4Id"]]元素
2022-07-21 20:44:16,140 --> ReadExcel.py         [line:24 ] --> INFO  --> 执行用例第16步骤：强制等待0.5秒
2022-07-21 20:44:16,711 --> ReadExcel.py         [line:24 ] --> INFO  --> 执行用例第17步骤：第五个下拉框
2022-07-21 20:44:16,711 --> WebDriverWrapper.py  [line:196] --> INFO  --> 以[xpath]方式定位[//select[@id="s1"]]元素
2022-07-21 20:44:17,696 --> ReadExcel.py         [line:24 ] --> INFO  --> 执行用例第18步骤：截图存根
2022-07-21 20:44:17,697 --> WebDriverWrapper.py  [line:238] --> INFO  --> 截图成功存放路径：[./picture/select检查截图.png]
2022-07-21 20:44:17,905 --> ReadExcel.py         [line:20 ] --> INFO  --> ---------------elements---------------
2022-07-21 20:44:17,905 --> ReadExcel.py         [line:24 ] --> INFO  --> 执行用例第1步骤：打开新的标签页
2022-07-21 20:44:18,046 --> ReadExcel.py         [line:24 ] --> INFO  --> 执行用例第2步骤：访问sahitest系统
2022-07-21 20:44:18,046 --> WebDriverWrapper.py  [line:167] --> INFO  --> 访问[http://sahitest.com/demo/index.htm]地址
2022-07-21 20:44:18,216 --> ReadExcel.py         [line:24 ] --> INFO  --> 执行用例第3步骤：点击Label Page链接
2022-07-21 20:44:18,216 --> WebDriverWrapper.py  [line:196] --> INFO  --> 以[link text]方式定位[Label Page]元素
2022-07-21 20:44:19,400 --> WebDriverWrapper.py  [line:234] --> INFO  --> 以[link text]方式定位[Label Page]元素并点击
2022-07-21 20:44:19,456 --> ReadExcel.py         [line:24 ] --> INFO  --> 执行用例第4步骤：强制等待2秒
2022-07-21 20:44:21,523 --> ReadExcel.py         [line:24 ] --> INFO  --> 执行用例第5步骤：第一个下拉框
2022-07-21 20:44:21,523 --> WebDriverWrapper.py  [line:209] --> INFO  --> 以[xpath]方式定位[//input[@type="checkbox"]]一组元素
2022-07-21 20:44:22,560 --> ReadExcel.py         [line:24 ] --> INFO  --> 执行用例第6步骤：截图存根
2022-07-21 20:44:22,560 --> WebDriverWrapper.py  [line:238] --> INFO  --> 截图成功存放路径：[./picture/点击一组检查截图.png]
2022-07-21 20:44:22,914 --> ReadExcel.py         [line:20 ] --> INFO  --> ---------------alert---------------
2022-07-21 20:44:22,914 --> ReadExcel.py         [line:24 ] --> INFO  --> 执行用例第1步骤：创建Chrome浏览器
2022-07-21 20:44:22,915 --> ReadExcel.py         [line:24 ] --> INFO  --> 执行用例第2步骤：访问sahitest系统
2022-07-21 20:44:22,916 --> WebDriverWrapper.py  [line:167] --> INFO  --> 访问[http://sahitest.com/demo/index.htm]地址
2022-07-21 20:44:22,997 --> ReadExcel.py         [line:24 ] --> INFO  --> 执行用例第3步骤：点击Alert Test链接
2022-07-21 20:44:22,997 --> WebDriverWrapper.py  [line:196] --> INFO  --> 以[link text]方式定位[Alert Test]元素
2022-07-21 20:44:24,107 --> WebDriverWrapper.py  [line:234] --> INFO  --> 以[link text]方式定位[Alert Test]元素并点击
2022-07-21 20:44:24,162 --> ReadExcel.py         [line:24 ] --> INFO  --> 执行用例第4步骤：将输入框的预设值清空
2022-07-21 20:44:24,162 --> WebDriverWrapper.py  [line:196] --> INFO  --> 以[xpath]方式定位[/html/body/form/input[1]]元素
2022-07-21 20:44:25,121 --> WebDriverWrapper.py  [line:229] --> INFO  --> 以[xpath]方式定位[/html/body/form/input[1]]元素并清空
2022-07-21 20:44:25,183 --> ReadExcel.py         [line:24 ] --> INFO  --> 执行用例第5步骤：在弹出框中输入值
2022-07-21 20:44:25,183 --> WebDriverWrapper.py  [line:196] --> INFO  --> 以[xpath]方式定位[/html/body/form/input[1]]元素
2022-07-21 20:44:26,191 --> WebDriverWrapper.py  [line:224] --> INFO  --> 以[xpath]方式定位[/html/body/form/input[1]]元素并输入[测试弹框]文本
2022-07-21 20:44:26,247 --> ReadExcel.py         [line:24 ] --> INFO  --> 执行用例第6步骤：点击Click For Alert按钮
2022-07-21 20:44:26,247 --> WebDriverWrapper.py  [line:196] --> INFO  --> 以[xpath]方式定位[/html/body/form/input[2]]元素
2022-07-21 20:44:27,218 --> WebDriverWrapper.py  [line:234] --> INFO  --> 以[xpath]方式定位[/html/body/form/input[2]]元素并点击
2022-07-21 20:44:27,318 --> ReadExcel.py         [line:24 ] --> INFO  --> 执行用例第7步骤：等待2秒
2022-07-21 20:44:29,398 --> ReadExcel.py         [line:24 ] --> INFO  --> 执行用例第8步骤：检查弹出框内容
2022-07-21 20:44:30,470 --> ReadExcel.py         [line:24 ] --> INFO  --> 执行用例第9步骤：检查是否关闭
2022-07-21 20:44:30,470 --> WebDriverWrapper.py  [line:238] --> INFO  --> 截图成功存放路径：[./picture/关闭alert弹出框截图.png]
2022-07-21 20:48:00,932 --> Main.py              [line:20 ] --> INFO  --> 运行./case/testcase.xlsx测试用例
2022-07-21 20:48:00,994 --> ReadExcel.py         [line:20 ] --> INFO  --> ---------------login_failed---------------
2022-07-21 20:48:00,995 --> ReadExcel.py         [line:24 ] --> INFO  --> 执行用例第1步骤：创建Chrome浏览器
2022-07-21 20:48:02,094 --> WebDriverWrapper.py  [line:59 ] --> INFO  --> 启动浏览器 --> 成功
2022-07-21 20:48:02,095 --> ReadExcel.py         [line:24 ] --> INFO  --> 执行用例第2步骤：访问特斯汀电商系统
2022-07-21 20:48:02,095 --> WebDriverWrapper.py  [line:176] --> INFO  --> 访问[http://www.testingedu.com.cn:8000/Home/User/login.html]地址
2022-07-21 20:48:05,735 --> ReadExcel.py         [line:24 ] --> INFO  --> 执行用例第3步骤：输入账号
2022-07-21 20:48:05,736 --> WebDriverWrapper.py  [line:205] --> INFO  --> 以[name]方式定位[username]元素
2022-07-21 20:48:06,763 --> WebDriverWrapper.py  [line:233] --> INFO  --> 以[name]方式定位[username]元素并输入[807440781@qq.com]文本
2022-07-21 20:48:06,829 --> ReadExcel.py         [line:24 ] --> INFO  --> 执行用例第4步骤：输入错误的密码
2022-07-21 20:48:06,829 --> WebDriverWrapper.py  [line:205] --> INFO  --> 以[id]方式定位[password]元素
2022-07-21 20:48:07,770 --> WebDriverWrapper.py  [line:233] --> INFO  --> 以[id]方式定位[password]元素并输入[0000]文本
2022-07-21 20:48:07,828 --> ReadExcel.py         [line:24 ] --> INFO  --> 执行用例第5步骤：输入验证码
2022-07-21 20:48:07,828 --> WebDriverWrapper.py  [line:205] --> INFO  --> 以[id]方式定位[verify_code]元素
2022-07-21 20:48:08,762 --> WebDriverWrapper.py  [line:233] --> INFO  --> 以[id]方式定位[verify_code]元素并输入[0000]文本
2022-07-21 20:48:08,837 --> ReadExcel.py         [line:24 ] --> INFO  --> 执行用例第6步骤：点击登录按钮
2022-07-21 20:48:08,837 --> WebDriverWrapper.py  [line:205] --> INFO  --> 以[xpath]方式定位[//a[@name="sbtbutton"]]元素
2022-07-21 20:48:09,747 --> WebDriverWrapper.py  [line:243] --> INFO  --> 以[xpath]方式定位[//a[@name="sbtbutton"]]元素并点击
2022-07-21 20:48:09,811 --> ReadExcel.py         [line:24 ] --> INFO  --> 执行用例第7步骤：强制等待2秒
2022-07-21 20:48:11,968 --> ReadExcel.py         [line:24 ] --> INFO  --> 执行用例第8步骤：检查是否登录成功，存在安全退出字样
2022-07-21 20:48:11,968 --> WebDriverWrapper.py  [line:205] --> INFO  --> 以[link text]方式定位[安全退出]元素
2022-07-21 20:48:22,490 --> WebDriverWrapper.py  [line:208] --> ERROR --> 找不到元素，以[link text]方式定位[安全退出]元素定位失败！
2022-07-21 20:48:32,556 --> WebDriverWrapper.py  [line:266] --> ERROR --> Traceback (most recent call last):
  File "E:\UIAutomation\base\WebDriverWrapper.py", line 262, in assert_text
    reality = self.locator_element(name, value).text
  File "E:\UIAutomation\base\WebDriverWrapper.py", line 210, in locator_element
    element = self.driver.find_element(name, value)
  File "E:\ITWork\Python365\lib\site-packages\selenium\webdriver\remote\webdriver.py", line 978, in find_element
    'value': value})['value']
  File "E:\ITWork\Python365\lib\site-packages\selenium\webdriver\remote\webdriver.py", line 321, in execute
    self.error_handler.check_response(response)
  File "E:\ITWork\Python365\lib\site-packages\selenium\webdriver\remote\errorhandler.py", line 242, in check_response
    raise exception_class(message, screen, stacktrace)
selenium.common.exceptions.NoSuchElementException: Message: no such element: Unable to locate element: {"method":"link text","selector":"安全退出"}
  (Session info: chrome=99.0.4844.74)


2022-07-21 20:48:32,631 --> ReadExcel.py         [line:24 ] --> INFO  --> 执行用例第9步骤：登录成功后截图
2022-07-21 20:48:32,631 --> WebDriverWrapper.py  [line:247] --> INFO  --> 截图成功存放路径：[./picture/特斯汀电商系统登录成功1.png]
2022-07-21 20:48:32,959 --> ReadExcel.py         [line:20 ] --> INFO  --> ---------------baidu_search---------------
2022-07-21 20:48:32,959 --> ReadExcel.py         [line:24 ] --> INFO  --> 执行用例第1步骤：打开新的标签页
2022-07-21 20:48:33,051 --> ReadExcel.py         [line:24 ] --> INFO  --> 执行用例第2步骤：访问百度
2022-07-21 20:48:33,051 --> WebDriverWrapper.py  [line:176] --> INFO  --> 访问[http://www.baidu.com/]地址
2022-07-21 20:48:36,698 --> ReadExcel.py         [line:24 ] --> INFO  --> 执行用例第3步骤：在搜索框内输入关键词
2022-07-21 20:48:36,698 --> WebDriverWrapper.py  [line:205] --> INFO  --> 以[id]方式定位[kw]元素
2022-07-21 20:48:37,866 --> WebDriverWrapper.py  [line:233] --> INFO  --> 以[id]方式定位[kw]元素并输入[中国]文本
2022-07-21 20:48:37,924 --> ReadExcel.py         [line:24 ] --> INFO  --> 执行用例第4步骤：点击百度一下按钮
2022-07-21 20:48:37,925 --> WebDriverWrapper.py  [line:205] --> INFO  --> 以[id]方式定位[su]元素
2022-07-21 20:48:38,877 --> WebDriverWrapper.py  [line:243] --> INFO  --> 以[id]方式定位[su]元素并点击
2022-07-21 20:48:38,926 --> ReadExcel.py         [line:24 ] --> INFO  --> 执行用例第5步骤：点击登录按钮
2022-07-21 20:48:40,979 --> ReadExcel.py         [line:24 ] --> INFO  --> 执行用例第6步骤：检查搜索内容是否出现
2022-07-21 20:48:40,979 --> WebDriverWrapper.py  [line:205] --> INFO  --> 以[link text]方式定位[中华人民共和国 - 百度百科]元素
2022-07-21 20:48:42,188 --> ReadExcel.py         [line:24 ] --> INFO  --> 执行用例第7步骤：搜索成功后截图
2022-07-21 20:48:42,188 --> WebDriverWrapper.py  [line:247] --> INFO  --> 截图成功存放路径：[./picture/百度一下搜索中国.png]
2022-07-21 20:48:42,499 --> ReadExcel.py         [line:24 ] --> INFO  --> 执行用例第8步骤：获取当前URL
2022-07-21 20:48:42,557 --> ReadExcel.py         [line:24 ] --> INFO  --> 执行用例第9步骤：获取当前URL
2022-07-21 20:48:42,614 --> ReadExcel.py         [line:20 ] --> INFO  --> ---------------mall_shopping---------------
2022-07-21 20:48:42,614 --> ReadExcel.py         [line:24 ] --> INFO  --> 执行用例第1步骤：打开新的标签页
2022-07-21 20:48:42,720 --> ReadExcel.py         [line:24 ] --> INFO  --> 执行用例第2步骤：访问电商系统
2022-07-21 20:48:42,721 --> WebDriverWrapper.py  [line:176] --> INFO  --> 访问[http://www.testingedu.com.cn:8000/Home/User/login.html]地址
2022-07-21 22:44:20,636 --> Main.py              [line:20 ] --> INFO  --> 运行./case/testcase.xlsx测试用例
2022-07-21 22:44:20,676 --> ReadExcel.py         [line:20 ] --> INFO  --> ---------------login_failed---------------
2022-07-21 22:44:20,677 --> ReadExcel.py         [line:24 ] --> INFO  --> 执行用例第1步骤：创建Chrome浏览器
2022-07-21 22:44:21,888 --> WebDriverWrapper.py  [line:58 ] --> INFO  --> 启动浏览器 --> 成功
2022-07-21 22:44:21,889 --> ReadExcel.py         [line:24 ] --> INFO  --> 执行用例第2步骤：访问特斯汀电商系统
2022-07-21 22:44:21,889 --> WebDriverWrapper.py  [line:180] --> INFO  --> webdriver对象：访问[http://www.testingedu.com.cn:8000/Home/User/login.html]地址!
2022-07-21 22:44:25,776 --> ReadExcel.py         [line:24 ] --> INFO  --> 执行用例第3步骤：输入账号
2022-07-21 22:44:25,776 --> WebDriverWrapper.py  [line:213] --> INFO  --> webdriver对象：以[name]方式定位[username]元素!
2022-07-21 22:44:26,789 --> WebDriverWrapper.py  [line:248] --> INFO  --> webdriver对象：以[name]方式定位[username]元素并输入[807440781@qq.com]文本!
2022-07-21 22:44:26,818 --> ReadExcel.py         [line:24 ] --> INFO  --> 执行用例第4步骤：输入错误的密码
2022-07-21 22:44:26,819 --> WebDriverWrapper.py  [line:213] --> INFO  --> webdriver对象：以[id]方式定位[password]元素!
2022-07-21 22:44:27,760 --> WebDriverWrapper.py  [line:248] --> INFO  --> webdriver对象：以[id]方式定位[password]元素并输入[0000]文本!
2022-07-21 22:44:27,785 --> ReadExcel.py         [line:24 ] --> INFO  --> 执行用例第5步骤：输入验证码
2022-07-21 22:44:27,785 --> WebDriverWrapper.py  [line:213] --> INFO  --> webdriver对象：以[id]方式定位[verify_code]元素!
2022-07-21 22:44:28,728 --> WebDriverWrapper.py  [line:248] --> INFO  --> webdriver对象：以[id]方式定位[verify_code]元素并输入[0000]文本!
2022-07-21 22:44:28,755 --> ReadExcel.py         [line:24 ] --> INFO  --> 执行用例第6步骤：点击登录按钮
2022-07-21 22:44:28,755 --> WebDriverWrapper.py  [line:213] --> INFO  --> webdriver对象：以[xpath]方式定位[//a[@name="sbtbutton"]]元素!
2022-07-21 22:44:29,645 --> WebDriverWrapper.py  [line:268] --> INFO  --> webdriver对象：以[xpath]方式定位[//a[@name="sbtbutton"]]元素并点击!
2022-07-21 22:44:29,680 --> ReadExcel.py         [line:24 ] --> INFO  --> 执行用例第7步骤：强制等待2秒
2022-07-21 22:44:29,682 --> ReadExcel.py         [line:46 ] --> ERROR --> Traceback (most recent call last):
  File "E:\UIAutomation\common\ReadExcel.py", line 44, in excel_ruuner
    actions(excel, sheet, path, values, data, driver)
  File "E:\UIAutomation\biz\PageAction.py", line 51, in actions
    getattr(driver, values[1])(**data)
  File "E:\UIAutomation\base\WebDriverWrapper.py", line 91, in __getattr__
    return getattr(self.browser_driver, item)
  File "E:\UIAutomation\base\WebDriverWrapper.py", line 91, in __getattr__
    return getattr(self.browser_driver, item)
  File "E:\UIAutomation\base\WebDriverWrapper.py", line 91, in __getattr__
    return getattr(self.browser_driver, item)
  [Previous line repeated 328 more times]
RecursionError: maximum recursion depth exceeded while calling a Python object

2022-07-21 22:44:29,685 --> ReadExcel.py         [line:51 ] --> ERROR --> Traceback (most recent call last):
  File "E:\UIAutomation\common\ReadExcel.py", line 44, in excel_ruuner
    actions(excel, sheet, path, values, data, driver)
  File "E:\UIAutomation\biz\PageAction.py", line 51, in actions
    getattr(driver, values[1])(**data)
  File "E:\UIAutomation\base\WebDriverWrapper.py", line 91, in __getattr__
    return getattr(self.browser_driver, item)
  File "E:\UIAutomation\base\WebDriverWrapper.py", line 91, in __getattr__
    return getattr(self.browser_driver, item)
  File "E:\UIAutomation\base\WebDriverWrapper.py", line 91, in __getattr__
    return getattr(self.browser_driver, item)
  [Previous line repeated 328 more times]
RecursionError: maximum recursion depth exceeded while calling a Python object

During handling of the above exception, another exception occurred:

Traceback (most recent call last):
  File "E:\UIAutomation\common\ReadExcel.py", line 48, in excel_ruuner
    action_failed(excel, sheet, path, values, sheetName,driver)
  File "E:\UIAutomation\biz\PageAction.py", line 72, in action_failed
    driver.screenshot_img(errStepPic)
  File "E:\UIAutomation\base\WebDriverWrapper.py", line 91, in __getattr__
    return getattr(self.browser_driver, item)
  File "E:\UIAutomation\base\WebDriverWrapper.py", line 91, in __getattr__
    return getattr(self.browser_driver, item)
  File "E:\UIAutomation\base\WebDriverWrapper.py", line 91, in __getattr__
    return getattr(self.browser_driver, item)
  [Previous line repeated 328 more times]
RecursionError: maximum recursion depth exceeded while calling a Python object

2022-07-21 22:46:47,518 --> Main.py              [line:20 ] --> INFO  --> 运行./case/testcase.xlsx测试用例
2022-07-21 22:46:47,557 --> ReadExcel.py         [line:20 ] --> INFO  --> ---------------login_failed---------------
2022-07-21 22:46:47,557 --> ReadExcel.py         [line:24 ] --> INFO  --> 执行用例第1步骤：创建Chrome浏览器
2022-07-21 22:46:48,721 --> WebDriverWrapper.py  [line:58 ] --> INFO  --> 启动浏览器 --> 成功
2022-07-21 22:46:48,723 --> ReadExcel.py         [line:24 ] --> INFO  --> 执行用例第2步骤：访问特斯汀电商系统
2022-07-21 22:46:48,723 --> WebDriverWrapper.py  [line:180] --> INFO  --> webdriver对象：访问[http://www.testingedu.com.cn:8000/Home/User/login.html]地址!
2022-07-21 22:46:52,866 --> ReadExcel.py         [line:24 ] --> INFO  --> 执行用例第3步骤：输入账号
2022-07-21 22:46:52,866 --> WebDriverWrapper.py  [line:213] --> INFO  --> webdriver对象：以[name]方式定位[username]元素!
2022-07-21 22:46:53,852 --> WebDriverWrapper.py  [line:248] --> INFO  --> webdriver对象：以[name]方式定位[username]元素并输入[807440781@qq.com]文本!
2022-07-21 22:46:53,884 --> ReadExcel.py         [line:24 ] --> INFO  --> 执行用例第4步骤：输入错误的密码
2022-07-21 22:46:53,885 --> WebDriverWrapper.py  [line:213] --> INFO  --> webdriver对象：以[id]方式定位[password]元素!
2022-07-21 22:46:54,822 --> WebDriverWrapper.py  [line:248] --> INFO  --> webdriver对象：以[id]方式定位[password]元素并输入[0000]文本!
2022-07-21 22:46:54,846 --> ReadExcel.py         [line:24 ] --> INFO  --> 执行用例第5步骤：输入验证码
2022-07-21 22:46:54,846 --> WebDriverWrapper.py  [line:213] --> INFO  --> webdriver对象：以[id]方式定位[verify_code]元素!
2022-07-21 22:46:55,764 --> WebDriverWrapper.py  [line:248] --> INFO  --> webdriver对象：以[id]方式定位[verify_code]元素并输入[0000]文本!
2022-07-21 22:46:55,790 --> ReadExcel.py         [line:24 ] --> INFO  --> 执行用例第6步骤：点击登录按钮
2022-07-21 22:46:55,790 --> WebDriverWrapper.py  [line:213] --> INFO  --> webdriver对象：以[xpath]方式定位[//a[@name="sbtbutton"]]元素!
2022-07-21 22:46:56,691 --> WebDriverWrapper.py  [line:268] --> INFO  --> webdriver对象：以[xpath]方式定位[//a[@name="sbtbutton"]]元素并点击!
2022-07-21 22:46:56,716 --> ReadExcel.py         [line:24 ] --> INFO  --> 执行用例第7步骤：强制等待2秒
2022-07-21 22:46:58,746 --> ReadExcel.py         [line:24 ] --> INFO  --> 执行用例第8步骤：检查是否登录成功，存在安全退出字样
2022-07-21 22:46:58,746 --> WebDriverWrapper.py  [line:213] --> INFO  --> webdriver对象：以[link text]方式定位[安全退出]元素!
2022-07-21 22:47:09,268 --> WebDriverWrapper.py  [line:216] --> INFO  --> webdriver对象：找不到元素，以[link text]方式定位[安全退出]元素定位失败!
2022-07-21 22:47:19,322 --> WebDriverWrapper.py  [line:350] --> ERROR --> Traceback (most recent call last):
  File "E:\UIAutomation\base\WebDriverWrapper.py", line 346, in assert_text
    reality = self.locator_element(name, value).text
  File "E:\UIAutomation\base\WebDriverWrapper.py", line 218, in locator_element
    element = self.driver.find_element(name, value)
  File "E:\ITWork\Python365\lib\site-packages\selenium\webdriver\remote\webdriver.py", line 978, in find_element
    'value': value})['value']
  File "E:\ITWork\Python365\lib\site-packages\selenium\webdriver\remote\webdriver.py", line 321, in execute
    self.error_handler.check_response(response)
  File "E:\ITWork\Python365\lib\site-packages\selenium\webdriver\remote\errorhandler.py", line 242, in check_response
    raise exception_class(message, screen, stacktrace)
selenium.common.exceptions.NoSuchElementException: Message: no such element: Unable to locate element: {"method":"link text","selector":"安全退出"}
  (Session info: chrome=99.0.4844.74)


2022-07-21 22:47:19,353 --> ReadExcel.py         [line:24 ] --> INFO  --> 执行用例第9步骤：登录成功后截图
2022-07-21 22:47:19,353 --> WebDriverWrapper.py  [line:276] --> INFO  --> webdriver对象：截图成功，存放路径：[./picture/特斯汀电商系统登录成功1.png]!
2022-07-21 22:47:19,672 --> ReadExcel.py         [line:20 ] --> INFO  --> ---------------Select---------------
2022-07-21 22:47:19,672 --> ReadExcel.py         [line:24 ] --> INFO  --> 执行用例第1步骤：打开新的标签页
2022-07-21 22:47:19,674 --> ReadExcel.py         [line:46 ] --> ERROR --> Traceback (most recent call last):
  File "E:\UIAutomation\common\ReadExcel.py", line 44, in excel_ruuner
    actions(excel, sheet, path, values, data, driver)
  File "E:\UIAutomation\biz\PageAction.py", line 51, in actions
    getattr(driver, values[1])(**data)
  File "E:\UIAutomation\base\WebDriverWrapper.py", line 91, in __getattr__
    return getattr(self.browser_driver, item)
  File "E:\UIAutomation\base\WebDriverWrapper.py", line 91, in __getattr__
    return getattr(self.browser_driver, item)
  File "E:\UIAutomation\base\WebDriverWrapper.py", line 91, in __getattr__
    return getattr(self.browser_driver, item)
  [Previous line repeated 328 more times]
RecursionError: maximum recursion depth exceeded while calling a Python object

2022-07-21 22:47:19,679 --> ReadExcel.py         [line:51 ] --> ERROR --> Traceback (most recent call last):
  File "E:\UIAutomation\common\ReadExcel.py", line 44, in excel_ruuner
    actions(excel, sheet, path, values, data, driver)
  File "E:\UIAutomation\biz\PageAction.py", line 51, in actions
    getattr(driver, values[1])(**data)
  File "E:\UIAutomation\base\WebDriverWrapper.py", line 91, in __getattr__
    return getattr(self.browser_driver, item)
  File "E:\UIAutomation\base\WebDriverWrapper.py", line 91, in __getattr__
    return getattr(self.browser_driver, item)
  File "E:\UIAutomation\base\WebDriverWrapper.py", line 91, in __getattr__
    return getattr(self.browser_driver, item)
  [Previous line repeated 328 more times]
RecursionError: maximum recursion depth exceeded while calling a Python object

During handling of the above exception, another exception occurred:

Traceback (most recent call last):
  File "E:\UIAutomation\common\ReadExcel.py", line 48, in excel_ruuner
    action_failed(excel, sheet, path, values, sheetName,driver)
  File "E:\UIAutomation\biz\PageAction.py", line 72, in action_failed
    driver.screenshot_img(errStepPic)
  File "E:\UIAutomation\base\WebDriverWrapper.py", line 91, in __getattr__
    return getattr(self.browser_driver, item)
  File "E:\UIAutomation\base\WebDriverWrapper.py", line 91, in __getattr__
    return getattr(self.browser_driver, item)
  File "E:\UIAutomation\base\WebDriverWrapper.py", line 91, in __getattr__
    return getattr(self.browser_driver, item)
  [Previous line repeated 328 more times]
RecursionError: maximum recursion depth exceeded while calling a Python object

2022-07-21 22:52:22,092 --> Main.py              [line:20 ] --> INFO  --> 运行./case/testcase.xlsx测试用例
2022-07-21 22:52:22,133 --> ReadExcel.py         [line:20 ] --> INFO  --> ---------------login_failed---------------
2022-07-21 22:52:22,133 --> ReadExcel.py         [line:24 ] --> INFO  --> 执行用例第1步骤：创建Chrome浏览器
2022-07-21 22:52:23,380 --> WebDriverWrapper.py  [line:58 ] --> INFO  --> 启动浏览器 --> 成功
2022-07-21 22:52:23,381 --> ReadExcel.py         [line:24 ] --> INFO  --> 执行用例第2步骤：访问特斯汀电商系统
2022-07-21 22:52:23,381 --> WebDriverWrapper.py  [line:180] --> INFO  --> webdriver对象：访问[http://www.testingedu.com.cn:8000/Home/User/login.html]地址!
2022-07-21 22:52:26,779 --> ReadExcel.py         [line:24 ] --> INFO  --> 执行用例第3步骤：输入账号
2022-07-21 22:52:26,780 --> WebDriverWrapper.py  [line:213] --> INFO  --> webdriver对象：以[name]方式定位[username]元素!
2022-07-21 22:52:27,801 --> WebDriverWrapper.py  [line:248] --> INFO  --> webdriver对象：以[name]方式定位[username]元素并输入[807440781@qq.com]文本!
2022-07-21 22:52:27,825 --> ReadExcel.py         [line:24 ] --> INFO  --> 执行用例第4步骤：输入错误的密码
2022-07-21 22:52:27,825 --> WebDriverWrapper.py  [line:213] --> INFO  --> webdriver对象：以[id]方式定位[password]元素!
2022-07-21 22:52:28,767 --> WebDriverWrapper.py  [line:248] --> INFO  --> webdriver对象：以[id]方式定位[password]元素并输入[0000]文本!
2022-07-21 22:52:28,791 --> ReadExcel.py         [line:24 ] --> INFO  --> 执行用例第5步骤：输入验证码
2022-07-21 22:52:28,791 --> WebDriverWrapper.py  [line:213] --> INFO  --> webdriver对象：以[id]方式定位[verify_code]元素!
2022-07-21 22:52:29,715 --> WebDriverWrapper.py  [line:248] --> INFO  --> webdriver对象：以[id]方式定位[verify_code]元素并输入[0000]文本!
2022-07-21 22:52:29,743 --> ReadExcel.py         [line:24 ] --> INFO  --> 执行用例第6步骤：点击登录按钮
2022-07-21 22:52:29,743 --> WebDriverWrapper.py  [line:213] --> INFO  --> webdriver对象：以[xpath]方式定位[//a[@name="sbtbutton"]]元素!
2022-07-21 22:52:30,626 --> WebDriverWrapper.py  [line:268] --> INFO  --> webdriver对象：以[xpath]方式定位[//a[@name="sbtbutton"]]元素并点击!
2022-07-21 22:52:30,651 --> ReadExcel.py         [line:24 ] --> INFO  --> 执行用例第7步骤：强制等待2秒
2022-07-21 22:52:32,690 --> ReadExcel.py         [line:24 ] --> INFO  --> 执行用例第8步骤：检查是否登录成功，存在安全退出字样
2022-07-21 22:52:32,690 --> WebDriverWrapper.py  [line:213] --> INFO  --> webdriver对象：以[link text]方式定位[安全退出]元素!
2022-07-21 22:52:43,247 --> WebDriverWrapper.py  [line:216] --> INFO  --> webdriver对象：找不到元素，以[link text]方式定位[安全退出]元素定位失败!
2022-07-21 22:52:53,279 --> WebDriverWrapper.py  [line:350] --> ERROR --> Traceback (most recent call last):
  File "E:\UIAutomation\base\WebDriverWrapper.py", line 346, in assert_text
    reality = self.locator_element(name, value).text
  File "E:\UIAutomation\base\WebDriverWrapper.py", line 218, in locator_element
    element = self.driver.find_element(name, value)
  File "E:\ITWork\Python365\lib\site-packages\selenium\webdriver\remote\webdriver.py", line 978, in find_element
    'value': value})['value']
  File "E:\ITWork\Python365\lib\site-packages\selenium\webdriver\remote\webdriver.py", line 321, in execute
    self.error_handler.check_response(response)
  File "E:\ITWork\Python365\lib\site-packages\selenium\webdriver\remote\errorhandler.py", line 242, in check_response
    raise exception_class(message, screen, stacktrace)
selenium.common.exceptions.NoSuchElementException: Message: no such element: Unable to locate element: {"method":"link text","selector":"安全退出"}
  (Session info: chrome=99.0.4844.74)


2022-07-21 22:52:53,303 --> ReadExcel.py         [line:24 ] --> INFO  --> 执行用例第9步骤：登录成功后截图
2022-07-21 22:52:53,303 --> WebDriverWrapper.py  [line:276] --> INFO  --> webdriver对象：截图成功，存放路径：[./picture/特斯汀电商系统登录成功1.png]!
2022-07-21 22:52:53,611 --> ReadExcel.py         [line:20 ] --> INFO  --> ---------------Select---------------
2022-07-21 22:52:53,611 --> ReadExcel.py         [line:24 ] --> INFO  --> 执行用例第1步骤：打开新的标签页
2022-07-21 22:52:53,613 --> ReadExcel.py         [line:46 ] --> ERROR --> Traceback (most recent call last):
  File "E:\UIAutomation\common\ReadExcel.py", line 44, in excel_ruuner
    actions(excel, sheet, path, values, data, driver)
  File "E:\UIAutomation\biz\PageAction.py", line 51, in actions
    getattr(driver, values[1])(**data)
  File "E:\UIAutomation\base\WebDriverWrapper.py", line 91, in __getattr__
    return getattr(self.browser_driver, item)
  File "E:\UIAutomation\base\WebDriverWrapper.py", line 91, in __getattr__
    return getattr(self.browser_driver, item)
  File "E:\UIAutomation\base\WebDriverWrapper.py", line 91, in __getattr__
    return getattr(self.browser_driver, item)
  [Previous line repeated 328 more times]
RecursionError: maximum recursion depth exceeded while calling a Python object

2022-07-21 22:52:53,617 --> WebDriverWrapper.py  [line:276] --> INFO  --> webdriver对象：截图成功，存放路径：[./picture/Select_1_1658415173.png]!
2022-07-21 22:54:21,024 --> Main.py              [line:20 ] --> INFO  --> 运行./case/testcase.xlsx测试用例
2022-07-21 22:54:21,064 --> ReadExcel.py         [line:20 ] --> INFO  --> ---------------login_failed---------------
2022-07-21 22:54:21,064 --> ReadExcel.py         [line:24 ] --> INFO  --> 执行用例第1步骤：创建Chrome浏览器
2022-07-21 22:54:22,212 --> WebDriverWrapper.py  [line:58 ] --> INFO  --> 启动浏览器 --> 成功
2022-07-21 22:54:22,213 --> ReadExcel.py         [line:24 ] --> INFO  --> 执行用例第2步骤：访问特斯汀电商系统
2022-07-21 22:54:22,213 --> WebDriverWrapper.py  [line:180] --> INFO  --> webdriver对象：访问[http://www.testingedu.com.cn:8000/Home/User/login.html]地址!
2022-07-21 22:54:25,786 --> ReadExcel.py         [line:24 ] --> INFO  --> 执行用例第3步骤：输入账号
2022-07-21 22:54:25,786 --> WebDriverWrapper.py  [line:213] --> INFO  --> webdriver对象：以[name]方式定位[username]元素!
2022-07-21 22:54:26,796 --> WebDriverWrapper.py  [line:248] --> INFO  --> webdriver对象：以[name]方式定位[username]元素并输入[807440781@qq.com]文本!
2022-07-21 22:54:26,821 --> ReadExcel.py         [line:24 ] --> INFO  --> 执行用例第4步骤：输入错误的密码
2022-07-21 22:54:26,821 --> WebDriverWrapper.py  [line:213] --> INFO  --> webdriver对象：以[id]方式定位[password]元素!
2022-07-21 22:54:27,767 --> WebDriverWrapper.py  [line:248] --> INFO  --> webdriver对象：以[id]方式定位[password]元素并输入[0000]文本!
2022-07-21 22:54:27,795 --> ReadExcel.py         [line:24 ] --> INFO  --> 执行用例第5步骤：输入验证码
2022-07-21 22:54:27,795 --> WebDriverWrapper.py  [line:213] --> INFO  --> webdriver对象：以[id]方式定位[verify_code]元素!
2022-07-21 22:54:28,712 --> WebDriverWrapper.py  [line:248] --> INFO  --> webdriver对象：以[id]方式定位[verify_code]元素并输入[0000]文本!
2022-07-21 22:54:28,739 --> ReadExcel.py         [line:24 ] --> INFO  --> 执行用例第6步骤：点击登录按钮
2022-07-21 22:54:28,740 --> WebDriverWrapper.py  [line:213] --> INFO  --> webdriver对象：以[xpath]方式定位[//a[@name="sbtbutton"]]元素!
2022-07-21 22:54:29,650 --> WebDriverWrapper.py  [line:268] --> INFO  --> webdriver对象：以[xpath]方式定位[//a[@name="sbtbutton"]]元素并点击!
2022-07-21 22:54:29,676 --> ReadExcel.py         [line:24 ] --> INFO  --> 执行用例第7步骤：强制等待2秒
2022-07-21 22:54:31,705 --> ReadExcel.py         [line:24 ] --> INFO  --> 执行用例第8步骤：检查是否登录成功，存在安全退出字样
2022-07-21 22:54:31,705 --> WebDriverWrapper.py  [line:213] --> INFO  --> webdriver对象：以[link text]方式定位[安全退出]元素!
2022-07-21 22:54:42,311 --> WebDriverWrapper.py  [line:216] --> INFO  --> webdriver对象：找不到元素，以[link text]方式定位[安全退出]元素定位失败!
2022-07-21 22:54:52,395 --> WebDriverWrapper.py  [line:350] --> ERROR --> Traceback (most recent call last):
  File "E:\UIAutomation\base\WebDriverWrapper.py", line 346, in assert_text
    reality = self.locator_element(name, value).text
  File "E:\UIAutomation\base\WebDriverWrapper.py", line 218, in locator_element
    element = self.driver.find_element(name, value)
  File "E:\ITWork\Python365\lib\site-packages\selenium\webdriver\remote\webdriver.py", line 978, in find_element
    'value': value})['value']
  File "E:\ITWork\Python365\lib\site-packages\selenium\webdriver\remote\webdriver.py", line 321, in execute
    self.error_handler.check_response(response)
  File "E:\ITWork\Python365\lib\site-packages\selenium\webdriver\remote\errorhandler.py", line 242, in check_response
    raise exception_class(message, screen, stacktrace)
selenium.common.exceptions.NoSuchElementException: Message: no such element: Unable to locate element: {"method":"link text","selector":"安全退出"}
  (Session info: chrome=99.0.4844.74)


2022-07-21 22:54:52,430 --> ReadExcel.py         [line:24 ] --> INFO  --> 执行用例第9步骤：登录成功后截图
2022-07-21 22:54:52,430 --> WebDriverWrapper.py  [line:276] --> INFO  --> webdriver对象：截图成功，存放路径：[./picture/特斯汀电商系统登录成功1.png]!
2022-07-21 22:54:52,754 --> ReadExcel.py         [line:20 ] --> INFO  --> ---------------Select---------------
2022-07-21 22:54:52,754 --> ReadExcel.py         [line:24 ] --> INFO  --> 执行用例第1步骤：打开新的标签页
2022-07-21 22:54:52,822 --> ReadExcel.py         [line:24 ] --> INFO  --> 执行用例第2步骤：访问sahitest系统
2022-07-21 22:54:52,823 --> WebDriverWrapper.py  [line:180] --> INFO  --> webdriver对象：访问[http://sahitest.com/demo/index.htm]地址!
2022-07-21 22:54:54,478 --> ReadExcel.py         [line:24 ] --> INFO  --> 执行用例第3步骤：点击Select Test链接
2022-07-21 22:54:54,479 --> WebDriverWrapper.py  [line:213] --> INFO  --> webdriver对象：以[link text]方式定位[Select Test]元素!
2022-07-21 22:54:55,644 --> WebDriverWrapper.py  [line:268] --> INFO  --> webdriver对象：以[link text]方式定位[Select Test]元素并点击!
2022-07-21 22:54:55,671 --> ReadExcel.py         [line:24 ] --> INFO  --> 执行用例第4步骤：强制等待2秒
2022-07-21 22:54:57,745 --> ReadExcel.py         [line:24 ] --> INFO  --> 执行用例第5步骤：第一个下拉框
2022-07-21 22:54:57,746 --> WebDriverWrapper.py  [line:213] --> INFO  --> webdriver对象：以[xpath]方式定位[//*[@id="s1Id"]]元素!
2022-07-21 22:54:58,755 --> ReadExcel.py         [line:24 ] --> INFO  --> 执行用例第6步骤：强制等待0.5秒
2022-07-21 22:54:59,326 --> ReadExcel.py         [line:24 ] --> INFO  --> 执行用例第7步骤：第二个下拉框
2022-07-21 22:54:59,326 --> WebDriverWrapper.py  [line:213] --> INFO  --> webdriver对象：以[xpath]方式定位[//*[@id="s2Id"]]元素!
2022-07-21 22:55:00,308 --> ReadExcel.py         [line:24 ] --> INFO  --> 执行用例第8步骤：强制等待0.5秒
2022-07-21 22:55:00,868 --> ReadExcel.py         [line:24 ] --> INFO  --> 执行用例第9步骤：第三个下拉框
2022-07-21 22:55:00,869 --> WebDriverWrapper.py  [line:213] --> INFO  --> webdriver对象：以[xpath]方式定位[//*[@id="s3Id"]]元素!
2022-07-21 22:55:01,871 --> ReadExcel.py         [line:24 ] --> INFO  --> 执行用例第10步骤：强制等待0.5秒
2022-07-21 22:55:02,418 --> ReadExcel.py         [line:24 ] --> INFO  --> 执行用例第11步骤：第四个下拉框1
2022-07-21 22:55:02,418 --> WebDriverWrapper.py  [line:213] --> INFO  --> webdriver对象：以[xpath]方式定位[//select[@id="s4Id"]]元素!
2022-07-21 22:55:03,414 --> ReadExcel.py         [line:24 ] --> INFO  --> 执行用例第12步骤：强制等待0.5秒
2022-07-21 22:55:03,943 --> ReadExcel.py         [line:24 ] --> INFO  --> 执行用例第13步骤：第四个下拉框2
2022-07-21 22:55:03,943 --> WebDriverWrapper.py  [line:213] --> INFO  --> webdriver对象：以[xpath]方式定位[//select[@id="s4Id"]]元素!
2022-07-21 22:55:04,963 --> ReadExcel.py         [line:24 ] --> INFO  --> 执行用例第14步骤：强制等待0.5秒
2022-07-21 22:55:05,493 --> ReadExcel.py         [line:24 ] --> INFO  --> 执行用例第15步骤：第四个下拉框3
2022-07-21 22:55:05,493 --> WebDriverWrapper.py  [line:213] --> INFO  --> webdriver对象：以[xpath]方式定位[//select[@id="s4Id"]]元素!
2022-07-21 22:55:06,502 --> ReadExcel.py         [line:24 ] --> INFO  --> 执行用例第16步骤：强制等待0.5秒
2022-07-21 22:55:07,062 --> ReadExcel.py         [line:24 ] --> INFO  --> 执行用例第17步骤：第五个下拉框
2022-07-21 22:55:07,063 --> WebDriverWrapper.py  [line:213] --> INFO  --> webdriver对象：以[xpath]方式定位[//select[@id="s1"]]元素!
2022-07-21 22:55:08,050 --> ReadExcel.py         [line:24 ] --> INFO  --> 执行用例第18步骤：截图存根
2022-07-21 22:55:08,051 --> WebDriverWrapper.py  [line:276] --> INFO  --> webdriver对象：截图成功，存放路径：[./picture/select检查截图.png]!
