2022-07-14 22:07:13,955 --> Main.py              [line:20] --> INFO --> 运行./case/testcase.xlsx测试用例
2022-07-14 22:07:13,989 --> ReadExcel.py         [line:22] --> INFO --> ---------------Sheet1---------------
2022-07-14 22:07:13,990 --> ReadExcel.py         [line:26] --> INFO --> 正在执行：创建Chrome浏览器
2022-07-14 22:07:15,143 --> WebDriverWrapper.py  [line:59] --> INFO --> 启动浏览器 --> Chrome
2022-07-14 22:07:15,145 --> ReadExcel.py         [line:26] --> INFO --> 正在执行：访问电商系统
2022-07-14 22:07:15,145 --> SeleniumWrapper.py   [line:24] --> INFO --> 访问[http://www.testingedu.com.cn:8000/Home/User/login.html]地址
2022-07-14 22:07:18,432 --> ReadExcel.py         [line:26] --> INFO --> 正在执行：输入账号
2022-07-14 22:07:18,432 --> SeleniumWrapper.py   [line:29] --> INFO --> 以[name]方式定位[username]元素
2022-07-14 22:07:18,487 --> SeleniumWrapper.py   [line:40] --> INFO --> 以[name]方式定位[username]元素并输入[13800138006]文本
2022-07-14 22:07:18,487 --> ReadExcel.py         [line:26] --> INFO --> 正在执行：输入密码
2022-07-14 22:07:18,487 --> SeleniumWrapper.py   [line:29] --> INFO --> 以[id]方式定位[password]元素
2022-07-14 22:07:18,547 --> SeleniumWrapper.py   [line:40] --> INFO --> 以[id]方式定位[password]元素并输入[0000]文本
2022-07-14 22:07:18,547 --> ReadExcel.py         [line:26] --> INFO --> 正在执行：输入验证码
2022-07-14 22:07:18,548 --> SeleniumWrapper.py   [line:29] --> INFO --> 以[id]方式定位[verify_code]元素
2022-07-14 22:07:18,606 --> SeleniumWrapper.py   [line:40] --> INFO --> 以[id]方式定位[verify_code]元素并输入[0000]文本
2022-07-14 22:07:18,606 --> ReadExcel.py         [line:26] --> INFO --> 正在执行：点击登录按钮
2022-07-14 22:07:18,606 --> SeleniumWrapper.py   [line:29] --> INFO --> 以[xpath]方式定位[//a[@name="sbtbutton"]]元素
2022-07-14 22:07:18,654 --> SeleniumWrapper.py   [line:49] --> INFO --> 以[xpath]方式定位[//a[@name="sbtbutton"]]元素并点击
2022-07-14 22:07:18,654 --> ReadExcel.py         [line:26] --> INFO --> 正在执行：登录成功后截图
2022-07-14 22:07:18,930 --> SeleniumWrapper.py   [line:57] --> INFO --> 截图成功存放路径：[./picture/特斯汀电商系统登录成功1.png]
2022-07-14 22:07:18,930 --> ReadExcel.py         [line:26] --> INFO --> 正在执行：校验登录后是否存在退出的元素
2022-07-14 22:07:18,930 --> SeleniumWrapper.py   [line:29] --> INFO --> 以[link text]方式定位[安全退出]元素
2022-07-14 22:07:28,945 --> SeleniumWrapper.py   [line:83] --> ERROR --> Traceback (most recent call last):
  File "E:\UIAutomation\base\SeleniumWrapper.py", line 79, in assert_text
    reality = self.locator_element(name, value).text
  File "E:\UIAutomation\base\SeleniumWrapper.py", line 30, in locator_element
    return self.driver.find_element(name, value)
  File "E:\ITWork\Python365\lib\site-packages\selenium\webdriver\remote\webdriver.py", line 978, in find_element
    'value': value})['value']
  File "E:\ITWork\Python365\lib\site-packages\selenium\webdriver\remote\webdriver.py", line 321, in execute
    self.error_handler.check_response(response)
  File "E:\ITWork\Python365\lib\site-packages\selenium\webdriver\remote\errorhandler.py", line 242, in check_response
    raise exception_class(message, screen, stacktrace)
selenium.common.exceptions.NoSuchElementException: Message: no such element: Unable to locate element: {"method":"link text","selector":"安全退出"}
  (Session info: chrome=99.0.4844.74)


2022-07-14 22:07:28,980 --> ReadExcel.py         [line:22] --> INFO --> ---------------Sheet2---------------
2022-07-14 22:07:28,980 --> ReadExcel.py         [line:26] --> INFO --> 正在执行：打开新的标签页
2022-07-14 22:07:29,018 --> ReadExcel.py         [line:26] --> INFO --> 正在执行：访问电商系统
2022-07-14 22:07:29,018 --> SeleniumWrapper.py   [line:24] --> INFO --> 访问[http://www.baidu.com]地址
2022-07-14 22:07:32,720 --> ReadExcel.py         [line:26] --> INFO --> 正在执行：输入账号
2022-07-14 22:07:32,721 --> SeleniumWrapper.py   [line:29] --> INFO --> 以[name]方式定位[username]元素
2022-07-14 22:07:42,791 --> ReadExcel.py         [line:53] --> ERROR --> Traceback (most recent call last):
  File "E:\UIAutomation\common\ReadExcel.py", line 51, in excel_ruuner
    actions(excel,sheet_temp,data,path,values,driver)
  File "E:\UIAutomation\biz\PageAction.py", line 36, in actions
    getattr(driver, branch(values[1]))(**data)
  File "E:\UIAutomation\base\SeleniumWrapper.py", line 39, in input_element
    self.locator_element(name, value).send_keys(text)
  File "E:\UIAutomation\base\SeleniumWrapper.py", line 30, in locator_element
    return self.driver.find_element(name, value)
  File "E:\ITWork\Python365\lib\site-packages\selenium\webdriver\remote\webdriver.py", line 978, in find_element
    'value': value})['value']
  File "E:\ITWork\Python365\lib\site-packages\selenium\webdriver\remote\webdriver.py", line 321, in execute
    self.error_handler.check_response(response)
  File "E:\ITWork\Python365\lib\site-packages\selenium\webdriver\remote\errorhandler.py", line 242, in check_response
    raise exception_class(message, screen, stacktrace)
selenium.common.exceptions.NoSuchElementException: Message: no such element: Unable to locate element: {"method":"css selector","selector":"[name="username"]"}
  (Session info: chrome=99.0.4844.74)


2022-07-14 22:07:42,791 --> ReadExcel.py         [line:22] --> INFO --> ---------------Sheet3---------------
2022-07-14 22:07:42,791 --> ReadExcel.py         [line:26] --> INFO --> 正在执行：打开新的标签页
2022-07-14 22:07:42,831 --> ReadExcel.py         [line:26] --> INFO --> 正在执行：访问电商系统
2022-07-14 22:07:42,831 --> SeleniumWrapper.py   [line:24] --> INFO --> 访问[http://www.testingedu.com.cn:8000/Home/User/login.html]地址
2022-07-14 22:07:43,188 --> ReadExcel.py         [line:26] --> INFO --> 正在执行：输入账号
2022-07-14 22:07:43,188 --> SeleniumWrapper.py   [line:29] --> INFO --> 以[name]方式定位[username]元素
2022-07-14 22:07:43,241 --> SeleniumWrapper.py   [line:40] --> INFO --> 以[name]方式定位[username]元素并输入[13800138006]文本
2022-07-14 22:07:43,242 --> ReadExcel.py         [line:26] --> INFO --> 正在执行：输入密码
2022-07-14 22:07:43,242 --> SeleniumWrapper.py   [line:29] --> INFO --> 以[id]方式定位[password]元素
2022-07-14 22:07:43,307 --> SeleniumWrapper.py   [line:40] --> INFO --> 以[id]方式定位[password]元素并输入[123456]文本
2022-07-14 22:07:43,308 --> ReadExcel.py         [line:26] --> INFO --> 正在执行：输入验证码
2022-07-14 22:07:43,308 --> SeleniumWrapper.py   [line:29] --> INFO --> 以[id]方式定位[verify_code]元素
2022-07-14 22:07:43,368 --> SeleniumWrapper.py   [line:40] --> INFO --> 以[id]方式定位[verify_code]元素并输入[0000]文本
2022-07-14 22:07:43,368 --> ReadExcel.py         [line:26] --> INFO --> 正在执行：点击登录按钮
2022-07-14 22:07:43,369 --> SeleniumWrapper.py   [line:29] --> INFO --> 以[xpath]方式定位[//a[@name="sbtbutton"]]元素
2022-07-14 22:07:43,416 --> SeleniumWrapper.py   [line:49] --> INFO --> 以[xpath]方式定位[//a[@name="sbtbutton"]]元素并点击
2022-07-14 22:07:43,417 --> ReadExcel.py         [line:26] --> INFO --> 正在执行：登录成功后截图
2022-07-14 22:07:45,403 --> SeleniumWrapper.py   [line:57] --> INFO --> 截图成功存放路径：[./picture/特斯汀电商系统登录成功3.png]
2022-07-14 22:07:45,404 --> ReadExcel.py         [line:26] --> INFO --> 正在执行：校验登录后是否存在退出的元素
2022-07-14 22:07:45,404 --> SeleniumWrapper.py   [line:29] --> INFO --> 以[link text]方式定位[安全退出]元素
2022-07-14 22:07:45,463 --> ReadExcel.py         [line:26] --> INFO --> 正在执行：强制等待2秒
2022-07-14 22:07:47,477 --> ReadExcel.py         [line:26] --> INFO --> 正在执行：跳转到商城首页
2022-07-14 22:07:47,477 --> SeleniumWrapper.py   [line:29] --> INFO --> 以[link text]方式定位[返回商城首页]元素
2022-07-14 22:08:18,084 --> SeleniumWrapper.py   [line:49] --> INFO --> 以[link text]方式定位[返回商城首页]元素并点击
2022-07-14 22:08:18,085 --> ReadExcel.py         [line:26] --> INFO --> 正在执行：强制等待2秒
2022-07-14 22:08:20,093 --> ReadExcel.py         [line:26] --> INFO --> 正在执行：鼠标悬停到手机数码控件树上
2022-07-14 22:08:20,094 --> SeleniumWrapper.py   [line:29] --> INFO --> 以[link text]方式定位[手机数码]元素
2022-07-14 22:08:20,438 --> ReadExcel.py         [line:26] --> INFO --> 正在执行：点击上步骤展开后菜单中的手机
2022-07-14 22:08:20,439 --> SeleniumWrapper.py   [line:29] --> INFO --> 以[xpath]方式定位[//*[@id="cata-nav"]/div[1]/div[2]/div[1]/div[2]/dl[1]/dd/a[1]]元素
2022-07-14 22:08:20,502 --> SeleniumWrapper.py   [line:49] --> INFO --> 以[xpath]方式定位[//*[@id="cata-nav"]/div[1]/div[2]/div[1]/div[2]/dl[1]/dd/a[1]]元素并点击
2022-07-14 22:08:20,502 --> ReadExcel.py         [line:26] --> INFO --> 正在执行：跳转到新的页面
2022-07-14 22:08:20,514 --> ReadExcel.py         [line:26] --> INFO --> 正在执行：点击第一个商品
2022-07-14 22:08:20,514 --> SeleniumWrapper.py   [line:29] --> INFO --> 以[xpath]方式定位[/html/body/div[4]/div/div[2]/div[2]/ul/li[1]/div/div[1]/a/img]元素
2022-07-14 22:08:24,710 --> SeleniumWrapper.py   [line:49] --> INFO --> 以[xpath]方式定位[/html/body/div[4]/div/div[2]/div[2]/ul/li[1]/div/div[1]/a/img]元素并点击
2022-07-14 22:08:24,710 --> ReadExcel.py         [line:26] --> INFO --> 正在执行：强制等待2秒
2022-07-14 22:08:26,721 --> ReadExcel.py         [line:26] --> INFO --> 正在执行：选择版本：全网通4G+64G
2022-07-14 22:08:26,721 --> SeleniumWrapper.py   [line:29] --> INFO --> 以[id]方式定位[goods_spec_a_10]元素
2022-07-14 22:08:26,768 --> SeleniumWrapper.py   [line:49] --> INFO --> 以[id]方式定位[goods_spec_a_10]元素并点击
2022-07-14 22:08:26,768 --> ReadExcel.py         [line:26] --> INFO --> 正在执行：选择配色：铂光色
2022-07-14 22:08:26,768 --> SeleniumWrapper.py   [line:29] --> INFO --> 以[id]方式定位[goods_spec_a_12]元素
2022-07-14 22:08:26,811 --> SeleniumWrapper.py   [line:49] --> INFO --> 以[id]方式定位[goods_spec_a_12]元素并点击
2022-07-14 22:08:26,811 --> ReadExcel.py         [line:26] --> INFO --> 正在执行：选择套餐：套餐二
2022-07-14 22:08:26,811 --> SeleniumWrapper.py   [line:29] --> INFO --> 以[id]方式定位[goods_spec_a_17]元素
2022-07-14 22:08:26,852 --> SeleniumWrapper.py   [line:49] --> INFO --> 以[id]方式定位[goods_spec_a_17]元素并点击
2022-07-14 22:08:26,852 --> ReadExcel.py         [line:26] --> INFO --> 正在执行：加入购物车
2022-07-14 22:08:26,852 --> SeleniumWrapper.py   [line:29] --> INFO --> 以[id]方式定位[join_cart]元素
2022-07-14 22:08:26,893 --> SeleniumWrapper.py   [line:49] --> INFO --> 以[id]方式定位[join_cart]元素并点击
2022-07-14 22:08:26,893 --> ReadExcel.py         [line:26] --> INFO --> 正在执行：切入弹出frame
2022-07-14 22:08:27,983 --> ReadExcel.py         [line:26] --> INFO --> 正在执行：校验是否成功加入购物车
2022-07-14 22:08:27,983 --> SeleniumWrapper.py   [line:29] --> INFO --> 以[xpath]方式定位[//span[text()="添加成功"]]元素
2022-07-14 22:08:28,129 --> ReadExcel.py         [line:26] --> INFO --> 正在执行：商品加入购物车成功截图
2022-07-14 22:08:28,388 --> SeleniumWrapper.py   [line:57] --> INFO --> 截图成功存放路径：[./picture/商品加入购物车成功.png]
2022-07-14 22:08:28,388 --> ReadExcel.py         [line:26] --> INFO --> 正在执行：去购物车结算
2022-07-14 22:08:28,388 --> SeleniumWrapper.py   [line:29] --> INFO --> 以[xpath]方式定位[//a[text()="去购物车结算"]]元素
2022-07-14 22:08:28,686 --> SeleniumWrapper.py   [line:49] --> INFO --> 以[xpath]方式定位[//a[text()="去购物车结算"]]元素并点击
2022-07-14 22:08:28,686 --> ReadExcel.py         [line:26] --> INFO --> 正在执行：去结算
2022-07-14 22:08:28,686 --> SeleniumWrapper.py   [line:29] --> INFO --> 以[xpath]方式定位[//a[text()="去结算"]]元素
2022-07-14 22:08:30,286 --> SeleniumWrapper.py   [line:49] --> INFO --> 以[xpath]方式定位[//a[text()="去结算"]]元素并点击
2022-07-14 22:08:30,286 --> ReadExcel.py         [line:26] --> INFO --> 正在执行：下单备注留言
2022-07-14 22:08:30,286 --> SeleniumWrapper.py   [line:29] --> INFO --> 以[xpath]方式定位[//textarea[@placeholder="最多输入50个字"]]元素
2022-07-14 22:08:30,357 --> SeleniumWrapper.py   [line:40] --> INFO --> 以[xpath]方式定位[//textarea[@placeholder="最多输入50个字"]]元素并输入[给辉辉买个破烂手机]文本
2022-07-14 22:08:30,357 --> ReadExcel.py         [line:26] --> INFO --> 正在执行：强制等待2秒
2022-07-14 22:08:32,366 --> ReadExcel.py         [line:26] --> INFO --> 正在执行：向下滑动
2022-07-14 22:08:32,373 --> ReadExcel.py         [line:26] --> INFO --> 正在执行：提交定单
2022-07-14 22:08:32,374 --> SeleniumWrapper.py   [line:29] --> INFO --> 以[xpath]方式定位[/html/body/div[14]/div/button]元素
2022-07-14 22:08:32,419 --> SeleniumWrapper.py   [line:49] --> INFO --> 以[xpath]方式定位[/html/body/div[14]/div/button]元素并点击
2022-07-14 22:08:32,419 --> ReadExcel.py         [line:26] --> INFO --> 正在执行：强制等待2秒
2022-07-14 22:08:34,434 --> ReadExcel.py         [line:26] --> INFO --> 正在执行：None
2022-07-14 22:08:34,434 --> SeleniumWrapper.py   [line:29] --> INFO --> 以[xpath]方式定位[//h3[text()="订单提交成功，请您尽快付款！"]]元素
2022-07-14 22:08:35,400 --> ReadExcel.py         [line:26] --> INFO --> 正在执行：订单提交成功截图
2022-07-14 22:08:35,586 --> SeleniumWrapper.py   [line:57] --> INFO --> 截图成功存放路径：[./picture/订单提交成功截图.png]
2022-07-14 22:08:35,586 --> ReadExcel.py         [line:26] --> INFO --> 正在执行：强制等待2秒
2022-07-14 22:08:37,601 --> ReadExcel.py         [line:26] --> INFO --> 正在执行：打开一个新的窗口
2022-07-14 22:08:37,684 --> ReadExcel.py         [line:26] --> INFO --> 正在执行：获取当前URL
