2022-07-17 18:19:11,608 --> Main.py              [line:20] --> INFO --> 运行./case/testcase.xlsx测试用例
2022-07-17 18:19:11,645 --> ReadExcel.py         [line:20] --> INFO --> ---------------Sheet1---------------
2022-07-17 18:19:11,645 --> ReadExcel.py         [line:24] --> INFO --> 正在执行：创建Chrome浏览器
2022-07-17 18:19:12,873 --> WebDriverWrapper.py  [line:59] --> INFO --> 启动浏览器 --> Chrome
2022-07-17 18:19:12,874 --> ReadExcel.py         [line:24] --> INFO --> 正在执行：访问电商系统
2022-07-17 18:19:12,875 --> SeleniumWrapper.py   [line:47] --> INFO --> 访问[http://www.testingedu.com.cn:8000/Home/User/login.html]地址
2022-07-17 18:19:16,216 --> ReadExcel.py         [line:24] --> INFO --> 正在执行：输入账号
2022-07-17 18:19:16,232 --> SeleniumWrapper.py   [line:54] --> INFO --> 以[name]方式定位[username]元素
2022-07-17 18:19:16,277 --> SeleniumWrapper.py   [line:68] --> INFO --> 以[name]方式定位[username]元素并输入[13800138006]文本
2022-07-17 18:19:16,278 --> ReadExcel.py         [line:24] --> INFO --> 正在执行：输入密码
2022-07-17 18:19:16,287 --> SeleniumWrapper.py   [line:54] --> INFO --> 以[id]方式定位[password]元素
2022-07-17 18:19:16,344 --> SeleniumWrapper.py   [line:68] --> INFO --> 以[id]方式定位[password]元素并输入[0000]文本
2022-07-17 18:19:16,344 --> ReadExcel.py         [line:24] --> INFO --> 正在执行：输入验证码
2022-07-17 18:19:16,353 --> SeleniumWrapper.py   [line:54] --> INFO --> 以[id]方式定位[verify_code]元素
2022-07-17 18:19:16,407 --> SeleniumWrapper.py   [line:68] --> INFO --> 以[id]方式定位[verify_code]元素并输入[0000]文本
2022-07-17 18:19:16,407 --> ReadExcel.py         [line:24] --> INFO --> 正在执行：点击登录按钮
2022-07-17 18:19:16,418 --> SeleniumWrapper.py   [line:54] --> INFO --> 以[xpath]方式定位[//a[@name="sbtbutton"]]元素
2022-07-17 18:19:16,464 --> SeleniumWrapper.py   [line:77] --> INFO --> 以[xpath]方式定位[//a[@name="sbtbutton"]]元素并点击
2022-07-17 18:19:16,464 --> ReadExcel.py         [line:24] --> INFO --> 正在执行：点击登录按钮后睡眠2秒
2022-07-17 18:19:18,472 --> ReadExcel.py         [line:24] --> INFO --> 正在执行：登录成功后截图
2022-07-17 18:19:18,788 --> SeleniumWrapper.py   [line:85] --> INFO --> 截图成功存放路径：[./picture1/特斯汀电商系统登录成功1.png]
2022-07-17 18:19:18,824 --> ReadExcel.py         [line:24] --> INFO --> 正在执行：校验登录后是否存在退出的元素
2022-07-17 18:19:29,341 --> SeleniumWrapper.py   [line:56] --> ERROR --> 找不到元素，以[link text]方式定位[安全退出]元素定位失败！
2022-07-17 18:19:39,422 --> SeleniumWrapper.py   [line:111] --> ERROR --> Traceback (most recent call last):
  File "E:\UIAutomation\base\SeleniumWrapper.py", line 107, in assert_text
    reality = self.locator_element(name, value).text
  File "E:\UIAutomation\base\SeleniumWrapper.py", line 58, in locator_element
    return self.driver.find_element(name, value)
  File "E:\ITWork\Python365\lib\site-packages\selenium\webdriver\remote\webdriver.py", line 978, in find_element
    'value': value})['value']
  File "E:\ITWork\Python365\lib\site-packages\selenium\webdriver\remote\webdriver.py", line 321, in execute
    self.error_handler.check_response(response)
  File "E:\ITWork\Python365\lib\site-packages\selenium\webdriver\remote\errorhandler.py", line 242, in check_response
    raise exception_class(message, screen, stacktrace)
selenium.common.exceptions.NoSuchElementException: Message: no such element: Unable to locate element: {"method":"link text","selector":"安全退出"}
  (Session info: chrome=99.0.4844.74)


2022-07-17 18:19:39,461 --> ReadExcel.py         [line:20] --> INFO --> ---------------Sheet2---------------
2022-07-17 18:19:39,461 --> ReadExcel.py         [line:24] --> INFO --> 正在执行：打开新的标签页
2022-07-17 18:19:39,493 --> ReadExcel.py         [line:24] --> INFO --> 正在执行：访问电商系统
2022-07-17 18:19:39,494 --> SeleniumWrapper.py   [line:47] --> INFO --> 访问[http://www.testingedu.com.cn:8000/Home/User/login.html]地址
2022-07-17 18:19:39,855 --> ReadExcel.py         [line:24] --> INFO --> 正在执行：输入账号
2022-07-17 18:19:39,881 --> SeleniumWrapper.py   [line:54] --> INFO --> 以[name]方式定位[username]元素
2022-07-17 18:19:39,949 --> SeleniumWrapper.py   [line:68] --> INFO --> 以[name]方式定位[username]元素并输入[123456]文本
2022-07-17 18:19:39,949 --> ReadExcel.py         [line:24] --> INFO --> 正在执行：输入密码
2022-07-17 18:19:50,489 --> SeleniumWrapper.py   [line:56] --> ERROR --> 找不到元素，以[id]方式定位[password111]元素定位失败！
2022-07-17 18:20:00,505 --> ReadExcel.py         [line:45] --> ERROR --> Traceback (most recent call last):
  File "E:\UIAutomation\common\ReadExcel.py", line 43, in excel_ruuner
    actions(excel, sheet_temp, data, path, values, driver)
  File "E:\UIAutomation\biz\PageAction.py", line 34, in actions
    getattr(driver, branch(values[1]))(**data)
  File "E:\UIAutomation\base\SeleniumWrapper.py", line 67, in input_element
    self.locator_element(name, value).send_keys(text)
  File "E:\UIAutomation\base\SeleniumWrapper.py", line 58, in locator_element
    return self.driver.find_element(name, value)
  File "E:\ITWork\Python365\lib\site-packages\selenium\webdriver\remote\webdriver.py", line 978, in find_element
    'value': value})['value']
  File "E:\ITWork\Python365\lib\site-packages\selenium\webdriver\remote\webdriver.py", line 321, in execute
    self.error_handler.check_response(response)
  File "E:\ITWork\Python365\lib\site-packages\selenium\webdriver\remote\errorhandler.py", line 242, in check_response
    raise exception_class(message, screen, stacktrace)
selenium.common.exceptions.NoSuchElementException: Message: no such element: Unable to locate element: {"method":"css selector","selector":"[id="password111"]"}
  (Session info: chrome=99.0.4844.74)


2022-07-17 18:20:00,854 --> SeleniumWrapper.py   [line:85] --> INFO --> 截图成功存放路径：[./picture/error_输入密码_370202.png]
2022-07-17 18:20:00,854 --> ReadExcel.py         [line:20] --> INFO --> ---------------Sheet3---------------
2022-07-17 18:20:00,854 --> ReadExcel.py         [line:24] --> INFO --> 正在执行：打开新的标签页
2022-07-17 18:20:00,886 --> ReadExcel.py         [line:24] --> INFO --> 正在执行：访问电商系统
2022-07-17 18:20:00,886 --> SeleniumWrapper.py   [line:47] --> INFO --> 访问[http://www.testingedu.com.cn:8000/Home/User/login.html]地址
2022-07-17 18:20:01,280 --> ReadExcel.py         [line:24] --> INFO --> 正在执行：输入账号
2022-07-17 18:20:01,305 --> SeleniumWrapper.py   [line:54] --> INFO --> 以[name]方式定位[username]元素
2022-07-17 18:20:01,416 --> SeleniumWrapper.py   [line:68] --> INFO --> 以[name]方式定位[username]元素并输入[13800138006]文本
2022-07-17 18:20:01,416 --> ReadExcel.py         [line:24] --> INFO --> 正在执行：输入密码
2022-07-17 18:20:01,425 --> SeleniumWrapper.py   [line:54] --> INFO --> 以[id]方式定位[password]元素
2022-07-17 18:20:01,479 --> SeleniumWrapper.py   [line:68] --> INFO --> 以[id]方式定位[password]元素并输入[123456]文本
2022-07-17 18:20:01,480 --> ReadExcel.py         [line:24] --> INFO --> 正在执行：输入验证码
2022-07-17 18:20:01,490 --> SeleniumWrapper.py   [line:54] --> INFO --> 以[id]方式定位[verify_code]元素
2022-07-17 18:20:01,543 --> SeleniumWrapper.py   [line:68] --> INFO --> 以[id]方式定位[verify_code]元素并输入[0000]文本
2022-07-17 18:20:01,543 --> ReadExcel.py         [line:24] --> INFO --> 正在执行：点击登录按钮
2022-07-17 18:20:01,553 --> SeleniumWrapper.py   [line:54] --> INFO --> 以[xpath]方式定位[//a[@name="sbtbutton"]]元素
2022-07-17 18:20:01,597 --> SeleniumWrapper.py   [line:77] --> INFO --> 以[xpath]方式定位[//a[@name="sbtbutton"]]元素并点击
2022-07-17 18:20:01,598 --> ReadExcel.py         [line:24] --> INFO --> 正在执行：登录成功后截图
2022-07-17 18:20:03,138 --> SeleniumWrapper.py   [line:85] --> INFO --> 截图成功存放路径：[./picture/特斯汀电商系统登录成功3.png]
2022-07-17 18:20:03,185 --> ReadExcel.py         [line:24] --> INFO --> 正在执行：校验登录后是否存在退出的元素
2022-07-17 18:20:03,204 --> SeleniumWrapper.py   [line:54] --> INFO --> 以[link text]方式定位[安全退出]元素
2022-07-17 18:20:03,253 --> ReadExcel.py         [line:24] --> INFO --> 正在执行：强制等待2秒
2022-07-17 18:20:05,263 --> ReadExcel.py         [line:24] --> INFO --> 正在执行：跳转到商城首页
2022-07-17 18:20:05,279 --> SeleniumWrapper.py   [line:54] --> INFO --> 以[link text]方式定位[返回商城首页]元素
2022-07-17 18:20:35,873 --> SeleniumWrapper.py   [line:77] --> INFO --> 以[link text]方式定位[返回商城首页]元素并点击
2022-07-17 18:20:35,873 --> ReadExcel.py         [line:24] --> INFO --> 正在执行：强制等待2秒
2022-07-17 18:20:37,881 --> ReadExcel.py         [line:24] --> INFO --> 正在执行：鼠标悬停到手机数码控件树上
2022-07-17 18:20:37,946 --> SeleniumWrapper.py   [line:54] --> INFO --> 以[link text]方式定位[手机数码]元素
2022-07-17 18:20:38,250 --> ReadExcel.py         [line:24] --> INFO --> 正在执行：点击上步骤展开后菜单中的手机
2022-07-17 18:20:38,302 --> SeleniumWrapper.py   [line:54] --> INFO --> 以[xpath]方式定位[//*[@id="cata-nav"]/div[1]/div[2]/div[1]/div[2]/dl[1]/dd/a[1]]元素
2022-07-17 18:20:38,365 --> SeleniumWrapper.py   [line:77] --> INFO --> 以[xpath]方式定位[//*[@id="cata-nav"]/div[1]/div[2]/div[1]/div[2]/dl[1]/dd/a[1]]元素并点击
2022-07-17 18:20:38,366 --> ReadExcel.py         [line:24] --> INFO --> 正在执行：跳转到新的页面
2022-07-17 18:20:38,376 --> ReadExcel.py         [line:24] --> INFO --> 正在执行：点击第一个商品
2022-07-17 18:20:40,709 --> SeleniumWrapper.py   [line:54] --> INFO --> 以[xpath]方式定位[/html/body/div[4]/div/div[2]/div[2]/ul/li[1]/div/div[1]/a/img]元素
2022-07-17 18:20:42,711 --> SeleniumWrapper.py   [line:77] --> INFO --> 以[xpath]方式定位[/html/body/div[4]/div/div[2]/div[2]/ul/li[1]/div/div[1]/a/img]元素并点击
2022-07-17 18:20:42,712 --> ReadExcel.py         [line:24] --> INFO --> 正在执行：强制等待2秒
2022-07-17 18:20:44,726 --> ReadExcel.py         [line:24] --> INFO --> 正在执行：选择版本：全网通4G+64G
2022-07-17 18:20:44,762 --> SeleniumWrapper.py   [line:54] --> INFO --> 以[id]方式定位[goods_spec_a_10]元素
2022-07-17 18:20:44,889 --> SeleniumWrapper.py   [line:77] --> INFO --> 以[id]方式定位[goods_spec_a_10]元素并点击
2022-07-17 18:20:44,890 --> ReadExcel.py         [line:24] --> INFO --> 正在执行：选择配色：铂光色
2022-07-17 18:20:44,913 --> SeleniumWrapper.py   [line:54] --> INFO --> 以[id]方式定位[goods_spec_a_12]元素
2022-07-17 18:20:44,959 --> SeleniumWrapper.py   [line:77] --> INFO --> 以[id]方式定位[goods_spec_a_12]元素并点击
2022-07-17 18:20:44,959 --> ReadExcel.py         [line:24] --> INFO --> 正在执行：选择套餐：套餐二
2022-07-17 18:20:44,968 --> SeleniumWrapper.py   [line:54] --> INFO --> 以[id]方式定位[goods_spec_a_17]元素
2022-07-17 18:20:45,004 --> SeleniumWrapper.py   [line:77] --> INFO --> 以[id]方式定位[goods_spec_a_17]元素并点击
2022-07-17 18:20:45,005 --> ReadExcel.py         [line:24] --> INFO --> 正在执行：加入购物车
2022-07-17 18:20:45,015 --> SeleniumWrapper.py   [line:54] --> INFO --> 以[id]方式定位[join_cart]元素
2022-07-17 18:20:45,052 --> SeleniumWrapper.py   [line:77] --> INFO --> 以[id]方式定位[join_cart]元素并点击
2022-07-17 18:20:45,052 --> ReadExcel.py         [line:24] --> INFO --> 正在执行：切入弹出frame
2022-07-17 18:20:46,197 --> ReadExcel.py         [line:24] --> INFO --> 正在执行：校验是否成功加入购物车
2022-07-17 18:20:46,238 --> SeleniumWrapper.py   [line:54] --> INFO --> 以[xpath]方式定位[//span[text()="添加成功"]]元素
2022-07-17 18:20:46,365 --> ReadExcel.py         [line:24] --> INFO --> 正在执行：商品加入购物车成功截图
2022-07-17 18:20:46,615 --> SeleniumWrapper.py   [line:85] --> INFO --> 截图成功存放路径：[./picture/商品加入购物车成功.png]
2022-07-17 18:20:46,645 --> ReadExcel.py         [line:24] --> INFO --> 正在执行：去购物车结算
2022-07-17 18:20:46,656 --> SeleniumWrapper.py   [line:54] --> INFO --> 以[xpath]方式定位[//a[text()="去购物车结算"]]元素
2022-07-17 18:20:46,969 --> SeleniumWrapper.py   [line:77] --> INFO --> 以[xpath]方式定位[//a[text()="去购物车结算"]]元素并点击
2022-07-17 18:20:46,970 --> ReadExcel.py         [line:24] --> INFO --> 正在执行：去结算
2022-07-17 18:20:47,615 --> SeleniumWrapper.py   [line:54] --> INFO --> 以[xpath]方式定位[//a[text()="去结算"]]元素
2022-07-17 18:20:48,761 --> SeleniumWrapper.py   [line:77] --> INFO --> 以[xpath]方式定位[//a[text()="去结算"]]元素并点击
2022-07-17 18:20:48,761 --> ReadExcel.py         [line:24] --> INFO --> 正在执行：下单备注留言
2022-07-17 18:20:48,776 --> SeleniumWrapper.py   [line:54] --> INFO --> 以[xpath]方式定位[//textarea[@placeholder="最多输入50个字"]]元素
2022-07-17 18:20:48,834 --> SeleniumWrapper.py   [line:68] --> INFO --> 以[xpath]方式定位[//textarea[@placeholder="最多输入50个字"]]元素并输入[给辉辉买个破烂手机]文本
2022-07-17 18:20:48,834 --> ReadExcel.py         [line:24] --> INFO --> 正在执行：强制等待2秒
2022-07-17 18:20:50,837 --> ReadExcel.py         [line:24] --> INFO --> 正在执行：向下滑动
2022-07-17 18:20:50,857 --> ReadExcel.py         [line:24] --> INFO --> 正在执行：提交定单
2022-07-17 18:20:50,886 --> SeleniumWrapper.py   [line:54] --> INFO --> 以[xpath]方式定位[/html/body/div[14]/div/button]元素
2022-07-17 18:20:50,953 --> SeleniumWrapper.py   [line:77] --> INFO --> 以[xpath]方式定位[/html/body/div[14]/div/button]元素并点击
2022-07-17 18:20:50,953 --> ReadExcel.py         [line:24] --> INFO --> 正在执行：强制等待2秒
2022-07-17 18:20:52,963 --> ReadExcel.py         [line:24] --> INFO --> 正在执行：校验订单提交是否成功
2022-07-17 18:20:53,881 --> SeleniumWrapper.py   [line:54] --> INFO --> 以[xpath]方式定位[//h3[text()="订单提交成功，请您尽快付款！"]]元素
2022-07-17 18:20:54,005 --> ReadExcel.py         [line:24] --> INFO --> 正在执行：订单提交成功截图
2022-07-17 18:20:54,181 --> SeleniumWrapper.py   [line:85] --> INFO --> 截图成功存放路径：[./picture/订单提交成功截图.png]
2022-07-17 18:20:54,210 --> ReadExcel.py         [line:24] --> INFO --> 正在执行：强制等待2秒
2022-07-17 18:20:56,216 --> ReadExcel.py         [line:24] --> INFO --> 正在执行：获取当前URL
2022-07-17 18:20:56,288 --> ReadExcel.py         [line:24] --> INFO --> 正在执行：打开一个新的窗口
2022-07-17 18:20:56,320 --> ReadExcel.py         [line:24] --> INFO --> 正在执行：获取当前URL
2022-07-17 18:30:02,645 --> Main.py              [line:20] --> INFO --> 运行./case/testcase.xlsx测试用例
2022-07-17 18:30:02,675 --> ReadExcel.py         [line:20] --> INFO --> ---------------Sheet1---------------
2022-07-17 18:30:02,675 --> ReadExcel.py         [line:24] --> INFO --> 正在执行：创建Chrome浏览器
2022-07-17 18:30:04,741 --> WebDriverWrapper.py  [line:59] --> INFO --> 启动浏览器 --> Chrome
2022-07-17 18:30:04,742 --> ReadExcel.py         [line:24] --> INFO --> 正在执行：访问电商系统
2022-07-17 18:30:04,742 --> SeleniumWrapper.py   [line:47] --> INFO --> 访问[http://www.testingedu.com.cn:8000/Home/User/login.html]地址
2022-07-17 18:30:05,244 --> ReadExcel.py         [line:45] --> ERROR --> Traceback (most recent call last):
  File "E:\UIAutomation\common\ReadExcel.py", line 43, in excel_ruuner
    actions(excel, sheet_temp, data, path, values, driver)
  File "E:\UIAutomation\biz\PageAction.py", line 34, in actions
    getattr(driver, branch(values[1]))(**data)
  File "E:\UIAutomation\base\SeleniumWrapper.py", line 48, in visit_url
    self.driver.get(text)
  File "E:\ITWork\Python365\lib\site-packages\selenium\webdriver\remote\webdriver.py", line 333, in get
    self.execute(Command.GET, {'url': url})
  File "E:\ITWork\Python365\lib\site-packages\selenium\webdriver\remote\webdriver.py", line 321, in execute
    self.error_handler.check_response(response)
  File "E:\ITWork\Python365\lib\site-packages\selenium\webdriver\remote\errorhandler.py", line 242, in check_response
    raise exception_class(message, screen, stacktrace)
selenium.common.exceptions.WebDriverException: Message: unknown error: net::ERR_NAME_NOT_RESOLVED
  (Session info: chrome=99.0.4844.74)


2022-07-17 18:30:05,411 --> SeleniumWrapper.py   [line:85] --> INFO --> 截图成功存放路径：[./picture/error_访问电商系统_679264.png]
2022-07-17 18:30:05,411 --> ReadExcel.py         [line:20] --> INFO --> ---------------Sheet2---------------
2022-07-17 18:30:05,411 --> ReadExcel.py         [line:24] --> INFO --> 正在执行：打开新的标签页
2022-07-17 18:30:05,442 --> ReadExcel.py         [line:24] --> INFO --> 正在执行：访问电商系统
2022-07-17 18:30:05,442 --> SeleniumWrapper.py   [line:47] --> INFO --> 访问[http://www.testingedu.com.cn:8000/Home/User/login.html]地址
2022-07-17 18:30:05,618 --> ReadExcel.py         [line:45] --> ERROR --> Traceback (most recent call last):
  File "E:\UIAutomation\common\ReadExcel.py", line 43, in excel_ruuner
    actions(excel, sheet_temp, data, path, values, driver)
  File "E:\UIAutomation\biz\PageAction.py", line 34, in actions
    getattr(driver, branch(values[1]))(**data)
  File "E:\UIAutomation\base\SeleniumWrapper.py", line 48, in visit_url
    self.driver.get(text)
  File "E:\ITWork\Python365\lib\site-packages\selenium\webdriver\remote\webdriver.py", line 333, in get
    self.execute(Command.GET, {'url': url})
  File "E:\ITWork\Python365\lib\site-packages\selenium\webdriver\remote\webdriver.py", line 321, in execute
    self.error_handler.check_response(response)
  File "E:\ITWork\Python365\lib\site-packages\selenium\webdriver\remote\errorhandler.py", line 242, in check_response
    raise exception_class(message, screen, stacktrace)
selenium.common.exceptions.WebDriverException: Message: unknown error: net::ERR_NAME_NOT_RESOLVED
  (Session info: chrome=99.0.4844.74)


2022-07-17 18:30:05,801 --> SeleniumWrapper.py   [line:85] --> INFO --> 截图成功存放路径：[./picture/error_访问电商系统_282095.png]
2022-07-17 18:30:05,801 --> ReadExcel.py         [line:20] --> INFO --> ---------------Sheet3---------------
2022-07-17 18:30:05,801 --> ReadExcel.py         [line:24] --> INFO --> 正在执行：打开新的标签页
2022-07-17 18:30:05,829 --> ReadExcel.py         [line:24] --> INFO --> 正在执行：访问电商系统
2022-07-17 18:30:05,829 --> SeleniumWrapper.py   [line:47] --> INFO --> 访问[http://www.testingedu.com.cn:8000/Home/User/login.html]地址
2022-07-17 18:30:06,023 --> ReadExcel.py         [line:45] --> ERROR --> Traceback (most recent call last):
  File "E:\UIAutomation\common\ReadExcel.py", line 43, in excel_ruuner
    actions(excel, sheet_temp, data, path, values, driver)
  File "E:\UIAutomation\biz\PageAction.py", line 34, in actions
    getattr(driver, branch(values[1]))(**data)
  File "E:\UIAutomation\base\SeleniumWrapper.py", line 48, in visit_url
    self.driver.get(text)
  File "E:\ITWork\Python365\lib\site-packages\selenium\webdriver\remote\webdriver.py", line 333, in get
    self.execute(Command.GET, {'url': url})
  File "E:\ITWork\Python365\lib\site-packages\selenium\webdriver\remote\webdriver.py", line 321, in execute
    self.error_handler.check_response(response)
  File "E:\ITWork\Python365\lib\site-packages\selenium\webdriver\remote\errorhandler.py", line 242, in check_response
    raise exception_class(message, screen, stacktrace)
selenium.common.exceptions.WebDriverException: Message: unknown error: net::ERR_NAME_NOT_RESOLVED
  (Session info: chrome=99.0.4844.74)


2022-07-17 18:30:06,217 --> SeleniumWrapper.py   [line:85] --> INFO --> 截图成功存放路径：[./picture/error_访问电商系统_300241.png]
2022-07-17 18:32:22,873 --> Main.py              [line:20] --> INFO --> 运行./case/testcase.xlsx测试用例
2022-07-17 18:32:22,907 --> ReadExcel.py         [line:20] --> INFO --> ---------------Sheet1---------------
2022-07-17 18:32:22,907 --> ReadExcel.py         [line:24] --> INFO --> 正在执行：创建Chrome浏览器
2022-07-17 18:32:24,162 --> WebDriverWrapper.py  [line:59] --> INFO --> 启动浏览器 --> Chrome
2022-07-17 18:32:24,164 --> ReadExcel.py         [line:24] --> INFO --> 正在执行：访问电商系统
2022-07-17 18:32:24,165 --> SeleniumWrapper.py   [line:47] --> INFO --> 访问[http://www.testingedu.com.cn:8000/Home/User/login.html]地址
2022-07-17 18:32:27,592 --> ReadExcel.py         [line:24] --> INFO --> 正在执行：输入账号
2022-07-17 18:32:27,614 --> SeleniumWrapper.py   [line:54] --> INFO --> 以[name]方式定位[username]元素
2022-07-17 18:32:27,666 --> SeleniumWrapper.py   [line:68] --> INFO --> 以[name]方式定位[username]元素并输入[13800138006]文本
2022-07-17 18:32:27,667 --> ReadExcel.py         [line:24] --> INFO --> 正在执行：输入密码
2022-07-17 18:32:27,676 --> SeleniumWrapper.py   [line:54] --> INFO --> 以[id]方式定位[password]元素
2022-07-17 18:32:27,731 --> SeleniumWrapper.py   [line:68] --> INFO --> 以[id]方式定位[password]元素并输入[0000]文本
2022-07-17 18:32:27,731 --> ReadExcel.py         [line:24] --> INFO --> 正在执行：输入验证码
2022-07-17 18:32:27,742 --> SeleniumWrapper.py   [line:54] --> INFO --> 以[id]方式定位[verify_code]元素
2022-07-17 18:32:27,791 --> SeleniumWrapper.py   [line:68] --> INFO --> 以[id]方式定位[verify_code]元素并输入[0000]文本
2022-07-17 18:32:27,792 --> ReadExcel.py         [line:24] --> INFO --> 正在执行：点击登录按钮
2022-07-17 18:32:27,803 --> SeleniumWrapper.py   [line:54] --> INFO --> 以[xpath]方式定位[//a[@name="sbtbutton"]]元素
2022-07-17 18:32:27,850 --> SeleniumWrapper.py   [line:77] --> INFO --> 以[xpath]方式定位[//a[@name="sbtbutton"]]元素并点击
2022-07-17 18:32:27,851 --> ReadExcel.py         [line:24] --> INFO --> 正在执行：点击登录按钮后睡眠2秒
2022-07-17 18:32:29,865 --> ReadExcel.py         [line:24] --> INFO --> 正在执行：登录成功后截图
2022-07-17 18:32:30,131 --> SeleniumWrapper.py   [line:85] --> INFO --> 截图成功存放路径：[./picture1/特斯汀电商系统登录成功1.png]
2022-07-17 18:32:30,172 --> ReadExcel.py         [line:24] --> INFO --> 正在执行：校验登录后是否存在退出的元素
2022-07-17 18:32:40,776 --> SeleniumWrapper.py   [line:56] --> ERROR --> 找不到元素，以[link text]方式定位[安全退出]元素定位失败！
2022-07-17 18:32:50,881 --> SeleniumWrapper.py   [line:111] --> ERROR --> Traceback (most recent call last):
  File "E:\UIAutomation\base\SeleniumWrapper.py", line 107, in assert_text
    reality = self.locator_element(name, value).text
  File "E:\UIAutomation\base\SeleniumWrapper.py", line 58, in locator_element
    return self.driver.find_element(name, value)
  File "E:\ITWork\Python365\lib\site-packages\selenium\webdriver\remote\webdriver.py", line 978, in find_element
    'value': value})['value']
  File "E:\ITWork\Python365\lib\site-packages\selenium\webdriver\remote\webdriver.py", line 321, in execute
    self.error_handler.check_response(response)
  File "E:\ITWork\Python365\lib\site-packages\selenium\webdriver\remote\errorhandler.py", line 242, in check_response
    raise exception_class(message, screen, stacktrace)
selenium.common.exceptions.NoSuchElementException: Message: no such element: Unable to locate element: {"method":"link text","selector":"安全退出"}
  (Session info: chrome=99.0.4844.74)


2022-07-17 18:32:50,920 --> ReadExcel.py         [line:20] --> INFO --> ---------------Sheet2---------------
2022-07-17 18:32:50,920 --> ReadExcel.py         [line:24] --> INFO --> 正在执行：打开新的标签页
2022-07-17 18:32:50,953 --> ReadExcel.py         [line:24] --> INFO --> 正在执行：访问电商系统
2022-07-17 18:32:50,953 --> SeleniumWrapper.py   [line:47] --> INFO --> 访问[http://www.testingedu.com.cn:8000/Home/User/login.html]地址
2022-07-17 18:32:51,351 --> ReadExcel.py         [line:24] --> INFO --> 正在执行：输入账号
2022-07-17 18:32:51,378 --> SeleniumWrapper.py   [line:54] --> INFO --> 以[name]方式定位[username]元素
2022-07-17 18:32:51,463 --> SeleniumWrapper.py   [line:68] --> INFO --> 以[name]方式定位[username]元素并输入[123456]文本
2022-07-17 18:32:51,463 --> ReadExcel.py         [line:24] --> INFO --> 正在执行：输入密码
2022-07-17 18:33:01,997 --> SeleniumWrapper.py   [line:56] --> ERROR --> 找不到元素，以[id]方式定位[password111]元素定位失败！
2022-07-17 18:33:12,062 --> ReadExcel.py         [line:45] --> ERROR --> Traceback (most recent call last):
  File "E:\UIAutomation\common\ReadExcel.py", line 43, in excel_ruuner
    actions(excel, sheet_temp, data, path, values, driver)
  File "E:\UIAutomation\biz\PageAction.py", line 34, in actions
    getattr(driver, branch(values[1]))(**data)
  File "E:\UIAutomation\base\SeleniumWrapper.py", line 67, in input_element
    self.locator_element(name, value).send_keys(text)
  File "E:\UIAutomation\base\SeleniumWrapper.py", line 58, in locator_element
    return self.driver.find_element(name, value)
  File "E:\ITWork\Python365\lib\site-packages\selenium\webdriver\remote\webdriver.py", line 978, in find_element
    'value': value})['value']
  File "E:\ITWork\Python365\lib\site-packages\selenium\webdriver\remote\webdriver.py", line 321, in execute
    self.error_handler.check_response(response)
  File "E:\ITWork\Python365\lib\site-packages\selenium\webdriver\remote\errorhandler.py", line 242, in check_response
    raise exception_class(message, screen, stacktrace)
selenium.common.exceptions.NoSuchElementException: Message: no such element: Unable to locate element: {"method":"css selector","selector":"[id="password111"]"}
  (Session info: chrome=99.0.4844.74)


2022-07-17 18:33:12,390 --> SeleniumWrapper.py   [line:85] --> INFO --> 截图成功存放路径：[./picture/error_输入密码_442221.png]
2022-07-17 18:33:12,391 --> ReadExcel.py         [line:20] --> INFO --> ---------------Sheet3---------------
2022-07-17 18:33:12,391 --> ReadExcel.py         [line:24] --> INFO --> 正在执行：打开新的标签页
2022-07-17 18:33:12,419 --> ReadExcel.py         [line:24] --> INFO --> 正在执行：访问电商系统
2022-07-17 18:33:12,419 --> SeleniumWrapper.py   [line:47] --> INFO --> 访问[http://www.testingedu.com.cn:8000/Home/User/login.html]地址
2022-07-17 18:33:12,807 --> ReadExcel.py         [line:24] --> INFO --> 正在执行：输入账号
2022-07-17 18:33:12,823 --> SeleniumWrapper.py   [line:54] --> INFO --> 以[name]方式定位[username]元素
2022-07-17 18:33:12,927 --> SeleniumWrapper.py   [line:68] --> INFO --> 以[name]方式定位[username]元素并输入[13800138006]文本
2022-07-17 18:33:12,928 --> ReadExcel.py         [line:24] --> INFO --> 正在执行：输入密码
2022-07-17 18:33:12,941 --> SeleniumWrapper.py   [line:54] --> INFO --> 以[id]方式定位[password]元素
2022-07-17 18:33:13,016 --> SeleniumWrapper.py   [line:68] --> INFO --> 以[id]方式定位[password]元素并输入[123456]文本
2022-07-17 18:33:13,017 --> ReadExcel.py         [line:24] --> INFO --> 正在执行：输入验证码
2022-07-17 18:33:13,026 --> SeleniumWrapper.py   [line:54] --> INFO --> 以[id]方式定位[verify_code]元素
2022-07-17 18:33:13,077 --> SeleniumWrapper.py   [line:68] --> INFO --> 以[id]方式定位[verify_code]元素并输入[0000]文本
2022-07-17 18:33:13,077 --> ReadExcel.py         [line:24] --> INFO --> 正在执行：点击登录按钮
2022-07-17 18:33:13,087 --> SeleniumWrapper.py   [line:54] --> INFO --> 以[xpath]方式定位[//a[@name="sbtbutton"]]元素
2022-07-17 18:33:13,133 --> SeleniumWrapper.py   [line:77] --> INFO --> 以[xpath]方式定位[//a[@name="sbtbutton"]]元素并点击
2022-07-17 18:33:13,133 --> ReadExcel.py         [line:24] --> INFO --> 正在执行：登录成功后截图
2022-07-17 18:33:14,694 --> SeleniumWrapper.py   [line:85] --> INFO --> 截图成功存放路径：[./picture/特斯汀电商系统登录成功3.png]
2022-07-17 18:33:14,737 --> ReadExcel.py         [line:24] --> INFO --> 正在执行：校验登录后是否存在退出的元素
2022-07-17 18:33:14,757 --> SeleniumWrapper.py   [line:54] --> INFO --> 以[link text]方式定位[安全退出]元素
2022-07-17 18:33:14,804 --> ReadExcel.py         [line:24] --> INFO --> 正在执行：强制等待2秒
2022-07-17 18:33:16,807 --> ReadExcel.py         [line:24] --> INFO --> 正在执行：跳转到商城首页
2022-07-17 18:33:16,862 --> SeleniumWrapper.py   [line:54] --> INFO --> 以[link text]方式定位[返回商城首页]元素
2022-07-17 18:33:47,262 --> SeleniumWrapper.py   [line:77] --> INFO --> 以[link text]方式定位[返回商城首页]元素并点击
2022-07-17 18:33:47,264 --> ReadExcel.py         [line:24] --> INFO --> 正在执行：强制等待2秒
2022-07-17 18:33:49,270 --> ReadExcel.py         [line:24] --> INFO --> 正在执行：鼠标悬停到手机数码控件树上
2022-07-17 18:33:49,357 --> SeleniumWrapper.py   [line:54] --> INFO --> 以[link text]方式定位[手机数码]元素
2022-07-17 18:33:49,709 --> ReadExcel.py         [line:24] --> INFO --> 正在执行：点击上步骤展开后菜单中的手机
2022-07-17 18:33:49,742 --> SeleniumWrapper.py   [line:54] --> INFO --> 以[xpath]方式定位[//*[@id="cata-nav"]/div[1]/div[2]/div[1]/div[2]/dl[1]/dd/a[1]]元素
2022-07-17 18:33:49,824 --> SeleniumWrapper.py   [line:77] --> INFO --> 以[xpath]方式定位[//*[@id="cata-nav"]/div[1]/div[2]/div[1]/div[2]/dl[1]/dd/a[1]]元素并点击
2022-07-17 18:33:49,824 --> ReadExcel.py         [line:24] --> INFO --> 正在执行：跳转到新的页面
2022-07-17 18:33:49,832 --> ReadExcel.py         [line:24] --> INFO --> 正在执行：点击第一个商品
2022-07-17 18:33:52,351 --> SeleniumWrapper.py   [line:54] --> INFO --> 以[xpath]方式定位[/html/body/div[4]/div/div[2]/div[2]/ul/li[1]/div/div[1]/a/img]元素
2022-07-17 18:33:54,533 --> SeleniumWrapper.py   [line:77] --> INFO --> 以[xpath]方式定位[/html/body/div[4]/div/div[2]/div[2]/ul/li[1]/div/div[1]/a/img]元素并点击
2022-07-17 18:33:54,535 --> ReadExcel.py         [line:24] --> INFO --> 正在执行：强制等待2秒
2022-07-17 18:33:56,539 --> ReadExcel.py         [line:24] --> INFO --> 正在执行：选择版本：全网通4G+64G
2022-07-17 18:33:56,575 --> SeleniumWrapper.py   [line:54] --> INFO --> 以[id]方式定位[goods_spec_a_10]元素
2022-07-17 18:33:56,644 --> SeleniumWrapper.py   [line:77] --> INFO --> 以[id]方式定位[goods_spec_a_10]元素并点击
2022-07-17 18:33:56,645 --> ReadExcel.py         [line:24] --> INFO --> 正在执行：选择配色：铂光色
2022-07-17 18:33:56,658 --> SeleniumWrapper.py   [line:54] --> INFO --> 以[id]方式定位[goods_spec_a_12]元素
2022-07-17 18:33:56,705 --> SeleniumWrapper.py   [line:77] --> INFO --> 以[id]方式定位[goods_spec_a_12]元素并点击
2022-07-17 18:33:56,706 --> ReadExcel.py         [line:24] --> INFO --> 正在执行：选择套餐：套餐二
2022-07-17 18:33:56,719 --> SeleniumWrapper.py   [line:54] --> INFO --> 以[id]方式定位[goods_spec_a_17]元素
2022-07-17 18:33:56,762 --> SeleniumWrapper.py   [line:77] --> INFO --> 以[id]方式定位[goods_spec_a_17]元素并点击
2022-07-17 18:33:56,762 --> ReadExcel.py         [line:24] --> INFO --> 正在执行：加入购物车
2022-07-17 18:33:56,774 --> SeleniumWrapper.py   [line:54] --> INFO --> 以[id]方式定位[join_cart]元素
2022-07-17 18:33:56,812 --> SeleniumWrapper.py   [line:77] --> INFO --> 以[id]方式定位[join_cart]元素并点击
2022-07-17 18:33:56,812 --> ReadExcel.py         [line:24] --> INFO --> 正在执行：切入弹出frame
2022-07-17 18:33:58,010 --> ReadExcel.py         [line:24] --> INFO --> 正在执行：校验是否成功加入购物车
2022-07-17 18:33:58,049 --> SeleniumWrapper.py   [line:54] --> INFO --> 以[xpath]方式定位[//span[text()="添加成功"]]元素
2022-07-17 18:33:58,125 --> ReadExcel.py         [line:24] --> INFO --> 正在执行：商品加入购物车成功截图
2022-07-17 18:33:58,431 --> SeleniumWrapper.py   [line:85] --> INFO --> 截图成功存放路径：[./picture/商品加入购物车成功.png]
2022-07-17 18:33:58,460 --> ReadExcel.py         [line:24] --> INFO --> 正在执行：去购物车结算
2022-07-17 18:33:58,471 --> SeleniumWrapper.py   [line:54] --> INFO --> 以[xpath]方式定位[//a[text()="去购物车结算"]]元素
2022-07-17 18:33:58,798 --> SeleniumWrapper.py   [line:77] --> INFO --> 以[xpath]方式定位[//a[text()="去购物车结算"]]元素并点击
2022-07-17 18:33:58,799 --> ReadExcel.py         [line:24] --> INFO --> 正在执行：去结算
2022-07-17 18:33:59,506 --> SeleniumWrapper.py   [line:54] --> INFO --> 以[xpath]方式定位[//a[text()="去结算"]]元素
2022-07-17 18:34:00,750 --> SeleniumWrapper.py   [line:77] --> INFO --> 以[xpath]方式定位[//a[text()="去结算"]]元素并点击
2022-07-17 18:34:00,751 --> ReadExcel.py         [line:24] --> INFO --> 正在执行：下单备注留言
2022-07-17 18:34:00,779 --> SeleniumWrapper.py   [line:54] --> INFO --> 以[xpath]方式定位[//textarea[@placeholder="最多输入50个字"]]元素
2022-07-17 18:34:00,844 --> SeleniumWrapper.py   [line:68] --> INFO --> 以[xpath]方式定位[//textarea[@placeholder="最多输入50个字"]]元素并输入[给辉辉买个破烂手机]文本
2022-07-17 18:34:00,845 --> ReadExcel.py         [line:24] --> INFO --> 正在执行：强制等待2秒
2022-07-17 18:34:02,850 --> ReadExcel.py         [line:24] --> INFO --> 正在执行：向下滑动
2022-07-17 18:34:02,855 --> ReadExcel.py         [line:24] --> INFO --> 正在执行：提交定单
2022-07-17 18:34:02,865 --> SeleniumWrapper.py   [line:54] --> INFO --> 以[xpath]方式定位[/html/body/div[14]/div/button]元素
2022-07-17 18:34:02,901 --> SeleniumWrapper.py   [line:77] --> INFO --> 以[xpath]方式定位[/html/body/div[14]/div/button]元素并点击
2022-07-17 18:34:02,902 --> ReadExcel.py         [line:24] --> INFO --> 正在执行：强制等待2秒
2022-07-17 18:34:04,908 --> ReadExcel.py         [line:24] --> INFO --> 正在执行：校验订单提交是否成功
2022-07-17 18:34:05,880 --> SeleniumWrapper.py   [line:54] --> INFO --> 以[xpath]方式定位[//h3[text()="订单提交成功，请您尽快付款！"]]元素
2022-07-17 18:34:05,975 --> ReadExcel.py         [line:24] --> INFO --> 正在执行：订单提交成功截图
2022-07-17 18:34:06,155 --> SeleniumWrapper.py   [line:85] --> INFO --> 截图成功存放路径：[./picture/订单提交成功截图.png]
2022-07-17 18:34:06,183 --> ReadExcel.py         [line:24] --> INFO --> 正在执行：强制等待2秒
2022-07-17 18:34:08,197 --> ReadExcel.py         [line:24] --> INFO --> 正在执行：获取当前URL
2022-07-17 18:34:08,232 --> ReadExcel.py         [line:24] --> INFO --> 正在执行：打开一个新的窗口
2022-07-17 18:34:08,261 --> ReadExcel.py         [line:24] --> INFO --> 正在执行：获取当前URL
2022-07-17 18:36:37,835 --> Main.py              [line:20] --> INFO --> 运行./case/testcase.xlsx测试用例
2022-07-17 18:36:37,871 --> ReadExcel.py         [line:20] --> INFO --> ---------------Sheet1---------------
2022-07-17 18:36:37,872 --> ReadExcel.py         [line:24] --> INFO --> 正在执行：创建Chrome浏览器
2022-07-17 18:36:39,161 --> WebDriverWrapper.py  [line:59] --> INFO --> 启动浏览器 --> Chrome
2022-07-17 18:36:39,164 --> ReadExcel.py         [line:24] --> INFO --> 正在执行：访问电商系统
2022-07-17 18:36:39,164 --> SeleniumWrapper.py   [line:47] --> INFO --> 访问[http://www.testingedu.com.cn:8000/Home/User/login.html]地址
2022-07-17 18:36:42,690 --> ReadExcel.py         [line:24] --> INFO --> 正在执行：输入账号
2022-07-17 18:36:42,702 --> SeleniumWrapper.py   [line:54] --> INFO --> 以[name]方式定位[username]元素
2022-07-17 18:36:42,758 --> SeleniumWrapper.py   [line:68] --> INFO --> 以[name]方式定位[username]元素并输入[13800138006]文本
2022-07-17 18:36:42,758 --> ReadExcel.py         [line:24] --> INFO --> 正在执行：输入密码
2022-07-17 18:36:42,770 --> SeleniumWrapper.py   [line:54] --> INFO --> 以[id]方式定位[password]元素
2022-07-17 18:36:42,816 --> SeleniumWrapper.py   [line:68] --> INFO --> 以[id]方式定位[password]元素并输入[0000]文本
2022-07-17 18:36:42,816 --> ReadExcel.py         [line:24] --> INFO --> 正在执行：输入验证码
2022-07-17 18:36:42,826 --> SeleniumWrapper.py   [line:54] --> INFO --> 以[id]方式定位[verify_code]元素
2022-07-17 18:36:42,870 --> SeleniumWrapper.py   [line:68] --> INFO --> 以[id]方式定位[verify_code]元素并输入[0000]文本
2022-07-17 18:36:42,871 --> ReadExcel.py         [line:24] --> INFO --> 正在执行：点击登录按钮
2022-07-17 18:36:42,881 --> SeleniumWrapper.py   [line:54] --> INFO --> 以[xpath]方式定位[//a[@name="sbtbutton"]]元素
2022-07-17 18:36:42,923 --> SeleniumWrapper.py   [line:77] --> INFO --> 以[xpath]方式定位[//a[@name="sbtbutton"]]元素并点击
2022-07-17 18:36:42,924 --> ReadExcel.py         [line:24] --> INFO --> 正在执行：点击登录按钮后睡眠2秒
2022-07-17 18:36:44,932 --> ReadExcel.py         [line:24] --> INFO --> 正在执行：登录成功后截图1
2022-07-17 18:36:45,261 --> SeleniumWrapper.py   [line:85] --> INFO --> 截图成功存放路径：[./picture1/特斯汀电商系统登录成功1.png]
2022-07-17 18:36:45,297 --> ReadExcel.py         [line:24] --> INFO --> 正在执行：校验登录后是否存在退出的元素
2022-07-17 18:36:55,809 --> SeleniumWrapper.py   [line:56] --> ERROR --> 找不到元素，以[link text]方式定位[安全退出]元素定位失败！
2022-07-17 18:36:59,964 --> SeleniumWrapper.py   [line:111] --> ERROR --> Traceback (most recent call last):
  File "E:\UIAutomation\base\SeleniumWrapper.py", line 107, in assert_text
    reality = self.locator_element(name, value).text
AttributeError: 'NoneType' object has no attribute 'text'

2022-07-17 18:37:00,022 --> ReadExcel.py         [line:20] --> INFO --> ---------------Sheet2---------------
2022-07-17 18:37:00,022 --> ReadExcel.py         [line:24] --> INFO --> 正在执行：打开新的标签页
2022-07-17 18:37:04,104 --> ReadExcel.py         [line:45] --> ERROR --> Traceback (most recent call last):
  File "E:\UIAutomation\common\ReadExcel.py", line 43, in excel_ruuner
    actions(excel, sheet_temp, data, path, values, driver)
  File "E:\UIAutomation\biz\PageAction.py", line 36, in actions
    getattr(driver, branch(values[1]))(**data)
  File "E:\UIAutomation\base\SeleniumWrapper.py", line 295, in open_new_window
    old_headles = self.acquire_all_handles()
  File "E:\UIAutomation\base\SeleniumWrapper.py", line 145, in acquire_all_handles
    return self.driver.window_handles
  File "E:\UIAutomation\base\WebDriverWrapper.py", line 89, in __getattr__
    return getattr(self.browser_driver, item)
  File "E:\ITWork\Python365\lib\site-packages\selenium\webdriver\remote\webdriver.py", line 724, in window_handles
    return self.execute(Command.W3C_GET_WINDOW_HANDLES)['value']
  File "E:\ITWork\Python365\lib\site-packages\selenium\webdriver\remote\webdriver.py", line 321, in execute
    self.error_handler.check_response(response)
  File "E:\ITWork\Python365\lib\site-packages\selenium\webdriver\remote\errorhandler.py", line 242, in check_response
    raise exception_class(message, screen, stacktrace)
selenium.common.exceptions.WebDriverException: Message: chrome not reachable
  (Session info: chrome=99.0.4844.74)


2022-07-17 18:37:04,111 --> ReadExcel.py         [line:56] --> ERROR --> Traceback (most recent call last):
  File "E:\UIAutomation\common\ReadExcel.py", line 43, in excel_ruuner
    actions(excel, sheet_temp, data, path, values, driver)
  File "E:\UIAutomation\biz\PageAction.py", line 36, in actions
    getattr(driver, branch(values[1]))(**data)
  File "E:\UIAutomation\base\SeleniumWrapper.py", line 295, in open_new_window
    old_headles = self.acquire_all_handles()
  File "E:\UIAutomation\base\SeleniumWrapper.py", line 145, in acquire_all_handles
    return self.driver.window_handles
  File "E:\UIAutomation\base\WebDriverWrapper.py", line 89, in __getattr__
    return getattr(self.browser_driver, item)
  File "E:\ITWork\Python365\lib\site-packages\selenium\webdriver\remote\webdriver.py", line 724, in window_handles
    return self.execute(Command.W3C_GET_WINDOW_HANDLES)['value']
  File "E:\ITWork\Python365\lib\site-packages\selenium\webdriver\remote\webdriver.py", line 321, in execute
    self.error_handler.check_response(response)
  File "E:\ITWork\Python365\lib\site-packages\selenium\webdriver\remote\errorhandler.py", line 242, in check_response
    raise exception_class(message, screen, stacktrace)
selenium.common.exceptions.WebDriverException: Message: chrome not reachable
  (Session info: chrome=99.0.4844.74)


During handling of the above exception, another exception occurred:

Traceback (most recent call last):
  File "E:\UIAutomation\common\ReadExcel.py", line 52, in excel_ruuner
    driver.screenshot_img(errorImg)
  File "E:\UIAutomation\base\SeleniumWrapper.py", line 81, in screenshot_img
    self.driver.get_screenshot_as_file(text)
  File "E:\ITWork\Python365\lib\site-packages\selenium\webdriver\remote\webdriver.py", line 1032, in get_screenshot_as_file
    png = self.get_screenshot_as_png()
  File "E:\ITWork\Python365\lib\site-packages\selenium\webdriver\remote\webdriver.py", line 1064, in get_screenshot_as_png
    return base64.b64decode(self.get_screenshot_as_base64().encode('ascii'))
  File "E:\ITWork\Python365\lib\site-packages\selenium\webdriver\remote\webdriver.py", line 1074, in get_screenshot_as_base64
    return self.execute(Command.SCREENSHOT)['value']
  File "E:\ITWork\Python365\lib\site-packages\selenium\webdriver\remote\webdriver.py", line 321, in execute
    self.error_handler.check_response(response)
  File "E:\ITWork\Python365\lib\site-packages\selenium\webdriver\remote\errorhandler.py", line 242, in check_response
    raise exception_class(message, screen, stacktrace)
selenium.common.exceptions.NoSuchWindowException: Message: no such window: target window already closed
from unknown error: web view not found
  (Session info: chrome=99.0.4844.74)


2022-07-17 18:37:21,574 --> Main.py              [line:20] --> INFO --> 运行./case/testcase.xlsx测试用例
2022-07-17 18:37:21,623 --> ReadExcel.py         [line:20] --> INFO --> ---------------Sheet1---------------
2022-07-17 18:37:21,623 --> ReadExcel.py         [line:24] --> INFO --> 正在执行：创建Chrome浏览器
2022-07-17 18:37:22,897 --> WebDriverWrapper.py  [line:59] --> INFO --> 启动浏览器 --> Chrome
2022-07-17 18:37:22,899 --> ReadExcel.py         [line:24] --> INFO --> 正在执行：访问电商系统
2022-07-17 18:37:22,900 --> SeleniumWrapper.py   [line:47] --> INFO --> 访问[http://www.testingedu.com.cn:8000/Home/User/login.html]地址
2022-07-17 18:37:26,694 --> ReadExcel.py         [line:24] --> INFO --> 正在执行：输入账号
2022-07-17 18:37:26,733 --> SeleniumWrapper.py   [line:54] --> INFO --> 以[name]方式定位[username]元素
2022-07-17 18:37:26,854 --> SeleniumWrapper.py   [line:68] --> INFO --> 以[name]方式定位[username]元素并输入[13800138006]文本
2022-07-17 18:37:26,855 --> ReadExcel.py         [line:24] --> INFO --> 正在执行：输入密码
2022-07-17 18:37:26,867 --> SeleniumWrapper.py   [line:54] --> INFO --> 以[id]方式定位[password]元素
2022-07-17 18:37:26,925 --> SeleniumWrapper.py   [line:68] --> INFO --> 以[id]方式定位[password]元素并输入[0000]文本
2022-07-17 18:37:26,925 --> ReadExcel.py         [line:24] --> INFO --> 正在执行：输入验证码
2022-07-17 18:37:26,935 --> SeleniumWrapper.py   [line:54] --> INFO --> 以[id]方式定位[verify_code]元素
2022-07-17 18:37:26,987 --> SeleniumWrapper.py   [line:68] --> INFO --> 以[id]方式定位[verify_code]元素并输入[0000]文本
2022-07-17 18:37:26,987 --> ReadExcel.py         [line:24] --> INFO --> 正在执行：点击登录按钮
2022-07-17 18:37:26,998 --> SeleniumWrapper.py   [line:54] --> INFO --> 以[xpath]方式定位[//a[@name="sbtbutton"]]元素
2022-07-17 18:37:27,043 --> SeleniumWrapper.py   [line:77] --> INFO --> 以[xpath]方式定位[//a[@name="sbtbutton"]]元素并点击
2022-07-17 18:37:27,044 --> ReadExcel.py         [line:24] --> INFO --> 正在执行：点击登录按钮后睡眠2秒
2022-07-17 18:37:29,053 --> ReadExcel.py         [line:24] --> INFO --> 正在执行：登录成功后截图1
2022-07-17 18:37:29,333 --> SeleniumWrapper.py   [line:85] --> INFO --> 截图成功存放路径：[./picture/特斯汀电商系统登录成功1.png]
2022-07-17 18:37:29,369 --> ReadExcel.py         [line:24] --> INFO --> 正在执行：校验登录后是否存在退出的元素
2022-07-17 18:37:39,887 --> SeleniumWrapper.py   [line:56] --> ERROR --> 找不到元素，以[link text]方式定位[安全退出]元素定位失败！
2022-07-17 18:37:50,018 --> SeleniumWrapper.py   [line:111] --> ERROR --> Traceback (most recent call last):
  File "E:\UIAutomation\base\SeleniumWrapper.py", line 107, in assert_text
    reality = self.locator_element(name, value).text
  File "E:\UIAutomation\base\SeleniumWrapper.py", line 58, in locator_element
    return self.driver.find_element(name, value)
  File "E:\ITWork\Python365\lib\site-packages\selenium\webdriver\remote\webdriver.py", line 978, in find_element
    'value': value})['value']
  File "E:\ITWork\Python365\lib\site-packages\selenium\webdriver\remote\webdriver.py", line 321, in execute
    self.error_handler.check_response(response)
  File "E:\ITWork\Python365\lib\site-packages\selenium\webdriver\remote\errorhandler.py", line 242, in check_response
    raise exception_class(message, screen, stacktrace)
selenium.common.exceptions.NoSuchElementException: Message: no such element: Unable to locate element: {"method":"link text","selector":"安全退出"}
  (Session info: chrome=99.0.4844.74)


2022-07-17 18:37:50,071 --> ReadExcel.py         [line:20] --> INFO --> ---------------Sheet2---------------
2022-07-17 18:37:50,071 --> ReadExcel.py         [line:24] --> INFO --> 正在执行：打开新的标签页
2022-07-17 18:37:50,114 --> ReadExcel.py         [line:24] --> INFO --> 正在执行：访问电商系统
2022-07-17 18:37:50,114 --> SeleniumWrapper.py   [line:47] --> INFO --> 访问[http://www.testingedu.com.cn:8000/Home/User/login.html]地址
2022-07-17 18:37:52,888 --> ReadExcel.py         [line:24] --> INFO --> 正在执行：输入账号
2022-07-17 18:37:52,898 --> SeleniumWrapper.py   [line:54] --> INFO --> 以[name]方式定位[username]元素
2022-07-17 18:37:52,939 --> SeleniumWrapper.py   [line:68] --> INFO --> 以[name]方式定位[username]元素并输入[123456]文本
2022-07-17 18:37:52,940 --> ReadExcel.py         [line:24] --> INFO --> 正在执行：输入密码
2022-07-17 18:38:03,461 --> SeleniumWrapper.py   [line:56] --> ERROR --> 找不到元素，以[id]方式定位[password111]元素定位失败！
2022-07-17 18:38:13,474 --> ReadExcel.py         [line:45] --> ERROR --> Traceback (most recent call last):
  File "E:\UIAutomation\common\ReadExcel.py", line 43, in excel_ruuner
    actions(excel, sheet_temp, data, path, values, driver)
  File "E:\UIAutomation\biz\PageAction.py", line 34, in actions
    getattr(driver, branch(values[1]))(**data)
  File "E:\UIAutomation\base\SeleniumWrapper.py", line 67, in input_element
    self.locator_element(name, value).send_keys(text)
  File "E:\UIAutomation\base\SeleniumWrapper.py", line 58, in locator_element
    return self.driver.find_element(name, value)
  File "E:\ITWork\Python365\lib\site-packages\selenium\webdriver\remote\webdriver.py", line 978, in find_element
    'value': value})['value']
  File "E:\ITWork\Python365\lib\site-packages\selenium\webdriver\remote\webdriver.py", line 321, in execute
    self.error_handler.check_response(response)
  File "E:\ITWork\Python365\lib\site-packages\selenium\webdriver\remote\errorhandler.py", line 242, in check_response
    raise exception_class(message, screen, stacktrace)
selenium.common.exceptions.NoSuchElementException: Message: no such element: Unable to locate element: {"method":"css selector","selector":"[id="password111"]"}
  (Session info: chrome=99.0.4844.74)


2022-07-17 18:38:13,819 --> SeleniumWrapper.py   [line:85] --> INFO --> 截图成功存放路径：[./picture/error_输入密码_220123.png]
2022-07-17 18:38:13,819 --> ReadExcel.py         [line:20] --> INFO --> ---------------Sheet3---------------
2022-07-17 18:38:13,819 --> ReadExcel.py         [line:24] --> INFO --> 正在执行：打开新的标签页
2022-07-17 18:38:13,853 --> ReadExcel.py         [line:24] --> INFO --> 正在执行：访问电商系统
2022-07-17 18:38:13,853 --> SeleniumWrapper.py   [line:47] --> INFO --> 访问[http://www.testingedu.com.cn:8000/Home/User/login.html]地址
2022-07-17 18:38:14,206 --> ReadExcel.py         [line:24] --> INFO --> 正在执行：输入账号
2022-07-17 18:38:14,212 --> SeleniumWrapper.py   [line:54] --> INFO --> 以[name]方式定位[username]元素
2022-07-17 18:38:14,251 --> SeleniumWrapper.py   [line:68] --> INFO --> 以[name]方式定位[username]元素并输入[13800138006]文本
2022-07-17 18:38:14,251 --> ReadExcel.py         [line:24] --> INFO --> 正在执行：输入密码
2022-07-17 18:38:14,261 --> SeleniumWrapper.py   [line:54] --> INFO --> 以[id]方式定位[password]元素
2022-07-17 18:38:14,310 --> SeleniumWrapper.py   [line:68] --> INFO --> 以[id]方式定位[password]元素并输入[123456]文本
2022-07-17 18:38:14,310 --> ReadExcel.py         [line:24] --> INFO --> 正在执行：输入验证码
2022-07-17 18:38:14,321 --> SeleniumWrapper.py   [line:54] --> INFO --> 以[id]方式定位[verify_code]元素
2022-07-17 18:38:14,365 --> SeleniumWrapper.py   [line:68] --> INFO --> 以[id]方式定位[verify_code]元素并输入[0000]文本
2022-07-17 18:38:14,366 --> ReadExcel.py         [line:24] --> INFO --> 正在执行：点击登录按钮
2022-07-17 18:38:14,376 --> SeleniumWrapper.py   [line:54] --> INFO --> 以[xpath]方式定位[//a[@name="sbtbutton"]]元素
2022-07-17 18:38:14,418 --> SeleniumWrapper.py   [line:77] --> INFO --> 以[xpath]方式定位[//a[@name="sbtbutton"]]元素并点击
2022-07-17 18:38:14,418 --> ReadExcel.py         [line:24] --> INFO --> 正在执行：登录成功后截图
2022-07-17 18:38:16,137 --> SeleniumWrapper.py   [line:85] --> INFO --> 截图成功存放路径：[./picture/特斯汀电商系统登录成功3.png]
2022-07-17 18:38:16,184 --> ReadExcel.py         [line:24] --> INFO --> 正在执行：校验登录后是否存在退出的元素
2022-07-17 18:38:16,208 --> SeleniumWrapper.py   [line:54] --> INFO --> 以[link text]方式定位[安全退出]元素
2022-07-17 18:38:16,258 --> ReadExcel.py         [line:24] --> INFO --> 正在执行：强制等待2秒
2022-07-17 18:38:18,271 --> ReadExcel.py         [line:24] --> INFO --> 正在执行：跳转到商城首页
2022-07-17 18:38:18,300 --> SeleniumWrapper.py   [line:54] --> INFO --> 以[link text]方式定位[返回商城首页]元素
2022-07-17 18:38:48,659 --> SeleniumWrapper.py   [line:77] --> INFO --> 以[link text]方式定位[返回商城首页]元素并点击
2022-07-17 18:38:48,660 --> ReadExcel.py         [line:24] --> INFO --> 正在执行：强制等待2秒
2022-07-17 18:38:50,675 --> ReadExcel.py         [line:24] --> INFO --> 正在执行：鼠标悬停到手机数码控件树上
2022-07-17 18:38:50,742 --> SeleniumWrapper.py   [line:54] --> INFO --> 以[link text]方式定位[手机数码]元素
2022-07-17 18:38:51,068 --> ReadExcel.py         [line:24] --> INFO --> 正在执行：点击上步骤展开后菜单中的手机
2022-07-17 18:38:51,114 --> SeleniumWrapper.py   [line:54] --> INFO --> 以[xpath]方式定位[//*[@id="cata-nav"]/div[1]/div[2]/div[1]/div[2]/dl[1]/dd/a[1]]元素
2022-07-17 18:38:51,226 --> SeleniumWrapper.py   [line:77] --> INFO --> 以[xpath]方式定位[//*[@id="cata-nav"]/div[1]/div[2]/div[1]/div[2]/dl[1]/dd/a[1]]元素并点击
2022-07-17 18:38:51,227 --> ReadExcel.py         [line:24] --> INFO --> 正在执行：跳转到新的页面
2022-07-17 18:38:51,238 --> ReadExcel.py         [line:24] --> INFO --> 正在执行：点击第一个商品
2022-07-17 18:38:53,554 --> SeleniumWrapper.py   [line:54] --> INFO --> 以[xpath]方式定位[/html/body/div[4]/div/div[2]/div[2]/ul/li[1]/div/div[1]/a/img]元素
2022-07-17 18:38:55,787 --> SeleniumWrapper.py   [line:77] --> INFO --> 以[xpath]方式定位[/html/body/div[4]/div/div[2]/div[2]/ul/li[1]/div/div[1]/a/img]元素并点击
2022-07-17 18:38:55,788 --> ReadExcel.py         [line:24] --> INFO --> 正在执行：强制等待2秒
2022-07-17 18:38:57,802 --> ReadExcel.py         [line:24] --> INFO --> 正在执行：选择版本：全网通4G+64G
2022-07-17 18:38:57,837 --> SeleniumWrapper.py   [line:54] --> INFO --> 以[id]方式定位[goods_spec_a_10]元素
2022-07-17 18:38:57,932 --> SeleniumWrapper.py   [line:77] --> INFO --> 以[id]方式定位[goods_spec_a_10]元素并点击
2022-07-17 18:38:57,934 --> ReadExcel.py         [line:24] --> INFO --> 正在执行：选择配色：铂光色
2022-07-17 18:38:57,957 --> SeleniumWrapper.py   [line:54] --> INFO --> 以[id]方式定位[goods_spec_a_12]元素
2022-07-17 18:38:58,014 --> SeleniumWrapper.py   [line:77] --> INFO --> 以[id]方式定位[goods_spec_a_12]元素并点击
2022-07-17 18:38:58,014 --> ReadExcel.py         [line:24] --> INFO --> 正在执行：选择套餐：套餐二
2022-07-17 18:38:58,025 --> SeleniumWrapper.py   [line:54] --> INFO --> 以[id]方式定位[goods_spec_a_17]元素
2022-07-17 18:38:58,063 --> SeleniumWrapper.py   [line:77] --> INFO --> 以[id]方式定位[goods_spec_a_17]元素并点击
2022-07-17 18:38:58,063 --> ReadExcel.py         [line:24] --> INFO --> 正在执行：加入购物车
2022-07-17 18:38:58,075 --> SeleniumWrapper.py   [line:54] --> INFO --> 以[id]方式定位[join_cart]元素
2022-07-17 18:38:58,126 --> SeleniumWrapper.py   [line:77] --> INFO --> 以[id]方式定位[join_cart]元素并点击
2022-07-17 18:38:58,126 --> ReadExcel.py         [line:24] --> INFO --> 正在执行：切入弹出frame
2022-07-17 18:38:59,296 --> ReadExcel.py         [line:24] --> INFO --> 正在执行：校验是否成功加入购物车
2022-07-17 18:38:59,338 --> SeleniumWrapper.py   [line:54] --> INFO --> 以[xpath]方式定位[//span[text()="添加成功"]]元素
2022-07-17 18:38:59,411 --> ReadExcel.py         [line:24] --> INFO --> 正在执行：商品加入购物车成功截图
2022-07-17 18:38:59,743 --> SeleniumWrapper.py   [line:85] --> INFO --> 截图成功存放路径：[./picture/商品加入购物车成功.png]
2022-07-17 18:38:59,772 --> ReadExcel.py         [line:24] --> INFO --> 正在执行：去购物车结算
2022-07-17 18:38:59,784 --> SeleniumWrapper.py   [line:54] --> INFO --> 以[xpath]方式定位[//a[text()="去购物车结算"]]元素
2022-07-17 18:39:00,080 --> SeleniumWrapper.py   [line:77] --> INFO --> 以[xpath]方式定位[//a[text()="去购物车结算"]]元素并点击
2022-07-17 18:39:00,080 --> ReadExcel.py         [line:24] --> INFO --> 正在执行：去结算
2022-07-17 18:39:00,746 --> SeleniumWrapper.py   [line:54] --> INFO --> 以[xpath]方式定位[//a[text()="去结算"]]元素
2022-07-17 18:39:01,842 --> SeleniumWrapper.py   [line:77] --> INFO --> 以[xpath]方式定位[//a[text()="去结算"]]元素并点击
2022-07-17 18:39:01,843 --> ReadExcel.py         [line:24] --> INFO --> 正在执行：下单备注留言
2022-07-17 18:39:01,866 --> SeleniumWrapper.py   [line:54] --> INFO --> 以[xpath]方式定位[//textarea[@placeholder="最多输入50个字"]]元素
2022-07-17 18:39:01,929 --> SeleniumWrapper.py   [line:68] --> INFO --> 以[xpath]方式定位[//textarea[@placeholder="最多输入50个字"]]元素并输入[给辉辉买个破烂手机]文本
2022-07-17 18:39:01,929 --> ReadExcel.py         [line:24] --> INFO --> 正在执行：强制等待2秒
2022-07-17 18:39:03,937 --> ReadExcel.py         [line:24] --> INFO --> 正在执行：向下滑动
2022-07-17 18:39:03,954 --> ReadExcel.py         [line:24] --> INFO --> 正在执行：提交定单
2022-07-17 18:39:03,995 --> SeleniumWrapper.py   [line:54] --> INFO --> 以[xpath]方式定位[/html/body/div[14]/div/button]元素
2022-07-17 18:39:04,111 --> SeleniumWrapper.py   [line:77] --> INFO --> 以[xpath]方式定位[/html/body/div[14]/div/button]元素并点击
2022-07-17 18:39:04,111 --> ReadExcel.py         [line:24] --> INFO --> 正在执行：强制等待2秒
2022-07-17 18:39:06,121 --> ReadExcel.py         [line:24] --> INFO --> 正在执行：校验订单提交是否成功
2022-07-17 18:39:07,128 --> SeleniumWrapper.py   [line:54] --> INFO --> 以[xpath]方式定位[//h3[text()="订单提交成功，请您尽快付款！"]]元素
2022-07-17 18:39:07,264 --> ReadExcel.py         [line:24] --> INFO --> 正在执行：订单提交成功截图
2022-07-17 18:39:07,470 --> SeleniumWrapper.py   [line:85] --> INFO --> 截图成功存放路径：[./picture/订单提交成功截图.png]
2022-07-17 18:39:07,500 --> ReadExcel.py         [line:24] --> INFO --> 正在执行：强制等待2秒
2022-07-17 18:39:09,511 --> ReadExcel.py         [line:24] --> INFO --> 正在执行：获取当前URL
2022-07-17 18:39:09,583 --> ReadExcel.py         [line:24] --> INFO --> 正在执行：打开一个新的窗口
2022-07-17 18:39:09,617 --> ReadExcel.py         [line:24] --> INFO --> 正在执行：获取当前URL
2022-07-17 20:33:10,244 --> SeleniumWrapper.py   [line:47] --> INFO --> 访问[https://mail.qq.com/]地址
2022-07-17 20:33:11,438 --> WebDriverWrapper.py  [line:59] --> INFO --> 启动浏览器 --> Chrome
2022-07-17 20:33:19,661 --> SeleniumWrapper.py   [line:54] --> INFO --> 以[xpath]方式定位[//*[@id="login"]/div[1]]元素
2022-07-17 20:33:19,690 --> SeleniumWrapper.py   [line:54] --> INFO --> 以[xpath]方式定位[//*[@id="qqLoginTab"]]元素
2022-07-17 20:33:19,995 --> SeleniumWrapper.py   [line:85] --> INFO --> 截图成功存放路径：[../picture/test001.png]
2022-07-17 20:34:45,079 --> SeleniumWrapper.py   [line:47] --> INFO --> 访问[https://mail.qq.com/]地址
2022-07-17 20:34:46,415 --> WebDriverWrapper.py  [line:59] --> INFO --> 启动浏览器 --> Chrome
2022-07-17 20:34:54,650 --> SeleniumWrapper.py   [line:54] --> INFO --> 以[xpath]方式定位[//*[@id="login"]/div[1]]元素
2022-07-17 20:35:11,891 --> SeleniumWrapper.py   [line:47] --> INFO --> 访问[https://mail.qq.com/]地址
2022-07-17 20:35:13,107 --> WebDriverWrapper.py  [line:59] --> INFO --> 启动浏览器 --> Chrome
2022-07-17 20:35:20,652 --> SeleniumWrapper.py   [line:54] --> INFO --> 以[xpath]方式定位[//*[@id="login"]/div[1]]元素
2022-07-17 20:35:31,077 --> SeleniumWrapper.py   [line:56] --> ERROR --> 找不到元素，以[id]方式定位[u]元素定位失败！
2022-07-17 20:36:09,685 --> SeleniumWrapper.py   [line:47] --> INFO --> 访问[https://mail.qq.com/]地址
2022-07-17 20:36:10,917 --> WebDriverWrapper.py  [line:59] --> INFO --> 启动浏览器 --> Chrome
2022-07-17 20:36:18,604 --> SeleniumWrapper.py   [line:54] --> INFO --> 以[xpath]方式定位[//*[@id="login"]/div[1]]元素
2022-07-17 20:36:18,647 --> SeleniumWrapper.py   [line:54] --> INFO --> 以[id]方式定位[u]元素
2022-07-17 20:40:47,679 --> SeleniumWrapper.py   [line:47] --> INFO --> 访问[file:\\E:\UIAutomation\common\message.html]地址
2022-07-17 20:40:48,910 --> WebDriverWrapper.py  [line:59] --> INFO --> 启动浏览器 --> Chrome
2022-07-17 20:40:49,006 --> SeleniumWrapper.py   [line:54] --> INFO --> 以[xpath]方式定位[/html/body/form/table/tbody]元素
2022-07-17 20:40:49,048 --> SeleniumWrapper.py   [line:54] --> INFO --> 以[xpath]方式定位[/html/body/form/table/tbody/tr[9]/td[2]/font/textarea]元素
2022-07-17 20:40:49,402 --> SeleniumWrapper.py   [line:85] --> INFO --> 截图成功存放路径：[../picture/test001.png]
2022-07-17 20:43:01,222 --> SeleniumWrapper.py   [line:47] --> INFO --> 访问[file:\\E:\UIAutomation\common\message.html]地址
2022-07-17 20:43:02,544 --> WebDriverWrapper.py  [line:59] --> INFO --> 启动浏览器 --> Chrome
2022-07-17 20:43:02,674 --> SeleniumWrapper.py   [line:54] --> INFO --> 以[xpath]方式定位[/html/body/form/table/tbody]元素
2022-07-17 20:43:02,728 --> SeleniumWrapper.py   [line:54] --> INFO --> 以[xpath]方式定位[/html/body/form/table/tbody/tr[9]/td[2]/font/textarea]元素
2022-07-17 20:43:03,054 --> SeleniumWrapper.py   [line:85] --> INFO --> 截图成功存放路径：[../picture/test001.png]
2022-07-17 20:43:48,008 --> SeleniumWrapper.py   [line:47] --> INFO --> 访问[file:\\E:\UIAutomation\common\message.html]地址
2022-07-17 20:43:49,324 --> WebDriverWrapper.py  [line:59] --> INFO --> 启动浏览器 --> Chrome
2022-07-17 20:43:49,421 --> SeleniumWrapper.py   [line:54] --> INFO --> 以[xpath]方式定位[/html/body/form/table/tbody]元素
2022-07-17 20:43:49,464 --> SeleniumWrapper.py   [line:54] --> INFO --> 以[xpath]方式定位[/html/body/form/table/tbody/tr[9]/td[2]/font/textarea]元素
2022-07-17 20:43:49,786 --> SeleniumWrapper.py   [line:85] --> INFO --> 截图成功存放路径：[../picture/test001.png]
2022-07-17 21:06:11,104 --> SeleniumWrapper.py   [line:47] --> INFO --> 访问[file:\\E:\UIAutomation\common\message.html]地址
2022-07-17 21:06:12,263 --> WebDriverWrapper.py  [line:59] --> INFO --> 启动浏览器 --> Chrome
2022-07-17 21:06:12,355 --> SeleniumWrapper.py   [line:54] --> INFO --> 以[xpath]方式定位[/html/body/form/table/tbody]元素
2022-07-17 21:06:12,398 --> SeleniumWrapper.py   [line:54] --> INFO --> 以[xpath]方式定位[/html/body/form/table/tbody/tr[2]/td[1]/div/font]元素
2022-07-17 21:06:12,726 --> SeleniumWrapper.py   [line:85] --> INFO --> 截图成功存放路径：[../picture/test001.png]
2022-07-17 21:13:19,182 --> SeleniumWrapper.py   [line:47] --> INFO --> 访问[file:\\E:\UIAutomation\common\message.html]地址
2022-07-17 21:13:20,372 --> WebDriverWrapper.py  [line:59] --> INFO --> 启动浏览器 --> Chrome
2022-07-17 21:13:20,481 --> SeleniumWrapper.py   [line:54] --> INFO --> 以[xpath]方式定位[/html/body/form/table/tbody]元素
2022-07-17 21:13:20,530 --> SeleniumWrapper.py   [line:54] --> INFO --> 以[xpath]方式定位[/html/body/form/table/tbody/tr[2]/td[1]/div/font]元素
2022-07-17 21:13:20,852 --> SeleniumWrapper.py   [line:85] --> INFO --> 截图成功存放路径：[../picture/test001.png]
2022-07-17 21:14:00,643 --> SeleniumWrapper.py   [line:47] --> INFO --> 访问[file:\\E:\UIAutomation\common\message.html]地址
2022-07-17 21:14:01,806 --> WebDriverWrapper.py  [line:59] --> INFO --> 启动浏览器 --> Chrome
2022-07-17 21:14:01,905 --> SeleniumWrapper.py   [line:54] --> INFO --> 以[xpath]方式定位[/html/body/form/table/tbody]元素
2022-07-17 21:14:01,950 --> SeleniumWrapper.py   [line:54] --> INFO --> 以[xpath]方式定位[/html/body/form/table/tbody/tr[2]/td[1]/div/font]元素
2022-07-17 21:14:02,311 --> SeleniumWrapper.py   [line:85] --> INFO --> 截图成功存放路径：[../picture/test001.png]
2022-07-17 21:14:52,539 --> SeleniumWrapper.py   [line:47] --> INFO --> 访问[file:\\E:\UIAutomation\common\message.html]地址
2022-07-17 21:14:53,667 --> WebDriverWrapper.py  [line:59] --> INFO --> 启动浏览器 --> Chrome
2022-07-17 21:14:53,849 --> SeleniumWrapper.py   [line:54] --> INFO --> 以[xpath]方式定位[/html/body/form/table/tbody]元素
2022-07-17 21:14:53,896 --> SeleniumWrapper.py   [line:54] --> INFO --> 以[xpath]方式定位[/html/body/form/table/tbody/tr[2]/td[1]/div/font]元素
2022-07-17 21:14:53,992 --> SeleniumWrapper.py   [line:85] --> INFO --> 截图成功存放路径：[../picture/test001.png]
2022-07-17 21:15:45,100 --> SeleniumWrapper.py   [line:47] --> INFO --> 访问[file:\\E:\UIAutomation\common\message.html]地址
2022-07-17 21:15:46,213 --> WebDriverWrapper.py  [line:59] --> INFO --> 启动浏览器 --> Chrome
2022-07-17 21:15:46,385 --> SeleniumWrapper.py   [line:54] --> INFO --> 以[xpath]方式定位[/html/body/form/table/tbody]元素
2022-07-17 21:15:46,435 --> SeleniumWrapper.py   [line:54] --> INFO --> 以[xpath]方式定位[/html/body/form/table/tbody/tr[2]/td[1]/div/font]元素
2022-07-17 21:15:46,540 --> SeleniumWrapper.py   [line:85] --> INFO --> 截图成功存放路径：[../picture/test001.png]
2022-07-17 21:16:33,275 --> SeleniumWrapper.py   [line:47] --> INFO --> 访问[file:\\E:\UIAutomation\common\message.html]地址
2022-07-17 21:16:34,404 --> WebDriverWrapper.py  [line:59] --> INFO --> 启动浏览器 --> Chrome
2022-07-17 21:16:34,602 --> SeleniumWrapper.py   [line:54] --> INFO --> 以[xpath]方式定位[/html/body/form/table/tbody]元素
2022-07-17 21:16:34,644 --> SeleniumWrapper.py   [line:54] --> INFO --> 以[xpath]方式定位[/html/body/form/table/tbody/tr[2]/td[1]/div/font]元素
2022-07-17 21:16:34,755 --> SeleniumWrapper.py   [line:85] --> INFO --> 截图成功存放路径：[../picture/test001.png]
2022-07-17 21:16:53,101 --> SeleniumWrapper.py   [line:47] --> INFO --> 访问[file:\\E:\UIAutomation\common\message.html]地址
2022-07-17 21:16:54,291 --> WebDriverWrapper.py  [line:59] --> INFO --> 启动浏览器 --> Chrome
2022-07-17 21:16:54,408 --> SeleniumWrapper.py   [line:54] --> INFO --> 以[xpath]方式定位[/html/body/form/table/tbody]元素
2022-07-17 21:16:54,455 --> SeleniumWrapper.py   [line:54] --> INFO --> 以[xpath]方式定位[/html/body/form/table/tbody/tr[2]/td[1]/div/font]元素
2022-07-17 21:16:54,824 --> SeleniumWrapper.py   [line:85] --> INFO --> 截图成功存放路径：[../picture/test001.png]
2022-07-17 21:17:42,511 --> SeleniumWrapper.py   [line:47] --> INFO --> 访问[file:\\E:\UIAutomation\common\message.html]地址
2022-07-17 21:17:43,675 --> WebDriverWrapper.py  [line:59] --> INFO --> 启动浏览器 --> Chrome
2022-07-17 21:17:43,865 --> SeleniumWrapper.py   [line:54] --> INFO --> 以[xpath]方式定位[/html/body/form/table/tbody]元素
2022-07-17 21:17:43,911 --> SeleniumWrapper.py   [line:54] --> INFO --> 以[xpath]方式定位[/html/body/form/table/tbody/tr[2]/td[1]/div/font]元素
2022-07-17 21:17:44,105 --> SeleniumWrapper.py   [line:85] --> INFO --> 截图成功存放路径：[../picture/test001.png]
2022-07-17 21:18:02,050 --> SeleniumWrapper.py   [line:47] --> INFO --> 访问[file:\\E:\UIAutomation\common\message.html]地址
2022-07-17 21:18:03,200 --> WebDriverWrapper.py  [line:59] --> INFO --> 启动浏览器 --> Chrome
2022-07-17 21:18:03,432 --> SeleniumWrapper.py   [line:54] --> INFO --> 以[xpath]方式定位[/html/body/form/table/tbody]元素
2022-07-17 21:18:03,478 --> SeleniumWrapper.py   [line:54] --> INFO --> 以[xpath]方式定位[/html/body/form/table/tbody/tr[2]/td[1]/div/font]元素
2022-07-17 21:18:03,584 --> SeleniumWrapper.py   [line:85] --> INFO --> 截图成功存放路径：[../picture/test001.png]
2022-07-17 21:18:17,270 --> SeleniumWrapper.py   [line:47] --> INFO --> 访问[file:\\E:\UIAutomation\common\message.html]地址
2022-07-17 21:18:18,408 --> WebDriverWrapper.py  [line:59] --> INFO --> 启动浏览器 --> Chrome
2022-07-17 21:18:18,586 --> SeleniumWrapper.py   [line:54] --> INFO --> 以[xpath]方式定位[/html/body/form/table/tbody]元素
2022-07-17 21:18:18,634 --> SeleniumWrapper.py   [line:54] --> INFO --> 以[xpath]方式定位[/html/body/form/table/tbody/tr[2]/td[1]/div/font]元素
2022-07-17 21:18:18,735 --> SeleniumWrapper.py   [line:85] --> INFO --> 截图成功存放路径：[../picture/test001.png]
2022-07-17 21:18:26,267 --> SeleniumWrapper.py   [line:47] --> INFO --> 访问[file:\\E:\UIAutomation\common\message.html]地址
2022-07-17 21:18:27,511 --> WebDriverWrapper.py  [line:59] --> INFO --> 启动浏览器 --> Chrome
2022-07-17 21:18:27,694 --> SeleniumWrapper.py   [line:54] --> INFO --> 以[xpath]方式定位[/html/body/form/table/tbody]元素
2022-07-17 21:18:27,749 --> SeleniumWrapper.py   [line:54] --> INFO --> 以[xpath]方式定位[/html/body/form/table/tbody/tr[2]/td[1]/div/font]元素
2022-07-17 21:18:27,854 --> SeleniumWrapper.py   [line:85] --> INFO --> 截图成功存放路径：[../picture/test001.png]
2022-07-17 21:20:00,121 --> SeleniumWrapper.py   [line:47] --> INFO --> 访问[file:\\E:\UIAutomation\common\message.html]地址
2022-07-17 21:20:01,300 --> WebDriverWrapper.py  [line:59] --> INFO --> 启动浏览器 --> Chrome
2022-07-17 21:20:01,472 --> SeleniumWrapper.py   [line:54] --> INFO --> 以[xpath]方式定位[/html/body/form/table/tbody/tr[2]/td[1]]元素
2022-07-17 21:20:01,515 --> SeleniumWrapper.py   [line:54] --> INFO --> 以[xpath]方式定位[/html/body/form/table/tbody/tr[2]/td[1]/div/font]元素
2022-07-17 21:20:01,614 --> SeleniumWrapper.py   [line:85] --> INFO --> 截图成功存放路径：[../picture/test001.png]
2022-07-17 21:20:17,743 --> SeleniumWrapper.py   [line:47] --> INFO --> 访问[file:\\E:\UIAutomation\common\message.html]地址
2022-07-17 21:20:18,930 --> WebDriverWrapper.py  [line:59] --> INFO --> 启动浏览器 --> Chrome
2022-07-17 21:20:19,096 --> SeleniumWrapper.py   [line:54] --> INFO --> 以[xpath]方式定位[/html/body/form/table/tbody/tr[2]/td[1]]元素
2022-07-17 21:20:19,142 --> SeleniumWrapper.py   [line:54] --> INFO --> 以[xpath]方式定位[/html/body/form/table/tbody/tr[2]/td[1]/div/font]元素
2022-07-17 21:20:19,247 --> SeleniumWrapper.py   [line:85] --> INFO --> 截图成功存放路径：[../picture/test001.png]
2022-07-17 21:21:33,408 --> SeleniumWrapper.py   [line:47] --> INFO --> 访问[file:\\E:\UIAutomation\common\message.html]地址
2022-07-17 21:21:34,712 --> WebDriverWrapper.py  [line:59] --> INFO --> 启动浏览器 --> Chrome
2022-07-17 21:21:34,876 --> SeleniumWrapper.py   [line:54] --> INFO --> 以[xpath]方式定位[/html/body/form/table/tbody/tr[2]/td[1]]元素
2022-07-17 21:21:34,921 --> SeleniumWrapper.py   [line:54] --> INFO --> 以[xpath]方式定位[/html/body/form/table/tbody/tr[2]/td[1]/div/font]元素
2022-07-17 21:21:35,026 --> SeleniumWrapper.py   [line:85] --> INFO --> 截图成功存放路径：[../picture/test001.png]
2022-07-17 21:21:44,479 --> SeleniumWrapper.py   [line:47] --> INFO --> 访问[file:\\E:\UIAutomation\common\message.html]地址
2022-07-17 21:21:45,672 --> WebDriverWrapper.py  [line:59] --> INFO --> 启动浏览器 --> Chrome
2022-07-17 21:21:45,863 --> SeleniumWrapper.py   [line:54] --> INFO --> 以[xpath]方式定位[/html/body/form/table/tbody/tr[2]/td[1]]元素
2022-07-17 21:21:45,944 --> SeleniumWrapper.py   [line:54] --> INFO --> 以[xpath]方式定位[/html/body/form/table/tbody/tr[2]/td[1]/div/font]元素
2022-07-17 21:21:46,059 --> SeleniumWrapper.py   [line:85] --> INFO --> 截图成功存放路径：[../picture/test001.png]
2022-07-17 21:21:53,060 --> SeleniumWrapper.py   [line:47] --> INFO --> 访问[file:\\E:\UIAutomation\common\message.html]地址
2022-07-17 21:21:54,192 --> WebDriverWrapper.py  [line:59] --> INFO --> 启动浏览器 --> Chrome
2022-07-17 21:21:54,379 --> SeleniumWrapper.py   [line:54] --> INFO --> 以[xpath]方式定位[/html/body/form/table/tbody/tr[2]/td[1]]元素
2022-07-17 21:21:54,422 --> SeleniumWrapper.py   [line:54] --> INFO --> 以[xpath]方式定位[/html/body/form/table/tbody/tr[2]/td[1]/div/font]元素
2022-07-17 21:21:54,527 --> SeleniumWrapper.py   [line:85] --> INFO --> 截图成功存放路径：[../picture/test001.png]
2022-07-17 21:22:25,163 --> SeleniumWrapper.py   [line:47] --> INFO --> 访问[file:\\E:\UIAutomation\common\message.html]地址
2022-07-17 21:22:26,287 --> WebDriverWrapper.py  [line:59] --> INFO --> 启动浏览器 --> Chrome
2022-07-17 21:22:26,462 --> SeleniumWrapper.py   [line:54] --> INFO --> 以[xpath]方式定位[/html/body/form/table/tbody/tr[2]/td[1]]元素
2022-07-17 21:22:26,505 --> SeleniumWrapper.py   [line:54] --> INFO --> 以[xpath]方式定位[/html/body/form/table/tbody/tr[2]/td[1]/div/font]元素
2022-07-17 21:22:26,642 --> SeleniumWrapper.py   [line:85] --> INFO --> 截图成功存放路径：[../picture/test001.png]
2022-07-17 21:22:38,648 --> SeleniumWrapper.py   [line:47] --> INFO --> 访问[file:\\E:\UIAutomation\common\message.html]地址
2022-07-17 21:22:39,779 --> WebDriverWrapper.py  [line:59] --> INFO --> 启动浏览器 --> Chrome
2022-07-17 21:22:39,935 --> SeleniumWrapper.py   [line:54] --> INFO --> 以[xpath]方式定位[/html/body/form/table/tbody/tr[2]/td[1]]元素
2022-07-17 21:22:39,982 --> SeleniumWrapper.py   [line:54] --> INFO --> 以[xpath]方式定位[/html/body/form/table/tbody/tr[2]/td[1]/div/font]元素
2022-07-17 21:22:40,093 --> SeleniumWrapper.py   [line:85] --> INFO --> 截图成功存放路径：[../picture/test001.png]
2022-07-17 21:23:04,173 --> SeleniumWrapper.py   [line:47] --> INFO --> 访问[file:\\E:\UIAutomation\common\message.html]地址
2022-07-17 21:23:05,309 --> WebDriverWrapper.py  [line:59] --> INFO --> 启动浏览器 --> Chrome
2022-07-17 21:23:05,494 --> SeleniumWrapper.py   [line:54] --> INFO --> 以[xpath]方式定位[/html/body/form/table/tbody/tr[2]/td[1]]元素
2022-07-17 21:23:05,540 --> SeleniumWrapper.py   [line:54] --> INFO --> 以[xpath]方式定位[/html/body/form/table/tbody/tr[2]/td[1]/div/font]元素
2022-07-17 21:23:05,671 --> SeleniumWrapper.py   [line:85] --> INFO --> 截图成功存放路径：[../picture/test001.png]
2022-07-17 21:23:14,332 --> SeleniumWrapper.py   [line:47] --> INFO --> 访问[file:\\E:\UIAutomation\common\message.html]地址
2022-07-17 21:23:15,448 --> WebDriverWrapper.py  [line:59] --> INFO --> 启动浏览器 --> Chrome
2022-07-17 21:23:15,607 --> SeleniumWrapper.py   [line:54] --> INFO --> 以[xpath]方式定位[/html/body/form/table/tbody/tr[2]/td[1]]元素
2022-07-17 21:23:15,650 --> SeleniumWrapper.py   [line:54] --> INFO --> 以[xpath]方式定位[/html/body/form/table/tbody/tr[2]/td[1]/div/font]元素
2022-07-17 21:23:15,757 --> SeleniumWrapper.py   [line:85] --> INFO --> 截图成功存放路径：[../picture/test001.png]
2022-07-17 21:23:21,709 --> SeleniumWrapper.py   [line:47] --> INFO --> 访问[file:\\E:\UIAutomation\common\message.html]地址
2022-07-17 21:23:22,928 --> WebDriverWrapper.py  [line:59] --> INFO --> 启动浏览器 --> Chrome
2022-07-17 21:23:23,105 --> SeleniumWrapper.py   [line:54] --> INFO --> 以[xpath]方式定位[/html/body/form/table/tbody/tr[2]/td[1]]元素
2022-07-17 21:23:23,152 --> SeleniumWrapper.py   [line:54] --> INFO --> 以[xpath]方式定位[/html/body/form/table/tbody/tr[2]/td[1]/div/font]元素
2022-07-17 21:23:23,292 --> SeleniumWrapper.py   [line:85] --> INFO --> 截图成功存放路径：[../picture/test001.png]
2022-07-17 21:23:34,879 --> SeleniumWrapper.py   [line:47] --> INFO --> 访问[file:\\E:\UIAutomation\common\message.html]地址
2022-07-17 21:23:35,983 --> WebDriverWrapper.py  [line:59] --> INFO --> 启动浏览器 --> Chrome
2022-07-17 21:23:36,140 --> SeleniumWrapper.py   [line:54] --> INFO --> 以[xpath]方式定位[/html/body/form/table/tbody/tr[2]/td[1]]元素
2022-07-17 21:23:36,185 --> SeleniumWrapper.py   [line:54] --> INFO --> 以[xpath]方式定位[/html/body/form/table/tbody/tr[2]/td[1]/div/font]元素
2022-07-17 21:23:36,313 --> SeleniumWrapper.py   [line:85] --> INFO --> 截图成功存放路径：[../picture/test001.png]
2022-07-17 21:23:47,331 --> SeleniumWrapper.py   [line:47] --> INFO --> 访问[file:\\E:\UIAutomation\common\message.html]地址
2022-07-17 21:23:48,471 --> WebDriverWrapper.py  [line:59] --> INFO --> 启动浏览器 --> Chrome
2022-07-17 21:23:48,676 --> SeleniumWrapper.py   [line:54] --> INFO --> 以[xpath]方式定位[/html/body/form/table/tbody/tr[2]/td[1]]元素
2022-07-17 21:23:48,722 --> SeleniumWrapper.py   [line:54] --> INFO --> 以[xpath]方式定位[/html/body/form/table/tbody/tr[2]/td[1]/div/font]元素
2022-07-17 21:23:48,822 --> SeleniumWrapper.py   [line:85] --> INFO --> 截图成功存放路径：[../picture/test001.png]
2022-07-17 21:23:57,556 --> SeleniumWrapper.py   [line:47] --> INFO --> 访问[file:\\E:\UIAutomation\common\message.html]地址
2022-07-17 21:23:58,715 --> WebDriverWrapper.py  [line:59] --> INFO --> 启动浏览器 --> Chrome
2022-07-17 21:23:58,910 --> SeleniumWrapper.py   [line:54] --> INFO --> 以[xpath]方式定位[/html/body/form/table/tbody/tr[2]/td[1]]元素
2022-07-17 21:23:58,965 --> SeleniumWrapper.py   [line:54] --> INFO --> 以[xpath]方式定位[/html/body/form/table/tbody/tr[2]/td[1]/div/font]元素
2022-07-17 21:23:59,125 --> SeleniumWrapper.py   [line:85] --> INFO --> 截图成功存放路径：[../picture/test001.png]
2022-07-17 21:24:05,552 --> SeleniumWrapper.py   [line:47] --> INFO --> 访问[file:\\E:\UIAutomation\common\message.html]地址
2022-07-17 21:24:06,761 --> WebDriverWrapper.py  [line:59] --> INFO --> 启动浏览器 --> Chrome
2022-07-17 21:24:06,952 --> SeleniumWrapper.py   [line:54] --> INFO --> 以[xpath]方式定位[/html/body/form/table/tbody/tr[2]/td[1]]元素
2022-07-17 21:24:06,993 --> SeleniumWrapper.py   [line:54] --> INFO --> 以[xpath]方式定位[/html/body/form/table/tbody/tr[2]/td[1]/div/font]元素
2022-07-17 21:24:07,088 --> SeleniumWrapper.py   [line:85] --> INFO --> 截图成功存放路径：[../picture/test001.png]
2022-07-17 21:24:27,806 --> SeleniumWrapper.py   [line:47] --> INFO --> 访问[file:\\E:\UIAutomation\common\message.html]地址
2022-07-17 21:24:29,017 --> WebDriverWrapper.py  [line:59] --> INFO --> 启动浏览器 --> Chrome
2022-07-17 21:24:29,184 --> SeleniumWrapper.py   [line:54] --> INFO --> 以[xpath]方式定位[/html/body/form/table/tbody/tr[2]/td[1]]元素
2022-07-17 21:24:29,233 --> SeleniumWrapper.py   [line:54] --> INFO --> 以[xpath]方式定位[/html/body/form/table/tbody/tr[2]/td[1]/div/font]元素
2022-07-17 21:24:29,336 --> SeleniumWrapper.py   [line:85] --> INFO --> 截图成功存放路径：[../picture/test001.png]
2022-07-17 21:24:40,347 --> SeleniumWrapper.py   [line:47] --> INFO --> 访问[file:\\E:\UIAutomation\common\message.html]地址
2022-07-17 21:24:41,497 --> WebDriverWrapper.py  [line:59] --> INFO --> 启动浏览器 --> Chrome
2022-07-17 21:24:41,659 --> SeleniumWrapper.py   [line:54] --> INFO --> 以[xpath]方式定位[/html/body/form/table/tbody/tr[2]/td[1]]元素
2022-07-17 21:24:41,706 --> SeleniumWrapper.py   [line:54] --> INFO --> 以[xpath]方式定位[/html/body/form/table/tbody/tr[2]/td[1]/div/font]元素
2022-07-17 21:24:41,804 --> SeleniumWrapper.py   [line:85] --> INFO --> 截图成功存放路径：[../picture/test001.png]
2022-07-17 21:24:54,514 --> SeleniumWrapper.py   [line:47] --> INFO --> 访问[file:\\E:\UIAutomation\common\message.html]地址
2022-07-17 21:24:55,645 --> WebDriverWrapper.py  [line:59] --> INFO --> 启动浏览器 --> Chrome
2022-07-17 21:24:55,805 --> SeleniumWrapper.py   [line:54] --> INFO --> 以[xpath]方式定位[/html/body/form/table/tbody/tr[2]/td[1]]元素
2022-07-17 21:24:55,846 --> SeleniumWrapper.py   [line:54] --> INFO --> 以[xpath]方式定位[/html/body/form/table/tbody/tr[2]/td[1]/div/font]元素
2022-07-17 21:24:55,954 --> SeleniumWrapper.py   [line:85] --> INFO --> 截图成功存放路径：[../picture/test001.png]
2022-07-17 21:25:05,247 --> SeleniumWrapper.py   [line:47] --> INFO --> 访问[file:\\E:\UIAutomation\common\message.html]地址
2022-07-17 21:25:06,389 --> WebDriverWrapper.py  [line:59] --> INFO --> 启动浏览器 --> Chrome
2022-07-17 21:25:06,552 --> SeleniumWrapper.py   [line:54] --> INFO --> 以[xpath]方式定位[/html/body/form/table/tbody/tr[2]/td[1]]元素
2022-07-17 21:25:06,602 --> SeleniumWrapper.py   [line:54] --> INFO --> 以[xpath]方式定位[/html/body/form/table/tbody/tr[2]/td[1]/div/font]元素
2022-07-17 21:25:06,702 --> SeleniumWrapper.py   [line:85] --> INFO --> 截图成功存放路径：[../picture/test001.png]
2022-07-17 21:25:14,479 --> SeleniumWrapper.py   [line:47] --> INFO --> 访问[file:\\E:\UIAutomation\common\message.html]地址
2022-07-17 21:25:15,593 --> WebDriverWrapper.py  [line:59] --> INFO --> 启动浏览器 --> Chrome
2022-07-17 21:25:15,819 --> SeleniumWrapper.py   [line:54] --> INFO --> 以[xpath]方式定位[/html/body/form/table/tbody/tr[2]/td[1]]元素
2022-07-17 21:25:15,863 --> SeleniumWrapper.py   [line:54] --> INFO --> 以[xpath]方式定位[/html/body/form/table/tbody/tr[2]/td[1]/div/font]元素
2022-07-17 21:25:16,002 --> SeleniumWrapper.py   [line:85] --> INFO --> 截图成功存放路径：[../picture/test001.png]
2022-07-17 21:25:25,562 --> SeleniumWrapper.py   [line:47] --> INFO --> 访问[file:\\E:\UIAutomation\common\message.html]地址
2022-07-17 21:25:26,760 --> WebDriverWrapper.py  [line:59] --> INFO --> 启动浏览器 --> Chrome
2022-07-17 21:25:26,920 --> SeleniumWrapper.py   [line:54] --> INFO --> 以[xpath]方式定位[/html/body/form/table/tbody/tr[2]/td[1]]元素
2022-07-17 21:25:26,964 --> SeleniumWrapper.py   [line:54] --> INFO --> 以[xpath]方式定位[/html/body/form/table/tbody/tr[2]/td[1]/div/font]元素
2022-07-17 21:25:27,069 --> SeleniumWrapper.py   [line:85] --> INFO --> 截图成功存放路径：[../picture/test001.png]
2022-07-17 21:25:35,349 --> SeleniumWrapper.py   [line:47] --> INFO --> 访问[file:\\E:\UIAutomation\common\message.html]地址
2022-07-17 21:25:36,568 --> WebDriverWrapper.py  [line:59] --> INFO --> 启动浏览器 --> Chrome
2022-07-17 21:25:36,777 --> SeleniumWrapper.py   [line:54] --> INFO --> 以[xpath]方式定位[/html/body/form/table/tbody/tr[2]/td[1]]元素
2022-07-17 21:25:36,821 --> SeleniumWrapper.py   [line:54] --> INFO --> 以[xpath]方式定位[/html/body/form/table/tbody/tr[2]/td[1]/div/font]元素
2022-07-17 21:25:36,918 --> SeleniumWrapper.py   [line:85] --> INFO --> 截图成功存放路径：[../picture/test001.png]
2022-07-17 21:25:44,112 --> SeleniumWrapper.py   [line:47] --> INFO --> 访问[file:\\E:\UIAutomation\common\message.html]地址
2022-07-17 21:25:45,264 --> WebDriverWrapper.py  [line:59] --> INFO --> 启动浏览器 --> Chrome
2022-07-17 21:25:45,464 --> SeleniumWrapper.py   [line:54] --> INFO --> 以[xpath]方式定位[/html/body/form/table/tbody/tr[2]/td[1]]元素
2022-07-17 21:25:45,508 --> SeleniumWrapper.py   [line:54] --> INFO --> 以[xpath]方式定位[/html/body/form/table/tbody/tr[2]/td[1]/div/font]元素
2022-07-17 21:25:45,626 --> SeleniumWrapper.py   [line:85] --> INFO --> 截图成功存放路径：[../picture/test001.png]
2022-07-17 21:25:53,056 --> SeleniumWrapper.py   [line:47] --> INFO --> 访问[file:\\E:\UIAutomation\common\message.html]地址
2022-07-17 21:25:54,180 --> WebDriverWrapper.py  [line:59] --> INFO --> 启动浏览器 --> Chrome
2022-07-17 21:25:54,384 --> SeleniumWrapper.py   [line:54] --> INFO --> 以[xpath]方式定位[/html/body/form/table/tbody/tr[2]/td[1]]元素
2022-07-17 21:25:54,429 --> SeleniumWrapper.py   [line:54] --> INFO --> 以[xpath]方式定位[/html/body/form/table/tbody/tr[2]/td[1]/div/font]元素
2022-07-17 21:25:54,541 --> SeleniumWrapper.py   [line:85] --> INFO --> 截图成功存放路径：[../picture/test001.png]
2022-07-17 21:26:02,332 --> SeleniumWrapper.py   [line:47] --> INFO --> 访问[file:\\E:\UIAutomation\common\message.html]地址
2022-07-17 21:26:03,531 --> WebDriverWrapper.py  [line:59] --> INFO --> 启动浏览器 --> Chrome
2022-07-17 21:26:03,697 --> SeleniumWrapper.py   [line:54] --> INFO --> 以[xpath]方式定位[/html/body/form/table/tbody/tr[2]/td[1]]元素
2022-07-17 21:26:03,748 --> SeleniumWrapper.py   [line:54] --> INFO --> 以[xpath]方式定位[/html/body/form/table/tbody/tr[2]/td[1]/div/font]元素
2022-07-17 21:26:03,849 --> SeleniumWrapper.py   [line:85] --> INFO --> 截图成功存放路径：[../picture/test001.png]
2022-07-17 21:26:43,293 --> SeleniumWrapper.py   [line:47] --> INFO --> 访问[file:\\E:\UIAutomation\common\message.html]地址
2022-07-17 21:26:44,491 --> WebDriverWrapper.py  [line:59] --> INFO --> 启动浏览器 --> Chrome
2022-07-17 21:26:44,755 --> SeleniumWrapper.py   [line:54] --> INFO --> 以[xpath]方式定位[/html/body/form/table/tbody/tr[2]/td[1]/div/font]元素
2022-07-17 21:26:44,810 --> SeleniumWrapper.py   [line:54] --> INFO --> 以[xpath]方式定位[//*[@id="un"]]元素
2022-07-17 21:26:44,939 --> SeleniumWrapper.py   [line:85] --> INFO --> 截图成功存放路径：[../picture/test001.png]
2022-07-17 21:27:00,766 --> SeleniumWrapper.py   [line:47] --> INFO --> 访问[file:\\E:\UIAutomation\common\message.html]地址
2022-07-17 21:27:02,063 --> WebDriverWrapper.py  [line:59] --> INFO --> 启动浏览器 --> Chrome
2022-07-17 21:27:02,336 --> SeleniumWrapper.py   [line:54] --> INFO --> 以[xpath]方式定位[/html/body/form/table/tbody/tr[2]/td[1]/div/font]元素
2022-07-17 21:27:02,384 --> SeleniumWrapper.py   [line:54] --> INFO --> 以[xpath]方式定位[//*[@id="un"]]元素
2022-07-17 21:27:02,497 --> SeleniumWrapper.py   [line:85] --> INFO --> 截图成功存放路径：[../picture/test001.png]
2022-07-17 21:27:34,860 --> SeleniumWrapper.py   [line:47] --> INFO --> 访问[file:\\E:\UIAutomation\common\message.html]地址
2022-07-17 21:27:35,998 --> WebDriverWrapper.py  [line:59] --> INFO --> 启动浏览器 --> Chrome
2022-07-17 21:27:36,163 --> SeleniumWrapper.py   [line:54] --> INFO --> 以[xpath]方式定位[/html/body/form/table/tbody/tr[1]]元素
2022-07-17 21:27:36,208 --> SeleniumWrapper.py   [line:54] --> INFO --> 以[xpath]方式定位[//*[@id="un"]]元素
2022-07-17 21:27:36,314 --> SeleniumWrapper.py   [line:85] --> INFO --> 截图成功存放路径：[../picture/test001.png]
2022-07-17 21:28:08,280 --> SeleniumWrapper.py   [line:47] --> INFO --> 访问[file:\\E:\UIAutomation\common\message.html]地址
2022-07-17 21:28:09,416 --> WebDriverWrapper.py  [line:59] --> INFO --> 启动浏览器 --> Chrome
2022-07-17 21:28:09,588 --> SeleniumWrapper.py   [line:54] --> INFO --> 以[xpath]方式定位[/html/body/form/table/tbody/tr[1]]元素
2022-07-17 21:28:09,634 --> SeleniumWrapper.py   [line:54] --> INFO --> 以[xpath]方式定位[/html/body/form/table/tbody/tr[2]]元素
2022-07-17 21:28:09,729 --> SeleniumWrapper.py   [line:85] --> INFO --> 截图成功存放路径：[../picture/test001.png]
2022-07-17 21:28:36,798 --> SeleniumWrapper.py   [line:47] --> INFO --> 访问[file:\\E:\UIAutomation\common\message.html]地址
2022-07-17 21:28:37,996 --> WebDriverWrapper.py  [line:59] --> INFO --> 启动浏览器 --> Chrome
2022-07-17 21:28:38,166 --> SeleniumWrapper.py   [line:54] --> INFO --> 以[xpath]方式定位[/html/body/form/table/tbody]元素
2022-07-17 21:28:38,213 --> SeleniumWrapper.py   [line:54] --> INFO --> 以[xpath]方式定位[/html/body/form/table/tbody/tr[2]]元素
2022-07-17 21:28:38,311 --> SeleniumWrapper.py   [line:85] --> INFO --> 截图成功存放路径：[../picture/test001.png]
2022-07-17 21:28:55,566 --> SeleniumWrapper.py   [line:47] --> INFO --> 访问[file:\\E:\UIAutomation\common\message.html]地址
2022-07-17 21:28:56,709 --> WebDriverWrapper.py  [line:59] --> INFO --> 启动浏览器 --> Chrome
2022-07-17 21:28:56,881 --> SeleniumWrapper.py   [line:54] --> INFO --> 以[xpath]方式定位[/html/body/form/table]元素
2022-07-17 21:28:56,928 --> SeleniumWrapper.py   [line:54] --> INFO --> 以[xpath]方式定位[/html/body/form/table/tbody/tr[2]]元素
2022-07-17 21:28:57,026 --> SeleniumWrapper.py   [line:85] --> INFO --> 截图成功存放路径：[../picture/test001.png]
2022-07-17 21:29:32,585 --> SeleniumWrapper.py   [line:47] --> INFO --> 访问[file:\\E:\UIAutomation\common\message.html]地址
2022-07-17 21:29:33,761 --> WebDriverWrapper.py  [line:59] --> INFO --> 启动浏览器 --> Chrome
2022-07-17 21:29:33,947 --> SeleniumWrapper.py   [line:54] --> INFO --> 以[xpath]方式定位[/html/body/form/table/tbody]元素
2022-07-17 21:29:33,992 --> SeleniumWrapper.py   [line:54] --> INFO --> 以[xpath]方式定位[/html/body/form/table/tbody/tr[2]/td[1]]元素
2022-07-17 21:29:34,121 --> SeleniumWrapper.py   [line:85] --> INFO --> 截图成功存放路径：[../picture/test001.png]
2022-07-17 21:29:48,380 --> SeleniumWrapper.py   [line:47] --> INFO --> 访问[file:\\E:\UIAutomation\common\message.html]地址
2022-07-17 21:29:49,550 --> WebDriverWrapper.py  [line:59] --> INFO --> 启动浏览器 --> Chrome
2022-07-17 21:29:49,785 --> SeleniumWrapper.py   [line:54] --> INFO --> 以[xpath]方式定位[/html/body/form/table/tbody]元素
2022-07-17 21:29:49,858 --> SeleniumWrapper.py   [line:54] --> INFO --> 以[xpath]方式定位[/html/body/form/table/tbody/tr[2]/td[1]]元素
2022-07-17 21:29:50,016 --> SeleniumWrapper.py   [line:85] --> INFO --> 截图成功存放路径：[../picture/test001.png]
2022-07-17 21:29:57,138 --> SeleniumWrapper.py   [line:47] --> INFO --> 访问[file:\\E:\UIAutomation\common\message.html]地址
2022-07-17 21:29:58,288 --> WebDriverWrapper.py  [line:59] --> INFO --> 启动浏览器 --> Chrome
2022-07-17 21:29:58,459 --> SeleniumWrapper.py   [line:54] --> INFO --> 以[xpath]方式定位[/html/body/form/table/tbody]元素
2022-07-17 21:29:58,502 --> SeleniumWrapper.py   [line:54] --> INFO --> 以[xpath]方式定位[/html/body/form/table/tbody/tr[2]/td[1]]元素
2022-07-17 21:29:58,611 --> SeleniumWrapper.py   [line:85] --> INFO --> 截图成功存放路径：[../picture/test001.png]
2022-07-17 21:30:09,978 --> SeleniumWrapper.py   [line:47] --> INFO --> 访问[file:\\E:\UIAutomation\common\message.html]地址
2022-07-17 21:30:11,155 --> WebDriverWrapper.py  [line:59] --> INFO --> 启动浏览器 --> Chrome
2022-07-17 21:30:11,324 --> SeleniumWrapper.py   [line:54] --> INFO --> 以[xpath]方式定位[/html/body/form/table/tbody]元素
2022-07-17 21:30:11,369 --> SeleniumWrapper.py   [line:54] --> INFO --> 以[xpath]方式定位[/html/body/form/table/tbody/tr[2]/td[1]]元素
2022-07-17 21:30:11,533 --> SeleniumWrapper.py   [line:85] --> INFO --> 截图成功存放路径：[../picture/test001.png]
2022-07-17 21:30:37,944 --> SeleniumWrapper.py   [line:47] --> INFO --> 访问[file:\\E:\UIAutomation\common\message.html]地址
2022-07-17 21:30:39,173 --> WebDriverWrapper.py  [line:59] --> INFO --> 启动浏览器 --> Chrome
2022-07-17 21:30:39,350 --> SeleniumWrapper.py   [line:54] --> INFO --> 以[xpath]方式定位[/html/body/form/table/tbody]元素
2022-07-17 21:30:39,394 --> SeleniumWrapper.py   [line:54] --> INFO --> 以[xpath]方式定位[/html/body/form/table/tbody/tr[2]/td[2]]元素
2022-07-17 21:30:39,491 --> SeleniumWrapper.py   [line:85] --> INFO --> 截图成功存放路径：[../picture/test001.png]
2022-07-17 21:30:49,675 --> SeleniumWrapper.py   [line:47] --> INFO --> 访问[file:\\E:\UIAutomation\common\message.html]地址
2022-07-17 21:30:50,819 --> WebDriverWrapper.py  [line:59] --> INFO --> 启动浏览器 --> Chrome
2022-07-17 21:30:50,994 --> SeleniumWrapper.py   [line:54] --> INFO --> 以[xpath]方式定位[/html/body/form/table/tbody/tr[2]/td[2]]元素
2022-07-17 21:30:51,034 --> SeleniumWrapper.py   [line:54] --> INFO --> 以[xpath]方式定位[/html/body/form/table/tbody/tr[2]/td[2]]元素
2022-07-17 21:30:51,122 --> SeleniumWrapper.py   [line:85] --> INFO --> 截图成功存放路径：[../picture/test001.png]
2022-07-17 21:31:06,090 --> SeleniumWrapper.py   [line:47] --> INFO --> 访问[file:\\E:\UIAutomation\common\message.html]地址
2022-07-17 21:31:07,270 --> WebDriverWrapper.py  [line:59] --> INFO --> 启动浏览器 --> Chrome
2022-07-17 21:31:07,468 --> SeleniumWrapper.py   [line:54] --> INFO --> 以[xpath]方式定位[/html/body/form/table/tbody/tr[2]/td[1]/div]元素
2022-07-17 21:31:07,514 --> SeleniumWrapper.py   [line:54] --> INFO --> 以[xpath]方式定位[/html/body/form/table/tbody/tr[2]/td[2]]元素
2022-07-17 21:31:07,622 --> SeleniumWrapper.py   [line:85] --> INFO --> 截图成功存放路径：[../picture/test001.png]
2022-07-17 21:31:23,121 --> SeleniumWrapper.py   [line:47] --> INFO --> 访问[file:\\E:\UIAutomation\common\message.html]地址
2022-07-17 21:31:24,315 --> WebDriverWrapper.py  [line:59] --> INFO --> 启动浏览器 --> Chrome
2022-07-17 21:31:24,523 --> SeleniumWrapper.py   [line:54] --> INFO --> 以[xpath]方式定位[/html/body/form/table/tbody/tr[1]/td/div]元素
2022-07-17 21:31:24,566 --> SeleniumWrapper.py   [line:54] --> INFO --> 以[xpath]方式定位[/html/body/form/table/tbody/tr[2]/td[2]]元素
2022-07-17 21:31:24,671 --> SeleniumWrapper.py   [line:85] --> INFO --> 截图成功存放路径：[../picture/test001.png]
2022-07-17 21:35:47,412 --> SeleniumWrapper.py   [line:47] --> INFO --> 访问[file:\\E:\UIAutomation\common\message.html]地址
2022-07-17 21:35:48,609 --> WebDriverWrapper.py  [line:59] --> INFO --> 启动浏览器 --> Chrome
2022-07-17 21:35:48,778 --> SeleniumWrapper.py   [line:54] --> INFO --> 以[xpath]方式定位[/html/body/form/table]元素
2022-07-17 21:35:48,822 --> SeleniumWrapper.py   [line:54] --> INFO --> 以[xpath]方式定位[/html/body/form/table/tbody/tr[2]/td[2]]元素
2022-07-17 21:35:48,926 --> SeleniumWrapper.py   [line:85] --> INFO --> 截图成功存放路径：[../picture/test001.png]
2022-07-17 21:37:07,005 --> SeleniumWrapper.py   [line:47] --> INFO --> 访问[file:\\E:\UIAutomation\common\message.html]地址
2022-07-17 21:37:08,200 --> WebDriverWrapper.py  [line:59] --> INFO --> 启动浏览器 --> Chrome
2022-07-17 21:37:08,393 --> SeleniumWrapper.py   [line:54] --> INFO --> 以[xpath]方式定位[/html/body/form/table]元素
2022-07-17 21:37:08,439 --> SeleniumWrapper.py   [line:54] --> INFO --> 以[xpath]方式定位[/html/body/form/table/tbody/tr[2]/td[2]]元素
2022-07-17 21:37:08,539 --> SeleniumWrapper.py   [line:85] --> INFO --> 截图成功存放路径：[../picture/test001.png]
2022-07-17 21:38:04,964 --> SeleniumWrapper.py   [line:47] --> INFO --> 访问[file:\\E:\UIAutomation\common\message.html]地址
2022-07-17 21:38:06,108 --> WebDriverWrapper.py  [line:59] --> INFO --> 启动浏览器 --> Chrome
2022-07-17 21:38:06,270 --> SeleniumWrapper.py   [line:54] --> INFO --> 以[xpath]方式定位[/html/body/form/table]元素
2022-07-17 21:38:06,317 --> SeleniumWrapper.py   [line:54] --> INFO --> 以[xpath]方式定位[/html/body/form/table/tbody/tr[2]/td[2]]元素
2022-07-17 21:38:06,420 --> SeleniumWrapper.py   [line:85] --> INFO --> 截图成功存放路径：[../picture/test001.png]
2022-07-17 21:38:10,757 --> SeleniumWrapper.py   [line:47] --> INFO --> 访问[file:\\E:\UIAutomation\common\message.html]地址
2022-07-17 21:38:11,961 --> WebDriverWrapper.py  [line:59] --> INFO --> 启动浏览器 --> Chrome
2022-07-17 21:38:12,165 --> SeleniumWrapper.py   [line:54] --> INFO --> 以[xpath]方式定位[/html/body/form/table]元素
2022-07-17 21:38:12,210 --> SeleniumWrapper.py   [line:54] --> INFO --> 以[xpath]方式定位[/html/body/form/table/tbody/tr[2]/td[2]]元素
2022-07-17 21:38:12,320 --> SeleniumWrapper.py   [line:85] --> INFO --> 截图成功存放路径：[../picture/test001.png]
2022-07-17 21:38:46,749 --> SeleniumWrapper.py   [line:47] --> INFO --> 访问[file:\\E:\UIAutomation\common\message.html]地址
2022-07-17 21:38:47,949 --> WebDriverWrapper.py  [line:59] --> INFO --> 启动浏览器 --> Chrome
2022-07-17 21:38:48,165 --> SeleniumWrapper.py   [line:54] --> INFO --> 以[xpath]方式定位[/html/body/form/table]元素
2022-07-17 21:38:48,210 --> SeleniumWrapper.py   [line:54] --> INFO --> 以[xpath]方式定位[/html/body/form/table/tbody/tr[2]/td[2]]元素
2022-07-17 21:38:48,303 --> SeleniumWrapper.py   [line:85] --> INFO --> 截图成功存放路径：[../picture/test001.png]
2022-07-17 21:38:59,735 --> SeleniumWrapper.py   [line:47] --> INFO --> 访问[file:\\E:\UIAutomation\common\message.html]地址
2022-07-17 21:39:00,939 --> WebDriverWrapper.py  [line:59] --> INFO --> 启动浏览器 --> Chrome
2022-07-17 21:39:01,193 --> SeleniumWrapper.py   [line:54] --> INFO --> 以[xpath]方式定位[/html/body/form/table]元素
2022-07-17 21:39:01,241 --> SeleniumWrapper.py   [line:54] --> INFO --> 以[xpath]方式定位[/html/body/form/table/tbody/tr[2]/td[2]]元素
2022-07-17 21:39:01,335 --> SeleniumWrapper.py   [line:85] --> INFO --> 截图成功存放路径：[../picture/test001.png]
2022-07-17 21:39:11,068 --> SeleniumWrapper.py   [line:47] --> INFO --> 访问[file:\\E:\UIAutomation\common\message.html]地址
2022-07-17 21:39:12,231 --> WebDriverWrapper.py  [line:59] --> INFO --> 启动浏览器 --> Chrome
2022-07-17 21:39:12,410 --> SeleniumWrapper.py   [line:54] --> INFO --> 以[xpath]方式定位[/html/body/form/table]元素
2022-07-17 21:39:12,457 --> SeleniumWrapper.py   [line:54] --> INFO --> 以[xpath]方式定位[/html/body/form/table/tbody/tr[2]/td[2]]元素
2022-07-17 21:39:12,552 --> SeleniumWrapper.py   [line:85] --> INFO --> 截图成功存放路径：[../picture/test001.png]
2022-07-17 21:39:30,803 --> SeleniumWrapper.py   [line:47] --> INFO --> 访问[file:\\E:\UIAutomation\common\message.html]地址
2022-07-17 21:39:31,967 --> WebDriverWrapper.py  [line:59] --> INFO --> 启动浏览器 --> Chrome
2022-07-17 21:39:32,139 --> SeleniumWrapper.py   [line:54] --> INFO --> 以[xpath]方式定位[/html/body/form/table]元素
2022-07-17 21:39:32,186 --> SeleniumWrapper.py   [line:54] --> INFO --> 以[xpath]方式定位[/html/body/form/table/tbody/tr[2]/td[2]]元素
2022-07-17 21:39:32,292 --> SeleniumWrapper.py   [line:85] --> INFO --> 截图成功存放路径：[../picture/test001.png]
2022-07-17 21:39:47,034 --> SeleniumWrapper.py   [line:47] --> INFO --> 访问[file:\\E:\UIAutomation\common\message.html]地址
2022-07-17 21:39:48,217 --> WebDriverWrapper.py  [line:59] --> INFO --> 启动浏览器 --> Chrome
2022-07-17 21:39:48,389 --> SeleniumWrapper.py   [line:54] --> INFO --> 以[xpath]方式定位[/html/body/form/table]元素
2022-07-17 21:39:48,435 --> SeleniumWrapper.py   [line:54] --> INFO --> 以[xpath]方式定位[/html/body/form/table/tbody/tr[2]/td[2]]元素
2022-07-17 21:39:48,533 --> SeleniumWrapper.py   [line:85] --> INFO --> 截图成功存放路径：[../picture/test001.png]
2022-07-17 21:39:59,114 --> SeleniumWrapper.py   [line:47] --> INFO --> 访问[file:\\E:\UIAutomation\common\message.html]地址
2022-07-17 21:40:00,325 --> WebDriverWrapper.py  [line:59] --> INFO --> 启动浏览器 --> Chrome
2022-07-17 21:40:00,515 --> SeleniumWrapper.py   [line:54] --> INFO --> 以[xpath]方式定位[/html/body/form/table]元素
2022-07-17 21:40:00,568 --> SeleniumWrapper.py   [line:54] --> INFO --> 以[xpath]方式定位[/html/body/form/table/tbody/tr[2]/td[2]]元素
2022-07-17 21:40:00,710 --> SeleniumWrapper.py   [line:85] --> INFO --> 截图成功存放路径：[../picture/test001.png]
2022-07-17 21:40:11,324 --> SeleniumWrapper.py   [line:47] --> INFO --> 访问[file:\\E:\UIAutomation\common\message.html]地址
2022-07-17 21:40:12,422 --> WebDriverWrapper.py  [line:59] --> INFO --> 启动浏览器 --> Chrome
2022-07-17 21:40:12,594 --> SeleniumWrapper.py   [line:54] --> INFO --> 以[xpath]方式定位[/html/body/form/table]元素
2022-07-17 21:40:12,637 --> SeleniumWrapper.py   [line:54] --> INFO --> 以[xpath]方式定位[/html/body/form/table/tbody/tr[2]/td[2]]元素
2022-07-17 21:40:12,749 --> SeleniumWrapper.py   [line:85] --> INFO --> 截图成功存放路径：[../picture/test001.png]
2022-07-17 21:40:21,319 --> SeleniumWrapper.py   [line:47] --> INFO --> 访问[file:\\E:\UIAutomation\common\message.html]地址
2022-07-17 21:40:22,472 --> WebDriverWrapper.py  [line:59] --> INFO --> 启动浏览器 --> Chrome
2022-07-17 21:40:22,697 --> SeleniumWrapper.py   [line:54] --> INFO --> 以[xpath]方式定位[/html/body/form/table]元素
2022-07-17 21:40:22,741 --> SeleniumWrapper.py   [line:54] --> INFO --> 以[xpath]方式定位[/html/body/form/table/tbody/tr[2]/td[2]]元素
2022-07-17 21:40:22,881 --> SeleniumWrapper.py   [line:85] --> INFO --> 截图成功存放路径：[../picture/test001.png]
2022-07-17 21:40:30,087 --> SeleniumWrapper.py   [line:47] --> INFO --> 访问[file:\\E:\UIAutomation\common\message.html]地址
2022-07-17 21:40:31,289 --> WebDriverWrapper.py  [line:59] --> INFO --> 启动浏览器 --> Chrome
2022-07-17 21:40:31,463 --> SeleniumWrapper.py   [line:54] --> INFO --> 以[xpath]方式定位[/html/body/form/table]元素
2022-07-17 21:40:31,507 --> SeleniumWrapper.py   [line:54] --> INFO --> 以[xpath]方式定位[/html/body/form/table/tbody/tr[2]/td[2]]元素
2022-07-17 21:40:31,615 --> SeleniumWrapper.py   [line:85] --> INFO --> 截图成功存放路径：[../picture/test001.png]
2022-07-17 21:40:37,625 --> SeleniumWrapper.py   [line:47] --> INFO --> 访问[file:\\E:\UIAutomation\common\message.html]地址
2022-07-17 21:40:38,752 --> WebDriverWrapper.py  [line:59] --> INFO --> 启动浏览器 --> Chrome
2022-07-17 21:40:38,940 --> SeleniumWrapper.py   [line:54] --> INFO --> 以[xpath]方式定位[/html/body/form/table]元素
2022-07-17 21:40:38,985 --> SeleniumWrapper.py   [line:54] --> INFO --> 以[xpath]方式定位[/html/body/form/table/tbody/tr[2]/td[2]]元素
2022-07-17 21:40:39,082 --> SeleniumWrapper.py   [line:85] --> INFO --> 截图成功存放路径：[../picture/test001.png]
2022-07-17 21:40:47,818 --> SeleniumWrapper.py   [line:47] --> INFO --> 访问[file:\\E:\UIAutomation\common\message.html]地址
2022-07-17 21:40:49,000 --> WebDriverWrapper.py  [line:59] --> INFO --> 启动浏览器 --> Chrome
2022-07-17 21:40:49,170 --> SeleniumWrapper.py   [line:54] --> INFO --> 以[xpath]方式定位[/html/body/form/table]元素
2022-07-17 21:40:49,215 --> SeleniumWrapper.py   [line:54] --> INFO --> 以[xpath]方式定位[/html/body/form/table/tbody/tr[2]/td[2]]元素
2022-07-17 21:40:49,326 --> SeleniumWrapper.py   [line:85] --> INFO --> 截图成功存放路径：[../picture/test001.png]
2022-07-17 21:40:55,463 --> SeleniumWrapper.py   [line:47] --> INFO --> 访问[file:\\E:\UIAutomation\common\message.html]地址
2022-07-17 21:40:56,597 --> WebDriverWrapper.py  [line:59] --> INFO --> 启动浏览器 --> Chrome
2022-07-17 21:40:56,767 --> SeleniumWrapper.py   [line:54] --> INFO --> 以[xpath]方式定位[/html/body/form/table]元素
2022-07-17 21:40:56,809 --> SeleniumWrapper.py   [line:54] --> INFO --> 以[xpath]方式定位[/html/body/form/table/tbody/tr[2]/td[2]]元素
2022-07-17 21:40:56,917 --> SeleniumWrapper.py   [line:85] --> INFO --> 截图成功存放路径：[../picture/test001.png]
2022-07-17 21:41:24,544 --> SeleniumWrapper.py   [line:47] --> INFO --> 访问[file:\\E:\UIAutomation\common\message.html]地址
2022-07-17 21:41:25,728 --> WebDriverWrapper.py  [line:59] --> INFO --> 启动浏览器 --> Chrome
2022-07-17 21:41:25,955 --> SeleniumWrapper.py   [line:54] --> INFO --> 以[xpath]方式定位[/html/body/form/table]元素
2022-07-17 21:41:26,006 --> SeleniumWrapper.py   [line:54] --> INFO --> 以[xpath]方式定位[/html/body/form/table/tbody/tr[2]/td[2]]元素
2022-07-17 21:41:26,131 --> SeleniumWrapper.py   [line:85] --> INFO --> 截图成功存放路径：[../picture/test001.png]
2022-07-17 21:42:12,032 --> SeleniumWrapper.py   [line:47] --> INFO --> 访问[file:\\E:\UIAutomation\common\message.html]地址
2022-07-17 21:42:13,223 --> WebDriverWrapper.py  [line:59] --> INFO --> 启动浏览器 --> Chrome
2022-07-17 21:42:13,413 --> SeleniumWrapper.py   [line:54] --> INFO --> 以[xpath]方式定位[/html/body/form/table]元素
2022-07-17 21:42:13,457 --> SeleniumWrapper.py   [line:54] --> INFO --> 以[xpath]方式定位[/html/body/form/table/tbody/tr[2]/td[2]]元素
2022-07-17 21:42:13,563 --> SeleniumWrapper.py   [line:85] --> INFO --> 截图成功存放路径：[../picture/test001.png]
2022-07-17 21:43:20,313 --> SeleniumWrapper.py   [line:47] --> INFO --> 访问[file:\\E:\UIAutomation\common\message.html]地址
2022-07-17 21:43:21,585 --> WebDriverWrapper.py  [line:59] --> INFO --> 启动浏览器 --> Chrome
2022-07-17 21:43:21,752 --> SeleniumWrapper.py   [line:54] --> INFO --> 以[xpath]方式定位[/html/body/form/table]元素
2022-07-17 21:43:21,797 --> SeleniumWrapper.py   [line:54] --> INFO --> 以[xpath]方式定位[/html/body/form/table/tbody/tr[2]/td[2]]元素
2022-07-17 21:43:21,892 --> SeleniumWrapper.py   [line:85] --> INFO --> 截图成功存放路径：[../picture/test001.png]
2022-07-17 21:45:01,184 --> SeleniumWrapper.py   [line:47] --> INFO --> 访问[file:\\E:\UIAutomation\common\message.html]地址
2022-07-17 21:45:02,440 --> WebDriverWrapper.py  [line:59] --> INFO --> 启动浏览器 --> Chrome
2022-07-17 21:45:02,609 --> SeleniumWrapper.py   [line:54] --> INFO --> 以[xpath]方式定位[/html/body/form/table]元素
2022-07-17 21:45:02,653 --> SeleniumWrapper.py   [line:54] --> INFO --> 以[xpath]方式定位[/html/body/form/table/tbody/tr[2]/td[2]]元素
2022-07-17 21:45:02,757 --> SeleniumWrapper.py   [line:85] --> INFO --> 截图成功存放路径：[../picture/test001.png]
2022-07-17 21:45:30,339 --> SeleniumWrapper.py   [line:47] --> INFO --> 访问[file:\\E:\UIAutomation\common\message.html]地址
2022-07-17 21:45:31,511 --> WebDriverWrapper.py  [line:59] --> INFO --> 启动浏览器 --> Chrome
2022-07-17 21:45:31,678 --> SeleniumWrapper.py   [line:54] --> INFO --> 以[xpath]方式定位[/html/body/form/table]元素
2022-07-17 21:45:31,722 --> SeleniumWrapper.py   [line:54] --> INFO --> 以[xpath]方式定位[/html/body/form/table/tbody/tr[2]/td[2]]元素
2022-07-17 21:45:31,820 --> SeleniumWrapper.py   [line:85] --> INFO --> 截图成功存放路径：[../picture/test001.png]
2022-07-17 21:45:47,217 --> SeleniumWrapper.py   [line:47] --> INFO --> 访问[file:\\E:\UIAutomation\common\message.html]地址
2022-07-17 21:45:48,485 --> WebDriverWrapper.py  [line:59] --> INFO --> 启动浏览器 --> Chrome
2022-07-17 21:45:48,673 --> SeleniumWrapper.py   [line:54] --> INFO --> 以[xpath]方式定位[/html/body/form/table]元素
2022-07-17 21:45:48,715 --> SeleniumWrapper.py   [line:54] --> INFO --> 以[xpath]方式定位[/html/body/form/table/tbody/tr[2]/td[2]]元素
2022-07-17 21:45:48,820 --> SeleniumWrapper.py   [line:85] --> INFO --> 截图成功存放路径：[../picture/test001.png]
2022-07-17 21:46:16,552 --> SeleniumWrapper.py   [line:47] --> INFO --> 访问[file:\\E:\UIAutomation\common\message.html]地址
2022-07-17 21:46:17,769 --> WebDriverWrapper.py  [line:59] --> INFO --> 启动浏览器 --> Chrome
2022-07-17 21:46:17,988 --> SeleniumWrapper.py   [line:54] --> INFO --> 以[xpath]方式定位[/html/body/form/table]元素
2022-07-17 21:46:18,037 --> SeleniumWrapper.py   [line:54] --> INFO --> 以[xpath]方式定位[/html/body/form/table/tbody/tr[2]/td[2]]元素
2022-07-17 21:46:18,134 --> SeleniumWrapper.py   [line:85] --> INFO --> 截图成功存放路径：[../picture/test001.png]
2022-07-17 21:48:25,856 --> SeleniumWrapper.py   [line:47] --> INFO --> 访问[file:\\E:\UIAutomation\common\message.html]地址
2022-07-17 21:48:27,012 --> WebDriverWrapper.py  [line:59] --> INFO --> 启动浏览器 --> Chrome
2022-07-17 21:48:27,208 --> SeleniumWrapper.py   [line:54] --> INFO --> 以[xpath]方式定位[/html/body/form/table]元素
2022-07-17 21:48:27,252 --> SeleniumWrapper.py   [line:54] --> INFO --> 以[xpath]方式定位[/html/body/form/table/tbody/tr[2]/td[2]]元素
2022-07-17 21:48:27,392 --> SeleniumWrapper.py   [line:85] --> INFO --> 截图成功存放路径：[../picture/test001.png]
2022-07-17 21:48:39,686 --> SeleniumWrapper.py   [line:47] --> INFO --> 访问[file:\\E:\UIAutomation\common\message.html]地址
2022-07-17 21:48:40,849 --> WebDriverWrapper.py  [line:59] --> INFO --> 启动浏览器 --> Chrome
2022-07-17 21:48:41,061 --> SeleniumWrapper.py   [line:54] --> INFO --> 以[xpath]方式定位[/html/body/form/table]元素
2022-07-17 21:48:41,107 --> SeleniumWrapper.py   [line:54] --> INFO --> 以[xpath]方式定位[/html/body/form/table/tbody/tr[2]/td[2]]元素
2022-07-17 21:48:41,212 --> SeleniumWrapper.py   [line:85] --> INFO --> 截图成功存放路径：[../picture/test001.png]
2022-07-17 21:49:57,897 --> SeleniumWrapper.py   [line:47] --> INFO --> 访问[file:\\E:\UIAutomation\common\message.html]地址
2022-07-17 21:49:59,184 --> WebDriverWrapper.py  [line:59] --> INFO --> 启动浏览器 --> Chrome
2022-07-17 21:49:59,359 --> SeleniumWrapper.py   [line:54] --> INFO --> 以[xpath]方式定位[/html/body/form/table]元素
2022-07-17 21:49:59,405 --> SeleniumWrapper.py   [line:54] --> INFO --> 以[xpath]方式定位[/html/body/form/table/tbody/tr[2]/td[2]]元素
2022-07-17 21:49:59,534 --> SeleniumWrapper.py   [line:85] --> INFO --> 截图成功存放路径：[../picture/test001.png]
2022-07-17 21:50:12,758 --> SeleniumWrapper.py   [line:47] --> INFO --> 访问[file:\\E:\UIAutomation\common\message.html]地址
2022-07-17 21:50:13,901 --> WebDriverWrapper.py  [line:59] --> INFO --> 启动浏览器 --> Chrome
2022-07-17 21:50:14,091 --> SeleniumWrapper.py   [line:54] --> INFO --> 以[xpath]方式定位[/html/body/form/table]元素
2022-07-17 21:50:14,138 --> SeleniumWrapper.py   [line:54] --> INFO --> 以[xpath]方式定位[/html/body/form/table/tbody/tr[2]/td[2]]元素
2022-07-17 21:50:14,242 --> SeleniumWrapper.py   [line:85] --> INFO --> 截图成功存放路径：[../picture/test001.png]
