2022-07-08 08:55:12,416 --> Main.py [line:20] --> INFO --> 运行./case/testcase.xlsx测试用例
2022-07-08 08:55:12,447 --> ReadExcel.py [line:19] --> INFO --> ---------------Sheet1---------------
2022-07-08 08:55:12,447 --> ReadExcel.py [line:23] --> INFO --> 正在执行：创建Chrome浏览器
2022-07-08 08:55:12,447 --> WebDriverWrapper.py [line:70] --> INFO --> 功能调用 --> 映射 --> implicitly_wait
2022-07-08 08:55:13,947 --> WebDriverWrapper.py [line:48] --> INFO --> 启动浏览器 --> Chrome
2022-07-08 08:55:13,948 --> ReadExcel.py [line:23] --> INFO --> 正在执行：访问电商系统
2022-07-08 08:55:13,948 --> SeleniumWrapper.py [line:19] --> INFO --> 访问[http://39.98.138.157/shopxo/]地址
2022-07-08 08:55:13,948 --> WebDriverWrapper.py [line:70] --> INFO --> 功能调用 --> 映射 --> get
2022-07-08 08:59:46,322 --> ReadExcel.py [line:23] --> INFO --> 正在执行：进入登录页面
2022-07-08 08:59:46,322 --> SeleniumWrapper.py [line:24] --> INFO --> 以[link text]方式定位[登录]元素
2022-07-08 08:59:46,322 --> WebDriverWrapper.py [line:70] --> INFO --> 功能调用 --> 映射 --> find_element
2022-07-08 08:59:46,646 --> SeleniumWrapper.py [line:44] --> INFO --> 以[link text]方式定位[登录]元素并点击
2022-07-08 08:59:46,646 --> ReadExcel.py [line:23] --> INFO --> 正在执行：输入账号
2022-07-08 08:59:46,647 --> SeleniumWrapper.py [line:24] --> INFO --> 以[xpath]方式定位[//input[@name="accounts"]]元素
2022-07-08 08:59:46,647 --> WebDriverWrapper.py [line:70] --> INFO --> 功能调用 --> 映射 --> find_element
2022-07-08 08:59:52,011 --> SeleniumWrapper.py [line:35] --> INFO --> 以[xpath]方式定位[//input[@name="accounts"]]元素并输入[xuzhu666]文本
2022-07-08 08:59:52,011 --> ReadExcel.py [line:23] --> INFO --> 正在执行：输入密码
2022-07-08 08:59:52,012 --> SeleniumWrapper.py [line:24] --> INFO --> 以[xpath]方式定位[//input[@name="pwd"]]元素
2022-07-08 08:59:52,012 --> WebDriverWrapper.py [line:70] --> INFO --> 功能调用 --> 映射 --> find_element
2022-07-08 08:59:52,060 --> SeleniumWrapper.py [line:35] --> INFO --> 以[xpath]方式定位[//input[@name="pwd"]]元素并输入[123456]文本
2022-07-08 08:59:52,060 --> ReadExcel.py [line:23] --> INFO --> 正在执行：点击登录按钮
2022-07-08 08:59:52,060 --> SeleniumWrapper.py [line:24] --> INFO --> 以[xpath]方式定位[//button[text()="登录"]]元素
2022-07-08 08:59:52,060 --> WebDriverWrapper.py [line:70] --> INFO --> 功能调用 --> 映射 --> find_element
2022-07-08 08:59:52,122 --> SeleniumWrapper.py [line:44] --> INFO --> 以[xpath]方式定位[//button[text()="登录"]]元素并点击
2022-07-08 08:59:52,122 --> ReadExcel.py [line:23] --> INFO --> 正在执行：强制等待2秒
2022-07-08 08:59:54,135 --> ReadExcel.py [line:23] --> INFO --> 正在执行：登录成功后截图
2022-07-08 08:59:54,135 --> WebDriverWrapper.py [line:70] --> INFO --> 功能调用 --> 映射 --> get_screenshot_as_file
2022-07-08 08:59:54,677 --> SeleniumWrapper.py [line:75] --> INFO --> 截图成功存放路径：[./picture/码尚登录成功.png]
2022-07-08 08:59:54,677 --> ReadExcel.py [line:23] --> INFO --> 正在执行：校验登录后是否存在退出的元素
2022-07-08 08:59:54,677 --> SeleniumWrapper.py [line:24] --> INFO --> 以[link text]方式定位[退出]元素
2022-07-08 08:59:54,677 --> WebDriverWrapper.py [line:70] --> INFO --> 功能调用 --> 映射 --> find_element
2022-07-08 08:59:54,732 --> ReadExcel.py [line:23] --> INFO --> 正在执行：强制等待2秒
2022-07-08 08:59:56,751 --> ReadExcel.py [line:19] --> INFO --> ---------------Sheet2---------------
2022-07-08 08:59:56,751 --> ReadExcel.py [line:23] --> INFO --> 正在执行：打开新的标签页
2022-07-08 08:59:56,751 --> WebDriverWrapper.py [line:70] --> INFO --> 功能调用 --> 映射 --> current_window_handle
2022-07-08 08:59:56,751 --> WebDriverWrapper.py [line:70] --> INFO --> 功能调用 --> 映射 --> execute_script
2022-07-08 08:59:56,780 --> WebDriverWrapper.py [line:70] --> INFO --> 功能调用 --> 映射 --> window_handles
2022-07-08 08:59:56,784 --> WebDriverWrapper.py [line:70] --> INFO --> 功能调用 --> 映射 --> switch_to
2022-07-08 08:59:56,788 --> ReadExcel.py [line:23] --> INFO --> 正在执行：访问电商系统
2022-07-08 08:59:56,788 --> SeleniumWrapper.py [line:19] --> INFO --> 访问[http://www.testingedu.com.cn:8000/Home/User/login.html]地址
2022-07-08 08:59:56,788 --> WebDriverWrapper.py [line:70] --> INFO --> 功能调用 --> 映射 --> get
2022-07-08 08:59:58,884 --> ReadExcel.py [line:23] --> INFO --> 正在执行：输入账号
2022-07-08 08:59:58,885 --> SeleniumWrapper.py [line:24] --> INFO --> 以[name]方式定位[username]元素
2022-07-08 08:59:58,885 --> WebDriverWrapper.py [line:70] --> INFO --> 功能调用 --> 映射 --> find_element
2022-07-08 08:59:58,970 --> SeleniumWrapper.py [line:35] --> INFO --> 以[name]方式定位[username]元素并输入[13800138006]文本
2022-07-08 08:59:58,970 --> ReadExcel.py [line:23] --> INFO --> 正在执行：输入密码
2022-07-08 08:59:58,970 --> SeleniumWrapper.py [line:24] --> INFO --> 以[id]方式定位[password]元素
2022-07-08 08:59:58,971 --> WebDriverWrapper.py [line:70] --> INFO --> 功能调用 --> 映射 --> find_element
2022-07-08 08:59:59,033 --> SeleniumWrapper.py [line:35] --> INFO --> 以[id]方式定位[password]元素并输入[123456]文本
2022-07-08 08:59:59,033 --> ReadExcel.py [line:23] --> INFO --> 正在执行：输入验证码
2022-07-08 08:59:59,033 --> SeleniumWrapper.py [line:24] --> INFO --> 以[id]方式定位[verify_code]元素
2022-07-08 08:59:59,033 --> WebDriverWrapper.py [line:70] --> INFO --> 功能调用 --> 映射 --> find_element
2022-07-08 08:59:59,087 --> SeleniumWrapper.py [line:35] --> INFO --> 以[id]方式定位[verify_code]元素并输入[0000]文本
2022-07-08 08:59:59,088 --> ReadExcel.py [line:23] --> INFO --> 正在执行：点击登录按钮
2022-07-08 08:59:59,088 --> SeleniumWrapper.py [line:24] --> INFO --> 以[xpath]方式定位[//a[@name="sbtbutton"]]元素
2022-07-08 08:59:59,088 --> WebDriverWrapper.py [line:70] --> INFO --> 功能调用 --> 映射 --> find_element
2022-07-08 08:59:59,133 --> SeleniumWrapper.py [line:44] --> INFO --> 以[xpath]方式定位[//a[@name="sbtbutton"]]元素并点击
2022-07-08 08:59:59,133 --> ReadExcel.py [line:23] --> INFO --> 正在执行：强制等待2秒
2022-07-08 09:00:01,137 --> ReadExcel.py [line:23] --> INFO --> 正在执行：登录成功后截图
2022-07-08 09:00:01,137 --> WebDriverWrapper.py [line:70] --> INFO --> 功能调用 --> 映射 --> get_screenshot_as_file
2022-07-08 09:00:01,350 --> SeleniumWrapper.py [line:75] --> INFO --> 截图成功存放路径：[./picture/特斯汀登录成功.png]
2022-07-08 09:00:01,350 --> ReadExcel.py [line:23] --> INFO --> 正在执行：校验登录后是否存在退出的元素
2022-07-08 09:00:01,350 --> SeleniumWrapper.py [line:24] --> INFO --> 以[link text]方式定位[安全退出]元素
2022-07-08 09:00:01,350 --> WebDriverWrapper.py [line:70] --> INFO --> 功能调用 --> 映射 --> find_element
2022-07-08 09:00:01,412 --> ReadExcel.py [line:23] --> INFO --> 正在执行：强制等待2秒
2022-07-08 09:00:03,418 --> ReadExcel.py [line:19] --> INFO --> ---------------Sheet3---------------
2022-07-08 09:00:03,418 --> ReadExcel.py [line:23] --> INFO --> 正在执行：跳转至购物车页面
2022-07-08 09:00:03,418 --> SeleniumWrapper.py [line:24] --> INFO --> 以[xpath]方式定位[//a[text()="首页"]]元素
2022-07-08 09:00:03,418 --> WebDriverWrapper.py [line:70] --> INFO --> 功能调用 --> 映射 --> find_element
2022-07-08 09:00:34,372 --> SeleniumWrapper.py [line:44] --> INFO --> 以[xpath]方式定位[//a[text()="首页"]]元素并点击
2022-07-08 09:00:34,372 --> ReadExcel.py [line:23] --> INFO --> 正在执行：鼠标悬停到手机数码
2022-07-08 09:00:34,372 --> WebDriverWrapper.py [line:70] --> INFO --> 功能调用 --> 映射 --> w3c
2022-07-08 09:00:34,373 --> SeleniumWrapper.py [line:24] --> INFO --> 以[xpath]方式定位[//a[text()="手机数码"]]元素
2022-07-08 09:00:34,373 --> WebDriverWrapper.py [line:70] --> INFO --> 功能调用 --> 映射 --> find_element
2022-07-08 09:00:34,385 --> WebDriverWrapper.py [line:70] --> INFO --> 功能调用 --> 映射 --> w3c
2022-07-08 09:00:34,385 --> WebDriverWrapper.py [line:70] --> INFO --> 功能调用 --> 映射 --> w3c
2022-07-08 09:00:34,385 --> WebDriverWrapper.py [line:70] --> INFO --> 功能调用 --> 映射 --> execute
2022-07-08 09:00:34,683 --> ReadExcel.py [line:23] --> INFO --> 正在执行：买手机
2022-07-08 09:00:34,683 --> SeleniumWrapper.py [line:24] --> INFO --> 以[xpath]方式定位[//a[text()="手机"]]元素
2022-07-08 09:00:34,683 --> WebDriverWrapper.py [line:70] --> INFO --> 功能调用 --> 映射 --> find_element
2022-07-08 09:00:34,767 --> SeleniumWrapper.py [line:44] --> INFO --> 以[xpath]方式定位[//a[text()="手机"]]元素并点击
2022-07-08 09:00:34,768 --> ReadExcel.py [line:23] --> INFO --> 正在执行：跳转至选购手机页面
2022-07-08 09:00:34,768 --> WebDriverWrapper.py [line:70] --> INFO --> 功能调用 --> 映射 --> current_window_handle
2022-07-08 09:00:34,769 --> WebDriverWrapper.py [line:70] --> INFO --> 功能调用 --> 映射 --> window_handles
2022-07-08 09:00:34,773 --> WebDriverWrapper.py [line:70] --> INFO --> 功能调用 --> 映射 --> switch_to
2022-07-08 09:00:34,783 --> ReadExcel.py [line:23] --> INFO --> 正在执行：获取当前页面标题
2022-07-08 09:00:34,783 --> WebDriverWrapper.py [line:70] --> INFO --> 功能调用 --> 映射 --> title
2022-07-08 09:00:34,790 --> ReadExcel.py [line:23] --> INFO --> 正在执行：强制等待2秒
2022-07-08 09:00:36,795 --> ReadExcel.py [line:23] --> INFO --> 正在执行：点击手机图片进入详情
2022-07-08 09:00:36,795 --> SeleniumWrapper.py [line:24] --> INFO --> 以[xpath]方式定位[/html/body/div[4]/div/div[2]/div[2]/ul/li[1]/div/div[4]/a]元素
2022-07-08 09:00:36,795 --> WebDriverWrapper.py [line:70] --> INFO --> 功能调用 --> 映射 --> find_element
2022-07-08 09:00:46,874 --> ReadExcel.py [line:71] --> ERROR --> Traceback (most recent call last):
  File "E:\UIAutomation\common\ReadExcel.py", line 69, in excel_ruuner
    getattr(driver, values[1])(**data)
  File "E:\UIAutomation\base\SeleniumWrapper.py", line 43, in click_element
    self.locator_element(name, value).click()
  File "E:\UIAutomation\base\SeleniumWrapper.py", line 25, in locator_element
    return self.driver.find_element(name, value)
  File "E:\ITWork\Python365\lib\site-packages\selenium\webdriver\remote\webdriver.py", line 978, in find_element
    'value': value})['value']
  File "E:\ITWork\Python365\lib\site-packages\selenium\webdriver\remote\webdriver.py", line 321, in execute
    self.error_handler.check_response(response)
  File "E:\ITWork\Python365\lib\site-packages\selenium\webdriver\remote\errorhandler.py", line 242, in check_response
    raise exception_class(message, screen, stacktrace)
selenium.common.exceptions.NoSuchElementException: Message: no such element: Unable to locate element: {"method":"xpath","selector":"/html/body/div[4]/div/div[2]/div[2]/ul/li[1]/div/div[4]/a"}
  (Session info: chrome=99.0.4844.74)


