2022-07-12 21:55:23,850 --> Main.py [line:20] --> INFO --> 运行./case/testcase.xlsx测试用例
2022-07-12 21:55:23,880 --> ReadExcel.py [line:20] --> INFO --> ---------------Sheet1---------------
2022-07-12 21:55:23,880 --> ReadExcel.py [line:24] --> INFO --> 正在执行：创建Chrome浏览器
2022-07-12 21:55:23,881 --> WebDriverWrapper.py [line:70] --> INFO --> 功能调用 --> 映射 --> implicitly_wait
2022-07-12 21:55:25,083 --> WebDriverWrapper.py [line:48] --> INFO --> 启动浏览器 --> Chrome
2022-07-12 21:55:25,084 --> ReadExcel.py [line:24] --> INFO --> 正在执行：访问电商系统
2022-07-12 21:55:25,084 --> SeleniumWrapper.py [line:19] --> INFO --> 访问[http://39.98.138.157/shopxo/]地址
2022-07-12 21:55:25,090 --> WebDriverWrapper.py [line:70] --> INFO --> 功能调用 --> 映射 --> get
2022-07-12 21:55:29,630 --> ReadExcel.py [line:24] --> INFO --> 正在执行：进入登录页面
2022-07-12 21:55:29,630 --> SeleniumWrapper.py [line:24] --> INFO --> 以[link text]方式定位[登录]元素
2022-07-12 21:55:29,630 --> WebDriverWrapper.py [line:70] --> INFO --> 功能调用 --> 映射 --> find_element
2022-07-12 21:55:29,989 --> SeleniumWrapper.py [line:44] --> INFO --> 以[link text]方式定位[登录]元素并点击
2022-07-12 21:55:29,990 --> ReadExcel.py [line:24] --> INFO --> 正在执行：输入账号
2022-07-12 21:55:29,990 --> SeleniumWrapper.py [line:24] --> INFO --> 以[xpath]方式定位[//input[@name="accounts"]]元素
2022-07-12 21:55:29,990 --> WebDriverWrapper.py [line:70] --> INFO --> 功能调用 --> 映射 --> find_element
2022-07-12 21:55:30,065 --> SeleniumWrapper.py [line:35] --> INFO --> 以[xpath]方式定位[//input[@name="accounts"]]元素并输入[xuzhu666]文本
2022-07-12 21:55:30,065 --> ReadExcel.py [line:24] --> INFO --> 正在执行：输入密码
2022-07-12 21:55:30,065 --> SeleniumWrapper.py [line:24] --> INFO --> 以[xpath]方式定位[//input[@name="pwd"]]元素
2022-07-12 21:55:30,065 --> WebDriverWrapper.py [line:70] --> INFO --> 功能调用 --> 映射 --> find_element
2022-07-12 21:55:30,134 --> SeleniumWrapper.py [line:35] --> INFO --> 以[xpath]方式定位[//input[@name="pwd"]]元素并输入[123456]文本
2022-07-12 21:55:30,134 --> ReadExcel.py [line:24] --> INFO --> 正在执行：点击登录按钮
2022-07-12 21:55:30,134 --> SeleniumWrapper.py [line:24] --> INFO --> 以[xpath]方式定位[//button[text()="登录"]]元素
2022-07-12 21:55:30,135 --> WebDriverWrapper.py [line:70] --> INFO --> 功能调用 --> 映射 --> find_element
2022-07-12 21:55:30,190 --> SeleniumWrapper.py [line:44] --> INFO --> 以[xpath]方式定位[//button[text()="登录"]]元素并点击
2022-07-12 21:55:30,190 --> ReadExcel.py [line:24] --> INFO --> 正在执行：强制等待2秒
2022-07-12 21:55:32,194 --> ReadExcel.py [line:24] --> INFO --> 正在执行：登录成功后截图
2022-07-12 21:55:32,194 --> WebDriverWrapper.py [line:70] --> INFO --> 功能调用 --> 映射 --> get_screenshot_as_file
2022-07-12 21:55:32,696 --> SeleniumWrapper.py [line:75] --> INFO --> 截图成功存放路径：[./picture/码尚登录成功.png]
2022-07-12 21:55:32,697 --> ReadExcel.py [line:24] --> INFO --> 正在执行：校验登录后是否存在退出的元素
2022-07-12 21:55:32,697 --> SeleniumWrapper.py [line:24] --> INFO --> 以[link text]方式定位[退出]元素
2022-07-12 21:55:32,697 --> WebDriverWrapper.py [line:70] --> INFO --> 功能调用 --> 映射 --> find_element
2022-07-12 21:55:32,734 --> ReadExcel.py [line:72] --> ERROR --> Traceback (most recent call last):
  File "E:\UIAutomation\common\ReadExcel.py", line 57, in excel_ruuner
    excel.save(path)
  File "E:\ITWork\Python365\lib\site-packages\openpyxl\workbook\workbook.py", line 407, in save
    save_workbook(self, filename)
  File "E:\ITWork\Python365\lib\site-packages\openpyxl\writer\excel.py", line 291, in save_workbook
    archive = ZipFile(filename, 'w', ZIP_DEFLATED, allowZip64=True)
  File "E:\ITWork\Python365\lib\zipfile.py", line 1090, in __init__
    self.fp = io.open(file, filemode)
PermissionError: [Errno 13] Permission denied: './case/testcase.xlsx'

2022-07-12 21:55:32,735 --> Main.py [line:20] --> INFO --> 运行./case/~$testcase.xlsx测试用例
2022-07-12 21:55:50,966 --> Main.py [line:20] --> INFO --> 运行./case/testcase.xlsx测试用例
2022-07-12 21:55:50,995 --> ReadExcel.py [line:20] --> INFO --> ---------------Sheet1---------------
2022-07-12 21:55:50,995 --> ReadExcel.py [line:24] --> INFO --> 正在执行：创建Chrome浏览器
2022-07-12 21:55:50,995 --> WebDriverWrapper.py [line:70] --> INFO --> 功能调用 --> 映射 --> implicitly_wait
2022-07-12 21:55:52,098 --> WebDriverWrapper.py [line:48] --> INFO --> 启动浏览器 --> Chrome
2022-07-12 21:55:52,099 --> ReadExcel.py [line:24] --> INFO --> 正在执行：访问电商系统
2022-07-12 21:55:52,099 --> SeleniumWrapper.py [line:19] --> INFO --> 访问[http://39.98.138.157/shopxo/]地址
2022-07-12 21:55:52,099 --> WebDriverWrapper.py [line:70] --> INFO --> 功能调用 --> 映射 --> get
2022-07-12 21:55:56,555 --> ReadExcel.py [line:24] --> INFO --> 正在执行：进入登录页面
2022-07-12 21:55:56,555 --> SeleniumWrapper.py [line:24] --> INFO --> 以[link text]方式定位[登录]元素
2022-07-12 21:55:56,556 --> WebDriverWrapper.py [line:70] --> INFO --> 功能调用 --> 映射 --> find_element
2022-07-12 21:55:56,926 --> SeleniumWrapper.py [line:44] --> INFO --> 以[link text]方式定位[登录]元素并点击
2022-07-12 21:55:56,926 --> ReadExcel.py [line:24] --> INFO --> 正在执行：输入账号
2022-07-12 21:55:56,926 --> SeleniumWrapper.py [line:24] --> INFO --> 以[xpath]方式定位[//input[@name="accounts"]]元素
2022-07-12 21:55:56,926 --> WebDriverWrapper.py [line:70] --> INFO --> 功能调用 --> 映射 --> find_element
2022-07-12 21:55:56,987 --> SeleniumWrapper.py [line:35] --> INFO --> 以[xpath]方式定位[//input[@name="accounts"]]元素并输入[xuzhu666]文本
2022-07-12 21:55:56,987 --> ReadExcel.py [line:24] --> INFO --> 正在执行：输入密码
2022-07-12 21:55:56,988 --> SeleniumWrapper.py [line:24] --> INFO --> 以[xpath]方式定位[//input[@name="pwd"]]元素
2022-07-12 21:55:56,988 --> WebDriverWrapper.py [line:70] --> INFO --> 功能调用 --> 映射 --> find_element
2022-07-12 21:55:57,052 --> SeleniumWrapper.py [line:35] --> INFO --> 以[xpath]方式定位[//input[@name="pwd"]]元素并输入[123456]文本
2022-07-12 21:55:57,052 --> ReadExcel.py [line:24] --> INFO --> 正在执行：点击登录按钮
2022-07-12 21:55:57,052 --> SeleniumWrapper.py [line:24] --> INFO --> 以[xpath]方式定位[//button[text()="登录"]]元素
2022-07-12 21:55:57,052 --> WebDriverWrapper.py [line:70] --> INFO --> 功能调用 --> 映射 --> find_element
2022-07-12 21:55:57,108 --> SeleniumWrapper.py [line:44] --> INFO --> 以[xpath]方式定位[//button[text()="登录"]]元素并点击
2022-07-12 21:55:57,109 --> ReadExcel.py [line:24] --> INFO --> 正在执行：强制等待2秒
2022-07-12 21:55:59,113 --> ReadExcel.py [line:24] --> INFO --> 正在执行：登录成功后截图
2022-07-12 21:55:59,113 --> WebDriverWrapper.py [line:70] --> INFO --> 功能调用 --> 映射 --> get_screenshot_as_file
2022-07-12 21:55:59,591 --> SeleniumWrapper.py [line:75] --> INFO --> 截图成功存放路径：[./picture/码尚登录成功.png]
2022-07-12 21:55:59,591 --> ReadExcel.py [line:24] --> INFO --> 正在执行：校验登录后是否存在退出的元素
2022-07-12 21:55:59,591 --> SeleniumWrapper.py [line:24] --> INFO --> 以[link text]方式定位[退出]元素
2022-07-12 21:55:59,591 --> WebDriverWrapper.py [line:70] --> INFO --> 功能调用 --> 映射 --> find_element
2022-07-12 21:55:59,658 --> ReadExcel.py [line:24] --> INFO --> 正在执行：强制等待2秒
2022-07-12 21:56:01,666 --> ReadExcel.py [line:20] --> INFO --> ---------------Sheet2---------------
2022-07-12 21:56:01,666 --> ReadExcel.py [line:24] --> INFO --> 正在执行：打开新的标签页
2022-07-12 21:56:01,666 --> WebDriverWrapper.py [line:70] --> INFO --> 功能调用 --> 映射 --> current_window_handle
2022-07-12 21:56:01,667 --> WebDriverWrapper.py [line:70] --> INFO --> 功能调用 --> 映射 --> execute_script
2022-07-12 21:56:01,696 --> WebDriverWrapper.py [line:70] --> INFO --> 功能调用 --> 映射 --> window_handles
2022-07-12 21:56:01,700 --> WebDriverWrapper.py [line:70] --> INFO --> 功能调用 --> 映射 --> switch_to
2022-07-12 21:56:01,704 --> ReadExcel.py [line:24] --> INFO --> 正在执行：访问电商系统
2022-07-12 21:56:01,704 --> SeleniumWrapper.py [line:19] --> INFO --> 访问[http://www.testingedu.com.cn:8000/Home/User/login.html]地址
2022-07-12 21:56:01,704 --> WebDriverWrapper.py [line:70] --> INFO --> 功能调用 --> 映射 --> get
2022-07-12 21:56:05,004 --> ReadExcel.py [line:24] --> INFO --> 正在执行：输入账号
2022-07-12 21:56:05,004 --> SeleniumWrapper.py [line:24] --> INFO --> 以[name]方式定位[username]元素
2022-07-12 21:56:05,004 --> WebDriverWrapper.py [line:70] --> INFO --> 功能调用 --> 映射 --> find_element
2022-07-12 21:56:05,055 --> SeleniumWrapper.py [line:35] --> INFO --> 以[name]方式定位[username]元素并输入[13800138006]文本
2022-07-12 21:56:05,055 --> ReadExcel.py [line:24] --> INFO --> 正在执行：输入密码
2022-07-12 21:56:05,055 --> SeleniumWrapper.py [line:24] --> INFO --> 以[id]方式定位[password]元素
2022-07-12 21:56:05,056 --> WebDriverWrapper.py [line:70] --> INFO --> 功能调用 --> 映射 --> find_element
2022-07-12 21:56:05,112 --> SeleniumWrapper.py [line:35] --> INFO --> 以[id]方式定位[password]元素并输入[123456]文本
2022-07-12 21:56:05,113 --> ReadExcel.py [line:24] --> INFO --> 正在执行：输入验证码
2022-07-12 21:56:05,113 --> SeleniumWrapper.py [line:24] --> INFO --> 以[id]方式定位[verify_code]元素
2022-07-12 21:56:05,113 --> WebDriverWrapper.py [line:70] --> INFO --> 功能调用 --> 映射 --> find_element
2022-07-12 21:56:05,161 --> SeleniumWrapper.py [line:35] --> INFO --> 以[id]方式定位[verify_code]元素并输入[0000]文本
2022-07-12 21:56:05,161 --> ReadExcel.py [line:24] --> INFO --> 正在执行：点击登录按钮
2022-07-12 21:56:05,161 --> SeleniumWrapper.py [line:24] --> INFO --> 以[xpath]方式定位[//a[@name="sbtbutton"]]元素
2022-07-12 21:56:05,161 --> WebDriverWrapper.py [line:70] --> INFO --> 功能调用 --> 映射 --> find_element
2022-07-12 21:56:05,201 --> SeleniumWrapper.py [line:44] --> INFO --> 以[xpath]方式定位[//a[@name="sbtbutton"]]元素并点击
2022-07-12 21:56:05,201 --> ReadExcel.py [line:24] --> INFO --> 正在执行：强制等待2秒
2022-07-12 21:56:07,212 --> ReadExcel.py [line:24] --> INFO --> 正在执行：登录成功后截图
2022-07-12 21:56:07,212 --> WebDriverWrapper.py [line:70] --> INFO --> 功能调用 --> 映射 --> get_screenshot_as_file
2022-07-12 21:56:07,469 --> SeleniumWrapper.py [line:75] --> INFO --> 截图成功存放路径：[./picture/特斯汀登录成功.png]
2022-07-12 21:56:07,469 --> ReadExcel.py [line:24] --> INFO --> 正在执行：校验登录后是否存在退出的元素
2022-07-12 21:56:07,469 --> SeleniumWrapper.py [line:24] --> INFO --> 以[link text]方式定位[安全退出]元素
2022-07-12 21:56:07,469 --> WebDriverWrapper.py [line:70] --> INFO --> 功能调用 --> 映射 --> find_element
2022-07-12 21:56:07,539 --> ReadExcel.py [line:24] --> INFO --> 正在执行：强制等待2秒
2022-07-12 21:56:09,548 --> ReadExcel.py [line:20] --> INFO --> ---------------Sheet3---------------
2022-07-12 21:56:09,549 --> ReadExcel.py [line:24] --> INFO --> 正在执行：跳转至购物车页面
2022-07-12 21:56:09,549 --> SeleniumWrapper.py [line:24] --> INFO --> 以[xpath]方式定位[//a[text()="首页"]]元素
2022-07-12 21:56:09,549 --> WebDriverWrapper.py [line:70] --> INFO --> 功能调用 --> 映射 --> find_element
2022-07-12 21:56:30,181 --> SeleniumWrapper.py [line:44] --> INFO --> 以[xpath]方式定位[//a[text()="首页"]]元素并点击
2022-07-12 21:56:30,181 --> ReadExcel.py [line:24] --> INFO --> 正在执行：鼠标悬停到手机数码
2022-07-12 21:56:30,182 --> WebDriverWrapper.py [line:70] --> INFO --> 功能调用 --> 映射 --> w3c
2022-07-12 21:56:30,182 --> SeleniumWrapper.py [line:24] --> INFO --> 以[xpath]方式定位[//a[text()="手机数码"]]元素
2022-07-12 21:56:30,182 --> WebDriverWrapper.py [line:70] --> INFO --> 功能调用 --> 映射 --> find_element
2022-07-12 21:56:30,195 --> WebDriverWrapper.py [line:70] --> INFO --> 功能调用 --> 映射 --> w3c
2022-07-12 21:56:30,195 --> WebDriverWrapper.py [line:70] --> INFO --> 功能调用 --> 映射 --> w3c
2022-07-12 21:56:30,195 --> WebDriverWrapper.py [line:70] --> INFO --> 功能调用 --> 映射 --> execute
2022-07-12 21:56:40,637 --> ReadExcel.py [line:24] --> INFO --> 正在执行：买手机
2022-07-12 21:56:40,637 --> SeleniumWrapper.py [line:24] --> INFO --> 以[xpath]方式定位[//a[text()="手机"]]元素
2022-07-12 21:56:40,637 --> WebDriverWrapper.py [line:70] --> INFO --> 功能调用 --> 映射 --> find_element
2022-07-12 21:56:40,729 --> SeleniumWrapper.py [line:44] --> INFO --> 以[xpath]方式定位[//a[text()="手机"]]元素并点击
2022-07-12 21:56:40,729 --> ReadExcel.py [line:24] --> INFO --> 正在执行：跳转至选购手机页面
2022-07-12 21:56:40,729 --> WebDriverWrapper.py [line:70] --> INFO --> 功能调用 --> 映射 --> current_window_handle
2022-07-12 21:56:40,731 --> WebDriverWrapper.py [line:70] --> INFO --> 功能调用 --> 映射 --> window_handles
2022-07-12 21:56:40,735 --> WebDriverWrapper.py [line:70] --> INFO --> 功能调用 --> 映射 --> switch_to
2022-07-12 21:56:40,752 --> ReadExcel.py [line:24] --> INFO --> 正在执行：获取当前页面标题
2022-07-12 21:56:40,752 --> WebDriverWrapper.py [line:70] --> INFO --> 功能调用 --> 映射 --> title
2022-07-12 21:56:40,767 --> ReadExcel.py [line:24] --> INFO --> 正在执行：强制等待2秒
2022-07-12 21:56:42,779 --> ReadExcel.py [line:24] --> INFO --> 正在执行：点击手机图片进入详情
2022-07-12 21:56:42,779 --> SeleniumWrapper.py [line:24] --> INFO --> 以[xpath]方式定位[/html/body/div[4]/div/div[2]/div[2]/ul/li[1]/div/div[4]/a]元素
2022-07-12 21:56:42,779 --> WebDriverWrapper.py [line:70] --> INFO --> 功能调用 --> 映射 --> find_element
2022-07-12 21:56:52,850 --> ReadExcel.py [line:72] --> ERROR --> Traceback (most recent call last):
  File "E:\UIAutomation\common\ReadExcel.py", line 70, in excel_ruuner
    getattr(driver, values[1])(**data)
  File "E:\UIAutomation\base\SeleniumWrapper.py", line 43, in click_element
    self.locator_element(name, value).click()
  File "E:\UIAutomation\base\SeleniumWrapper.py", line 25, in locator_element
    return self.driver.find_element(name, value)
  File "E:\ITWork\Python365\lib\site-packages\selenium\webdriver\remote\webdriver.py", line 978, in find_element
    'value': value})['value']
  File "E:\ITWork\Python365\lib\site-packages\selenium\webdriver\remote\webdriver.py", line 321, in execute
    self.error_handler.check_response(response)
  File "E:\ITWork\Python365\lib\site-packages\selenium\webdriver\remote\errorhandler.py", line 242, in check_response
    raise exception_class(message, screen, stacktrace)
selenium.common.exceptions.NoSuchElementException: Message: no such element: Unable to locate element: {"method":"xpath","selector":"/html/body/div[4]/div/div[2]/div[2]/ul/li[1]/div/div[4]/a"}
  (Session info: chrome=99.0.4844.74)


2022-07-12 22:01:09,733 --> Main.py [line:20] --> INFO --> 运行./case/testcase.xlsx测试用例
2022-07-12 22:01:09,764 --> ReadExcel.py [line:20] --> INFO --> ---------------Sheet1---------------
2022-07-12 22:01:09,764 --> ReadExcel.py [line:24] --> INFO --> 正在执行：创建Chrome浏览器
2022-07-12 22:01:09,764 --> WebDriverWrapper.py [line:70] --> INFO --> 功能调用 --> 映射 --> implicitly_wait
2022-07-12 22:01:10,959 --> WebDriverWrapper.py [line:48] --> INFO --> 启动浏览器 --> Chrome
2022-07-12 22:01:10,961 --> ReadExcel.py [line:24] --> INFO --> 正在执行：访问电商系统
2022-07-12 22:01:10,961 --> SeleniumWrapper.py [line:19] --> INFO --> 访问[http://39.98.138.157/shopxo/]地址
2022-07-12 22:01:10,961 --> WebDriverWrapper.py [line:70] --> INFO --> 功能调用 --> 映射 --> get
2022-07-12 22:01:14,819 --> ReadExcel.py [line:24] --> INFO --> 正在执行：进入登录页面
2022-07-12 22:01:14,819 --> SeleniumWrapper.py [line:24] --> INFO --> 以[link text]方式定位[登录]元素
2022-07-12 22:01:14,820 --> WebDriverWrapper.py [line:70] --> INFO --> 功能调用 --> 映射 --> find_element
2022-07-12 22:01:15,186 --> SeleniumWrapper.py [line:44] --> INFO --> 以[link text]方式定位[登录]元素并点击
2022-07-12 22:01:15,186 --> ReadExcel.py [line:24] --> INFO --> 正在执行：输入账号
2022-07-12 22:01:15,186 --> SeleniumWrapper.py [line:24] --> INFO --> 以[xpath]方式定位[//input[@name="accounts"]]元素
2022-07-12 22:01:15,186 --> WebDriverWrapper.py [line:70] --> INFO --> 功能调用 --> 映射 --> find_element
2022-07-12 22:01:15,262 --> SeleniumWrapper.py [line:35] --> INFO --> 以[xpath]方式定位[//input[@name="accounts"]]元素并输入[xuzhu666]文本
2022-07-12 22:01:15,263 --> ReadExcel.py [line:24] --> INFO --> 正在执行：输入密码
2022-07-12 22:01:15,263 --> SeleniumWrapper.py [line:24] --> INFO --> 以[xpath]方式定位[//input[@name="pwd"]]元素
2022-07-12 22:01:15,263 --> WebDriverWrapper.py [line:70] --> INFO --> 功能调用 --> 映射 --> find_element
2022-07-12 22:01:15,328 --> SeleniumWrapper.py [line:35] --> INFO --> 以[xpath]方式定位[//input[@name="pwd"]]元素并输入[123456]文本
2022-07-12 22:01:15,329 --> ReadExcel.py [line:24] --> INFO --> 正在执行：点击登录按钮
2022-07-12 22:01:15,329 --> SeleniumWrapper.py [line:24] --> INFO --> 以[xpath]方式定位[//button[text()="登录"]]元素
2022-07-12 22:01:15,329 --> WebDriverWrapper.py [line:70] --> INFO --> 功能调用 --> 映射 --> find_element
2022-07-12 22:01:15,383 --> SeleniumWrapper.py [line:44] --> INFO --> 以[xpath]方式定位[//button[text()="登录"]]元素并点击
2022-07-12 22:01:15,383 --> ReadExcel.py [line:24] --> INFO --> 正在执行：强制等待2秒
2022-07-12 22:01:17,395 --> ReadExcel.py [line:24] --> INFO --> 正在执行：登录成功后截图
2022-07-12 22:01:17,395 --> WebDriverWrapper.py [line:70] --> INFO --> 功能调用 --> 映射 --> get_screenshot_as_file
2022-07-12 22:01:17,895 --> SeleniumWrapper.py [line:75] --> INFO --> 截图成功存放路径：[./picture/码尚登录成功.png]
2022-07-12 22:01:17,895 --> ReadExcel.py [line:24] --> INFO --> 正在执行：校验登录后是否存在退出的元素
2022-07-12 22:01:17,895 --> SeleniumWrapper.py [line:24] --> INFO --> 以[link text]方式定位[退出]元素
2022-07-12 22:01:17,895 --> WebDriverWrapper.py [line:70] --> INFO --> 功能调用 --> 映射 --> find_element
2022-07-12 22:01:17,952 --> ReadExcel.py [line:24] --> INFO --> 正在执行：强制等待2秒
2022-07-12 22:01:19,963 --> ReadExcel.py [line:20] --> INFO --> ---------------Sheet2---------------
2022-07-12 22:01:19,963 --> ReadExcel.py [line:24] --> INFO --> 正在执行：打开新的标签页
2022-07-12 22:01:19,963 --> WebDriverWrapper.py [line:70] --> INFO --> 功能调用 --> 映射 --> current_window_handle
2022-07-12 22:01:19,964 --> WebDriverWrapper.py [line:70] --> INFO --> 功能调用 --> 映射 --> current_window_handle
2022-07-12 22:01:19,965 --> WebDriverWrapper.py [line:70] --> INFO --> 功能调用 --> 映射 --> execute_script
2022-07-12 22:01:19,995 --> WebDriverWrapper.py [line:70] --> INFO --> 功能调用 --> 映射 --> window_handles
2022-07-12 22:01:19,998 --> WebDriverWrapper.py [line:70] --> INFO --> 功能调用 --> 映射 --> window_handles
2022-07-12 22:01:20,001 --> WebDriverWrapper.py [line:70] --> INFO --> 功能调用 --> 映射 --> switch_to
2022-07-12 22:01:20,007 --> ReadExcel.py [line:24] --> INFO --> 正在执行：访问电商系统
2022-07-12 22:01:20,007 --> SeleniumWrapper.py [line:19] --> INFO --> 访问[http://www.testingedu.com.cn:8000/Home/User/login.html]地址
2022-07-12 22:01:20,007 --> WebDriverWrapper.py [line:70] --> INFO --> 功能调用 --> 映射 --> get
2022-07-12 22:01:24,037 --> ReadExcel.py [line:24] --> INFO --> 正在执行：输入账号
2022-07-12 22:01:24,037 --> SeleniumWrapper.py [line:24] --> INFO --> 以[name]方式定位[username]元素
2022-07-12 22:01:24,037 --> WebDriverWrapper.py [line:70] --> INFO --> 功能调用 --> 映射 --> find_element
2022-07-12 22:01:24,092 --> SeleniumWrapper.py [line:35] --> INFO --> 以[name]方式定位[username]元素并输入[13800138006]文本
2022-07-12 22:01:24,092 --> ReadExcel.py [line:24] --> INFO --> 正在执行：输入密码
2022-07-12 22:01:24,092 --> SeleniumWrapper.py [line:24] --> INFO --> 以[id]方式定位[password]元素
2022-07-12 22:01:24,092 --> WebDriverWrapper.py [line:70] --> INFO --> 功能调用 --> 映射 --> find_element
2022-07-12 22:01:24,155 --> SeleniumWrapper.py [line:35] --> INFO --> 以[id]方式定位[password]元素并输入[123456]文本
2022-07-12 22:01:24,155 --> ReadExcel.py [line:24] --> INFO --> 正在执行：输入验证码
2022-07-12 22:01:24,155 --> SeleniumWrapper.py [line:24] --> INFO --> 以[id]方式定位[verify_code]元素
2022-07-12 22:01:24,156 --> WebDriverWrapper.py [line:70] --> INFO --> 功能调用 --> 映射 --> find_element
2022-07-12 22:01:24,212 --> SeleniumWrapper.py [line:35] --> INFO --> 以[id]方式定位[verify_code]元素并输入[0000]文本
2022-07-12 22:01:24,212 --> ReadExcel.py [line:24] --> INFO --> 正在执行：点击登录按钮
2022-07-12 22:01:24,212 --> SeleniumWrapper.py [line:24] --> INFO --> 以[xpath]方式定位[//a[@name="sbtbutton"]]元素
2022-07-12 22:01:24,213 --> WebDriverWrapper.py [line:70] --> INFO --> 功能调用 --> 映射 --> find_element
2022-07-12 22:01:24,256 --> SeleniumWrapper.py [line:44] --> INFO --> 以[xpath]方式定位[//a[@name="sbtbutton"]]元素并点击
2022-07-12 22:01:24,256 --> ReadExcel.py [line:24] --> INFO --> 正在执行：强制等待2秒
2022-07-12 22:01:26,259 --> ReadExcel.py [line:24] --> INFO --> 正在执行：登录成功后截图
2022-07-12 22:01:26,260 --> WebDriverWrapper.py [line:70] --> INFO --> 功能调用 --> 映射 --> get_screenshot_as_file
2022-07-12 22:01:26,511 --> SeleniumWrapper.py [line:75] --> INFO --> 截图成功存放路径：[./picture/特斯汀登录成功.png]
2022-07-12 22:01:26,511 --> ReadExcel.py [line:24] --> INFO --> 正在执行：校验登录后是否存在退出的元素
2022-07-12 22:01:26,512 --> SeleniumWrapper.py [line:24] --> INFO --> 以[link text]方式定位[安全退出]元素
2022-07-12 22:01:26,512 --> WebDriverWrapper.py [line:70] --> INFO --> 功能调用 --> 映射 --> find_element
2022-07-12 22:01:26,577 --> ReadExcel.py [line:24] --> INFO --> 正在执行：强制等待2秒
2022-07-12 22:01:28,579 --> ReadExcel.py [line:20] --> INFO --> ---------------Sheet3---------------
2022-07-12 22:01:28,579 --> ReadExcel.py [line:24] --> INFO --> 正在执行：跳转至购物车页面
2022-07-12 22:01:28,579 --> SeleniumWrapper.py [line:24] --> INFO --> 以[xpath]方式定位[//a[text()="首页"]]元素
2022-07-12 22:01:28,579 --> WebDriverWrapper.py [line:70] --> INFO --> 功能调用 --> 映射 --> find_element
2022-07-12 22:01:59,320 --> SeleniumWrapper.py [line:44] --> INFO --> 以[xpath]方式定位[//a[text()="首页"]]元素并点击
2022-07-12 22:01:59,320 --> ReadExcel.py [line:24] --> INFO --> 正在执行：鼠标悬停到手机数码
2022-07-12 22:01:59,320 --> WebDriverWrapper.py [line:70] --> INFO --> 功能调用 --> 映射 --> w3c
2022-07-12 22:01:59,320 --> SeleniumWrapper.py [line:24] --> INFO --> 以[xpath]方式定位[//a[text()="手机数码"]]元素
2022-07-12 22:01:59,320 --> WebDriverWrapper.py [line:70] --> INFO --> 功能调用 --> 映射 --> find_element
2022-07-12 22:01:59,336 --> WebDriverWrapper.py [line:70] --> INFO --> 功能调用 --> 映射 --> w3c
2022-07-12 22:01:59,336 --> WebDriverWrapper.py [line:70] --> INFO --> 功能调用 --> 映射 --> w3c
2022-07-12 22:01:59,337 --> WebDriverWrapper.py [line:70] --> INFO --> 功能调用 --> 映射 --> execute
2022-07-12 22:01:59,635 --> ReadExcel.py [line:24] --> INFO --> 正在执行：买手机
2022-07-12 22:01:59,635 --> SeleniumWrapper.py [line:24] --> INFO --> 以[xpath]方式定位[//a[text()="手机"]]元素
2022-07-12 22:01:59,635 --> WebDriverWrapper.py [line:70] --> INFO --> 功能调用 --> 映射 --> find_element
2022-07-12 22:01:59,727 --> SeleniumWrapper.py [line:44] --> INFO --> 以[xpath]方式定位[//a[text()="手机"]]元素并点击
2022-07-12 22:01:59,727 --> ReadExcel.py [line:24] --> INFO --> 正在执行：跳转至选购手机页面
2022-07-12 22:01:59,728 --> WebDriverWrapper.py [line:70] --> INFO --> 功能调用 --> 映射 --> current_window_handle
2022-07-12 22:01:59,730 --> WebDriverWrapper.py [line:70] --> INFO --> 功能调用 --> 映射 --> current_window_handle
2022-07-12 22:01:59,732 --> WebDriverWrapper.py [line:70] --> INFO --> 功能调用 --> 映射 --> window_handles
2022-07-12 22:01:59,735 --> WebDriverWrapper.py [line:70] --> INFO --> 功能调用 --> 映射 --> window_handles
2022-07-12 22:01:59,737 --> WebDriverWrapper.py [line:70] --> INFO --> 功能调用 --> 映射 --> switch_to
2022-07-12 22:01:59,749 --> ReadExcel.py [line:24] --> INFO --> 正在执行：获取当前页面标题
2022-07-12 22:01:59,749 --> WebDriverWrapper.py [line:70] --> INFO --> 功能调用 --> 映射 --> title
2022-07-12 22:01:59,755 --> WebDriverWrapper.py [line:70] --> INFO --> 功能调用 --> 映射 --> title
2022-07-12 22:01:59,761 --> ReadExcel.py [line:24] --> INFO --> 正在执行：强制等待2秒
2022-07-12 22:02:01,770 --> ReadExcel.py [line:24] --> INFO --> 正在执行：点击手机图片进入详情
2022-07-12 22:02:01,770 --> SeleniumWrapper.py [line:24] --> INFO --> 以[xpath]方式定位[/html/body/div[4]/div/div[2]/div[2]/ul/li[1]/div/div[4]/a]元素
2022-07-12 22:02:01,770 --> WebDriverWrapper.py [line:70] --> INFO --> 功能调用 --> 映射 --> find_element
2022-07-12 22:02:11,820 --> ReadExcel.py [line:73] --> ERROR --> Traceback (most recent call last):
  File "E:\UIAutomation\common\ReadExcel.py", line 71, in excel_ruuner
    getattr(driver, values[1])(**data)
  File "E:\UIAutomation\base\SeleniumWrapper.py", line 43, in click_element
    self.locator_element(name, value).click()
  File "E:\UIAutomation\base\SeleniumWrapper.py", line 25, in locator_element
    return self.driver.find_element(name, value)
  File "E:\ITWork\Python365\lib\site-packages\selenium\webdriver\remote\webdriver.py", line 978, in find_element
    'value': value})['value']
  File "E:\ITWork\Python365\lib\site-packages\selenium\webdriver\remote\webdriver.py", line 321, in execute
    self.error_handler.check_response(response)
  File "E:\ITWork\Python365\lib\site-packages\selenium\webdriver\remote\errorhandler.py", line 242, in check_response
    raise exception_class(message, screen, stacktrace)
selenium.common.exceptions.NoSuchElementException: Message: no such element: Unable to locate element: {"method":"xpath","selector":"/html/body/div[4]/div/div[2]/div[2]/ul/li[1]/div/div[4]/a"}
  (Session info: chrome=99.0.4844.74)


