2022-07-20 23:59:16,078 --> Main.py              [line:20 ] --> INFO  --> 运行./case/testcase.xlsx测试用例
2022-07-20 23:59:16,125 --> ReadExcel.py         [line:19 ] --> INFO  --> ---------------login_failed---------------
2022-07-20 23:59:16,125 --> ReadExcel.py         [line:23 ] --> INFO  --> 执行用例第1步骤：创建Chrome浏览器
2022-07-20 23:59:17,339 --> WebDriverWrapper.py  [line:56 ] --> INFO  --> 启动浏览器 --> 成功
2022-07-20 23:59:17,340 --> ReadExcel.py         [line:23 ] --> INFO  --> 执行用例第2步骤：访问特斯汀电商系统
2022-07-20 23:59:17,341 --> SeleniumWrapper.py   [line:83 ] --> INFO  --> 访问[http://www.testingedu.com.cn:8000/Home/User/login.html]地址
2022-07-20 23:59:20,804 --> ReadExcel.py         [line:23 ] --> INFO  --> 执行用例第3步骤：输入账号
2022-07-20 23:59:20,804 --> SeleniumWrapper.py   [line:112] --> INFO  --> 以[name]方式定位[username]元素
2022-07-20 23:59:21,805 --> SeleniumWrapper.py   [line:140] --> INFO  --> 以[name]方式定位[username]元素并输入[807440781@qq.com]文本
2022-07-20 23:59:21,826 --> ReadExcel.py         [line:23 ] --> INFO  --> 执行用例第4步骤：输入错误的密码
2022-07-20 23:59:21,826 --> SeleniumWrapper.py   [line:112] --> INFO  --> 以[id]方式定位[password]元素
2022-07-20 23:59:22,733 --> SeleniumWrapper.py   [line:140] --> INFO  --> 以[id]方式定位[password]元素并输入[0000]文本
2022-07-20 23:59:22,756 --> ReadExcel.py         [line:23 ] --> INFO  --> 执行用例第5步骤：输入验证码
2022-07-20 23:59:22,756 --> SeleniumWrapper.py   [line:112] --> INFO  --> 以[id]方式定位[verify_code]元素
2022-07-20 23:59:23,663 --> SeleniumWrapper.py   [line:140] --> INFO  --> 以[id]方式定位[verify_code]元素并输入[0000]文本
2022-07-20 23:59:23,684 --> ReadExcel.py         [line:23 ] --> INFO  --> 执行用例第6步骤：点击登录按钮
2022-07-20 23:59:23,684 --> SeleniumWrapper.py   [line:112] --> INFO  --> 以[xpath]方式定位[//a[@name="sbtbutton"]]元素
2022-07-20 23:59:24,572 --> SeleniumWrapper.py   [line:150] --> INFO  --> 以[xpath]方式定位[//a[@name="sbtbutton"]]元素并点击
2022-07-20 23:59:24,594 --> ReadExcel.py         [line:23 ] --> INFO  --> 执行用例第7步骤：强制等待2秒
2022-07-20 23:59:26,616 --> ReadExcel.py         [line:23 ] --> INFO  --> 执行用例第8步骤：检查是否登录成功，存在安全退出字样
2022-07-20 23:59:26,616 --> SeleniumWrapper.py   [line:112] --> INFO  --> 以[link text]方式定位[安全退出]元素
2022-07-20 23:59:37,128 --> SeleniumWrapper.py   [line:115] --> ERROR --> 找不到元素，以[link text]方式定位[安全退出]元素定位失败！
2022-07-20 23:59:47,164 --> SeleniumWrapper.py   [line:173] --> ERROR --> Traceback (most recent call last):
  File "E:\UIAutomation\base\SeleniumWrapper.py", line 169, in assert_text
    reality = self.locator_element(name, value).text
  File "E:\UIAutomation\base\SeleniumWrapper.py", line 117, in locator_element
    element = self.driver.find_element(name, value)
  File "E:\ITWork\Python365\lib\site-packages\selenium\webdriver\remote\webdriver.py", line 978, in find_element
    'value': value})['value']
  File "E:\ITWork\Python365\lib\site-packages\selenium\webdriver\remote\webdriver.py", line 321, in execute
    self.error_handler.check_response(response)
  File "E:\ITWork\Python365\lib\site-packages\selenium\webdriver\remote\errorhandler.py", line 242, in check_response
    raise exception_class(message, screen, stacktrace)
selenium.common.exceptions.NoSuchElementException: Message: no such element: Unable to locate element: {"method":"link text","selector":"安全退出"}
  (Session info: chrome=99.0.4844.74)


2022-07-20 23:59:47,195 --> ReadExcel.py         [line:23 ] --> INFO  --> 执行用例第9步骤：登录成功后截图
2022-07-20 23:59:47,195 --> SeleniumWrapper.py   [line:154] --> INFO  --> 截图成功存放路径：[./picture/特斯汀电商系统登录成功1.png]
2022-07-20 23:59:47,466 --> ReadExcel.py         [line:19 ] --> INFO  --> ---------------elements---------------
2022-07-20 23:59:47,466 --> ReadExcel.py         [line:23 ] --> INFO  --> 执行用例第1步骤：打开新的标签页
2022-07-20 23:59:47,546 --> ReadExcel.py         [line:23 ] --> INFO  --> 执行用例第2步骤：访问sahitest系统
2022-07-20 23:59:47,546 --> SeleniumWrapper.py   [line:83 ] --> INFO  --> 访问[http://sahitest.com/demo/index.htm]地址
2022-07-20 23:59:48,311 --> ReadExcel.py         [line:23 ] --> INFO  --> 执行用例第3步骤：点击Label Page链接
2022-07-20 23:59:48,311 --> SeleniumWrapper.py   [line:112] --> INFO  --> 以[link text]方式定位[Label Page]元素
2022-07-20 23:59:49,442 --> SeleniumWrapper.py   [line:150] --> INFO  --> 以[link text]方式定位[Label Page]元素并点击
2022-07-20 23:59:49,467 --> ReadExcel.py         [line:23 ] --> INFO  --> 执行用例第4步骤：强制等待2秒
2022-07-20 23:59:51,529 --> ReadExcel.py         [line:23 ] --> INFO  --> 执行用例第5步骤：第一个下拉框
2022-07-20 23:59:51,530 --> ReadExcel.py         [line:44 ] --> ERROR --> Traceback (most recent call last):
  File "E:\UIAutomation\common\ReadExcel.py", line 42, in excel_ruuner
    actions(excel, sheet, path, values, data, driver)
  File "E:\UIAutomation\biz\PageAction.py", line 45, in actions
    getattr(driver, branch(values[1]))(**data)
TypeError: foreach_element_click() got an unexpected keyword argument 'text'

2022-07-20 23:59:51,530 --> ReadExcel.py         [line:46 ] --> INFO  --> 执行失败11111111111111111111111
2022-07-20 23:59:51,530 --> SeleniumWrapper.py   [line:154] --> INFO  --> 截图成功存放路径：[./picture/elements_5_1658332791.png]
