2022-07-13 22:41:22,687 --> Main.py              [line:20] --> INFO --> 运行./case/testcase.xlsx测试用例
2022-07-13 22:41:22,721 --> ReadExcel.py         [line:21] --> INFO --> ---------------Sheet1---------------
2022-07-13 22:41:22,722 --> ReadExcel.py         [line:25] --> INFO --> 正在执行：创建Chrome浏览器
2022-07-13 22:41:23,926 --> WebDriverWrapper.py  [line:59] --> INFO --> 启动浏览器 --> Chrome
2022-07-13 22:41:23,927 --> ReadExcel.py         [line:25] --> INFO --> 正在执行：访问电商系统
2022-07-13 22:41:23,927 --> SeleniumWrapper.py   [line:19] --> INFO --> 访问[http://www.testingedu.com.cn:8000/Home/User/login.html]地址
2022-07-13 22:41:29,841 --> ReadExcel.py         [line:21] --> INFO --> ---------------Sheet2---------------
2022-07-13 22:41:29,841 --> ReadExcel.py         [line:25] --> INFO --> 正在执行：打开新的标签页
2022-07-13 22:41:29,882 --> ReadExcel.py         [line:25] --> INFO --> 正在执行：访问电商系统
2022-07-13 22:41:29,882 --> SeleniumWrapper.py   [line:19] --> INFO --> 访问[http://www.testingedu.com.cn:8000/Home/User/login.html]地址
2022-07-13 22:41:30,524 --> ReadExcel.py         [line:21] --> INFO --> ---------------Sheet3---------------
2022-07-13 22:41:30,525 --> ReadExcel.py         [line:25] --> INFO --> 正在执行：打开新的标签页
2022-07-13 22:41:30,564 --> ReadExcel.py         [line:25] --> INFO --> 正在执行：访问电商系统
2022-07-13 22:41:30,564 --> SeleniumWrapper.py   [line:19] --> INFO --> 访问[http://www.testingedu.com.cn:8000/Home/User/login.html]地址
2022-07-13 22:41:30,960 --> ReadExcel.py         [line:25] --> INFO --> 正在执行：输入账号
2022-07-13 22:41:30,960 --> SeleniumWrapper.py   [line:24] --> INFO --> 以[name]方式定位[username]元素
2022-07-13 22:41:31,010 --> SeleniumWrapper.py   [line:41] --> INFO --> 以[name]方式定位[username]元素并输入[13800138006]文本
2022-07-13 22:41:31,010 --> ReadExcel.py         [line:25] --> INFO --> 正在执行：输入密码
2022-07-13 22:41:31,010 --> SeleniumWrapper.py   [line:24] --> INFO --> 以[id]方式定位[password]元素
2022-07-13 22:41:31,070 --> SeleniumWrapper.py   [line:41] --> INFO --> 以[id]方式定位[password]元素并输入[123456]文本
2022-07-13 22:41:31,070 --> ReadExcel.py         [line:25] --> INFO --> 正在执行：输入验证码
2022-07-13 22:41:31,070 --> SeleniumWrapper.py   [line:24] --> INFO --> 以[id]方式定位[verify_code]元素
2022-07-13 22:41:31,127 --> SeleniumWrapper.py   [line:41] --> INFO --> 以[id]方式定位[verify_code]元素并输入[0000]文本
2022-07-13 22:41:31,127 --> ReadExcel.py         [line:25] --> INFO --> 正在执行：点击登录按钮
2022-07-13 22:41:31,127 --> SeleniumWrapper.py   [line:24] --> INFO --> 以[xpath]方式定位[//a[@name="sbtbutton"]]元素
2022-07-13 22:41:31,178 --> SeleniumWrapper.py   [line:50] --> INFO --> 以[xpath]方式定位[//a[@name="sbtbutton"]]元素并点击
2022-07-13 22:41:31,178 --> ReadExcel.py         [line:25] --> INFO --> 正在执行：登录成功后截图
2022-07-13 22:41:35,513 --> SeleniumWrapper.py   [line:81] --> INFO --> 截图成功存放路径：[./picture/特斯汀电商系统登录成功.png]
2022-07-13 22:41:35,513 --> ReadExcel.py         [line:25] --> INFO --> 正在执行：校验登录后是否存在退出的元素
2022-07-13 22:41:35,513 --> SeleniumWrapper.py   [line:24] --> INFO --> 以[link text]方式定位[安全退出]元素
2022-07-13 22:41:35,548 --> ReadExcel.py         [line:25] --> INFO --> 正在执行：强制等待2秒
2022-07-13 22:41:37,553 --> ReadExcel.py         [line:25] --> INFO --> 正在执行：跳转到商城首页
2022-07-13 22:41:37,554 --> SeleniumWrapper.py   [line:24] --> INFO --> 以[link text]方式定位[返回商城首页]元素
2022-07-13 22:42:14,766 --> SeleniumWrapper.py   [line:50] --> INFO --> 以[link text]方式定位[返回商城首页]元素并点击
2022-07-13 22:42:14,767 --> ReadExcel.py         [line:25] --> INFO --> 正在执行：强制等待2秒
2022-07-13 22:42:16,778 --> ReadExcel.py         [line:25] --> INFO --> 正在执行：鼠标悬停到手机数码控件树上
2022-07-13 22:42:16,779 --> SeleniumWrapper.py   [line:24] --> INFO --> 以[link text]方式定位[手机数码]元素
2022-07-13 22:42:17,142 --> ReadExcel.py         [line:25] --> INFO --> 正在执行：点击上步骤展开后菜单中的手机
2022-07-13 22:42:17,143 --> SeleniumWrapper.py   [line:24] --> INFO --> 以[xpath]方式定位[//*[@id="cata-nav"]/div[1]/div[2]/div[1]/div[2]/dl[1]/dd/a[1]]元素
2022-07-13 22:42:17,261 --> SeleniumWrapper.py   [line:50] --> INFO --> 以[xpath]方式定位[//*[@id="cata-nav"]/div[1]/div[2]/div[1]/div[2]/dl[1]/dd/a[1]]元素并点击
2022-07-13 22:42:17,262 --> ReadExcel.py         [line:25] --> INFO --> 正在执行：跳转到新的页面
2022-07-13 22:42:17,274 --> ReadExcel.py         [line:25] --> INFO --> 正在执行：点击第一个商品
2022-07-13 22:42:17,274 --> SeleniumWrapper.py   [line:24] --> INFO --> 以[xpath]方式定位[/html/body/div[4]/div/div[2]/div[2]/ul/li[1]/div/div[1]/a/img]元素
2022-07-13 22:42:21,681 --> SeleniumWrapper.py   [line:50] --> INFO --> 以[xpath]方式定位[/html/body/div[4]/div/div[2]/div[2]/ul/li[1]/div/div[1]/a/img]元素并点击
2022-07-13 22:42:21,682 --> ReadExcel.py         [line:25] --> INFO --> 正在执行：强制等待2秒
2022-07-13 22:42:23,686 --> ReadExcel.py         [line:25] --> INFO --> 正在执行：选择版本：全网通4G+64G
2022-07-13 22:42:23,686 --> SeleniumWrapper.py   [line:24] --> INFO --> 以[id]方式定位[goods_spec_a_10]元素
2022-07-13 22:42:23,760 --> SeleniumWrapper.py   [line:50] --> INFO --> 以[id]方式定位[goods_spec_a_10]元素并点击
2022-07-13 22:42:23,760 --> ReadExcel.py         [line:25] --> INFO --> 正在执行：选择配色：铂光色
2022-07-13 22:42:23,760 --> SeleniumWrapper.py   [line:24] --> INFO --> 以[id]方式定位[goods_spec_a_12]元素
2022-07-13 22:42:23,805 --> SeleniumWrapper.py   [line:50] --> INFO --> 以[id]方式定位[goods_spec_a_12]元素并点击
2022-07-13 22:42:23,805 --> ReadExcel.py         [line:25] --> INFO --> 正在执行：选择套餐：套餐二
2022-07-13 22:42:23,805 --> SeleniumWrapper.py   [line:24] --> INFO --> 以[id]方式定位[goods_spec_a_17]元素
2022-07-13 22:42:23,846 --> SeleniumWrapper.py   [line:50] --> INFO --> 以[id]方式定位[goods_spec_a_17]元素并点击
2022-07-13 22:42:23,846 --> ReadExcel.py         [line:25] --> INFO --> 正在执行：加入购物车
2022-07-13 22:42:23,846 --> SeleniumWrapper.py   [line:24] --> INFO --> 以[id]方式定位[join_cart]元素
2022-07-13 22:42:23,888 --> SeleniumWrapper.py   [line:50] --> INFO --> 以[id]方式定位[join_cart]元素并点击
2022-07-13 22:42:23,888 --> ReadExcel.py         [line:25] --> INFO --> 正在执行：切入弹出frame
2022-07-13 22:42:25,098 --> ReadExcel.py         [line:25] --> INFO --> 正在执行：校验是否成功加入购物车
2022-07-13 22:42:25,099 --> SeleniumWrapper.py   [line:24] --> INFO --> 以[xpath]方式定位[//span[text()="添加成功"]]元素
2022-07-13 22:42:25,129 --> ReadExcel.py         [line:25] --> INFO --> 正在执行：商品加入购物车成功截图
2022-07-13 22:42:25,410 --> SeleniumWrapper.py   [line:81] --> INFO --> 截图成功存放路径：[./picture/商品加入购物车成功.png]
2022-07-13 22:42:25,411 --> ReadExcel.py         [line:25] --> INFO --> 正在执行：去购物车结算
2022-07-13 22:42:25,411 --> SeleniumWrapper.py   [line:24] --> INFO --> 以[xpath]方式定位[//a[text()="去购物车结算"]]元素
2022-07-13 22:42:25,698 --> SeleniumWrapper.py   [line:50] --> INFO --> 以[xpath]方式定位[//a[text()="去购物车结算"]]元素并点击
2022-07-13 22:42:25,698 --> ReadExcel.py         [line:25] --> INFO --> 正在执行：去结算
2022-07-13 22:42:25,698 --> SeleniumWrapper.py   [line:24] --> INFO --> 以[xpath]方式定位[//a[text()="去结算"]]元素
2022-07-13 22:42:27,395 --> SeleniumWrapper.py   [line:50] --> INFO --> 以[xpath]方式定位[//a[text()="去结算"]]元素并点击
2022-07-13 22:42:27,395 --> ReadExcel.py         [line:25] --> INFO --> 正在执行：下单备注留言
2022-07-13 22:42:27,395 --> SeleniumWrapper.py   [line:24] --> INFO --> 以[xpath]方式定位[//textarea[@placeholder="最多输入50个字"]]元素
2022-07-13 22:42:27,474 --> SeleniumWrapper.py   [line:41] --> INFO --> 以[xpath]方式定位[//textarea[@placeholder="最多输入50个字"]]元素并输入[给辉辉买个破烂手机]文本
2022-07-13 22:42:27,474 --> ReadExcel.py         [line:25] --> INFO --> 正在执行：强制等待2秒
2022-07-13 22:42:29,481 --> ReadExcel.py         [line:25] --> INFO --> 正在执行：向下滑动
2022-07-13 22:42:29,488 --> ReadExcel.py         [line:25] --> INFO --> 正在执行：提交定单
2022-07-13 22:42:29,488 --> SeleniumWrapper.py   [line:24] --> INFO --> 以[xpath]方式定位[/html/body/div[14]/div/button]元素
2022-07-13 22:42:29,534 --> SeleniumWrapper.py   [line:50] --> INFO --> 以[xpath]方式定位[/html/body/div[14]/div/button]元素并点击
2022-07-13 22:42:29,534 --> ReadExcel.py         [line:25] --> INFO --> 正在执行：强制等待2秒
2022-07-13 22:42:31,536 --> ReadExcel.py         [line:25] --> INFO --> 正在执行：None
2022-07-13 22:42:31,536 --> SeleniumWrapper.py   [line:24] --> INFO --> 以[xpath]方式定位[//h3[text()="订单提交成功，请您尽快付款！"]]元素
2022-07-13 22:42:32,521 --> ReadExcel.py         [line:25] --> INFO --> 正在执行：订单提交成功截图
2022-07-13 22:42:32,707 --> SeleniumWrapper.py   [line:81] --> INFO --> 截图成功存放路径：[./picture/订单提交成功截图.png]
2022-07-13 22:42:32,707 --> ReadExcel.py         [line:25] --> INFO --> 正在执行：强制等待2秒
2022-07-13 22:42:34,717 --> ReadExcel.py         [line:25] --> INFO --> 正在执行：打开一个新的窗口
2022-07-13 22:42:34,776 --> ReadExcel.py         [line:25] --> INFO --> 正在执行：获取当前URL
2022-07-13 22:43:15,476 --> Main.py              [line:20] --> INFO --> 运行./case/testcase.xlsx测试用例
2022-07-13 22:43:15,506 --> ReadExcel.py         [line:21] --> INFO --> ---------------Sheet1---------------
2022-07-13 22:43:15,506 --> ReadExcel.py         [line:25] --> INFO --> 正在执行：创建Chrome浏览器
2022-07-13 22:43:16,692 --> WebDriverWrapper.py  [line:59] --> INFO --> 启动浏览器 --> Chrome
2022-07-13 22:43:16,693 --> ReadExcel.py         [line:25] --> INFO --> 正在执行：访问电商系统
2022-07-13 22:43:16,693 --> SeleniumWrapper.py   [line:19] --> INFO --> 访问[http://www.testingedu.com.cn:8000/Home/User/login.html]地址
2022-07-13 22:43:19,871 --> ReadExcel.py         [line:21] --> INFO --> ---------------Sheet2---------------
2022-07-13 22:43:19,872 --> ReadExcel.py         [line:25] --> INFO --> 正在执行：打开新的标签页
2022-07-13 22:43:19,909 --> ReadExcel.py         [line:25] --> INFO --> 正在执行：访问电商系统
2022-07-13 22:43:19,910 --> SeleniumWrapper.py   [line:19] --> INFO --> 访问[http://www.testingedu.com.cn:8000/Home/User/login.html]地址
2022-07-13 22:43:20,260 --> ReadExcel.py         [line:21] --> INFO --> ---------------Sheet3---------------
2022-07-13 22:43:20,260 --> ReadExcel.py         [line:25] --> INFO --> 正在执行：打开新的标签页
2022-07-13 22:43:20,297 --> ReadExcel.py         [line:25] --> INFO --> 正在执行：访问电商系统
2022-07-13 22:43:20,297 --> SeleniumWrapper.py   [line:19] --> INFO --> 访问[http://www.testingedu.com.cn:8000/Home/User/login.html]地址
2022-07-13 22:43:20,638 --> ReadExcel.py         [line:25] --> INFO --> 正在执行：输入账号
2022-07-13 22:43:20,639 --> SeleniumWrapper.py   [line:24] --> INFO --> 以[name]方式定位[username]元素
2022-07-13 22:43:20,690 --> SeleniumWrapper.py   [line:41] --> INFO --> 以[name]方式定位[username]元素并输入[13800138006]文本
2022-07-13 22:43:20,690 --> ReadExcel.py         [line:25] --> INFO --> 正在执行：输入密码
2022-07-13 22:43:20,690 --> SeleniumWrapper.py   [line:24] --> INFO --> 以[id]方式定位[password]元素
2022-07-13 22:43:20,755 --> SeleniumWrapper.py   [line:41] --> INFO --> 以[id]方式定位[password]元素并输入[123456]文本
2022-07-13 22:43:20,756 --> ReadExcel.py         [line:25] --> INFO --> 正在执行：输入验证码
2022-07-13 22:43:20,756 --> SeleniumWrapper.py   [line:24] --> INFO --> 以[id]方式定位[verify_code]元素
2022-07-13 22:43:20,814 --> SeleniumWrapper.py   [line:41] --> INFO --> 以[id]方式定位[verify_code]元素并输入[0000]文本
2022-07-13 22:43:20,814 --> ReadExcel.py         [line:25] --> INFO --> 正在执行：点击登录按钮
2022-07-13 22:43:20,814 --> SeleniumWrapper.py   [line:24] --> INFO --> 以[xpath]方式定位[//a[@name="sbtbutton"]]元素
2022-07-13 22:43:20,865 --> SeleniumWrapper.py   [line:50] --> INFO --> 以[xpath]方式定位[//a[@name="sbtbutton"]]元素并点击
2022-07-13 22:43:20,865 --> ReadExcel.py         [line:25] --> INFO --> 正在执行：登录成功后截图
2022-07-13 22:43:22,437 --> SeleniumWrapper.py   [line:81] --> INFO --> 截图成功存放路径：[./picture/特斯汀电商系统登录成功.png]
2022-07-13 22:43:22,437 --> ReadExcel.py         [line:25] --> INFO --> 正在执行：校验登录后是否存在退出的元素
2022-07-13 22:43:22,437 --> SeleniumWrapper.py   [line:24] --> INFO --> 以[link text]方式定位[安全退出]元素
2022-07-13 22:43:22,473 --> ReadExcel.py         [line:25] --> INFO --> 正在执行：强制等待2秒
2022-07-13 22:43:24,476 --> ReadExcel.py         [line:25] --> INFO --> 正在执行：跳转到商城首页
2022-07-13 22:43:24,476 --> SeleniumWrapper.py   [line:24] --> INFO --> 以[link text]方式定位[返回商城首页]元素
2022-07-13 22:43:43,126 --> SeleniumWrapper.py   [line:50] --> INFO --> 以[link text]方式定位[返回商城首页]元素并点击
2022-07-13 22:43:43,126 --> ReadExcel.py         [line:25] --> INFO --> 正在执行：强制等待2秒
2022-07-13 22:45:19,757 --> Main.py              [line:20] --> INFO --> 运行./case/testcase.xlsx测试用例
2022-07-13 22:45:19,787 --> ReadExcel.py         [line:21] --> INFO --> ---------------Sheet1---------------
2022-07-13 22:45:19,787 --> ReadExcel.py         [line:25] --> INFO --> 正在执行：创建Chrome浏览器
2022-07-13 22:45:20,970 --> WebDriverWrapper.py  [line:59] --> INFO --> 启动浏览器 --> Chrome
2022-07-13 22:45:20,971 --> ReadExcel.py         [line:25] --> INFO --> 正在执行：访问电商系统
2022-07-13 22:45:20,971 --> SeleniumWrapper.py   [line:19] --> INFO --> 访问[http://www.testingedu.com.cn:8000/Home/User/login.html]地址
2022-07-13 22:45:25,047 --> ReadExcel.py         [line:21] --> INFO --> ---------------Sheet2---------------
2022-07-13 22:45:25,047 --> ReadExcel.py         [line:25] --> INFO --> 正在执行：打开新的标签页
2022-07-13 22:45:25,100 --> ReadExcel.py         [line:25] --> INFO --> 正在执行：访问电商系统
2022-07-13 22:45:25,100 --> SeleniumWrapper.py   [line:19] --> INFO --> 访问[http://www.testingedu.com.cn:8000/Home/User/login.html]地址
2022-07-13 22:45:25,471 --> ReadExcel.py         [line:21] --> INFO --> ---------------Sheet3---------------
2022-07-13 22:45:25,472 --> ReadExcel.py         [line:25] --> INFO --> 正在执行：打开新的标签页
2022-07-13 22:45:25,510 --> ReadExcel.py         [line:25] --> INFO --> 正在执行：访问电商系统
2022-07-13 22:45:25,510 --> SeleniumWrapper.py   [line:19] --> INFO --> 访问[http://www.testingedu.com.cn:8000/Home/User/login.html]地址
2022-07-13 22:45:25,840 --> ReadExcel.py         [line:25] --> INFO --> 正在执行：输入账号
2022-07-13 22:45:25,840 --> SeleniumWrapper.py   [line:24] --> INFO --> 以[name]方式定位[username]元素
2022-07-13 22:45:25,895 --> SeleniumWrapper.py   [line:41] --> INFO --> 以[name]方式定位[username]元素并输入[13800138006]文本
2022-07-13 22:45:25,896 --> ReadExcel.py         [line:25] --> INFO --> 正在执行：输入密码
2022-07-13 22:45:25,896 --> SeleniumWrapper.py   [line:24] --> INFO --> 以[id]方式定位[password]元素
2022-07-13 22:45:25,957 --> SeleniumWrapper.py   [line:41] --> INFO --> 以[id]方式定位[password]元素并输入[123456]文本
2022-07-13 22:45:25,957 --> ReadExcel.py         [line:25] --> INFO --> 正在执行：输入验证码
2022-07-13 22:45:25,957 --> SeleniumWrapper.py   [line:24] --> INFO --> 以[id]方式定位[verify_code]元素
2022-07-13 22:45:26,011 --> SeleniumWrapper.py   [line:41] --> INFO --> 以[id]方式定位[verify_code]元素并输入[0000]文本
2022-07-13 22:45:26,012 --> ReadExcel.py         [line:25] --> INFO --> 正在执行：点击登录按钮
2022-07-13 22:45:26,012 --> SeleniumWrapper.py   [line:24] --> INFO --> 以[xpath]方式定位[//a[@name="sbtbutton"]]元素
2022-07-13 22:45:26,061 --> SeleniumWrapper.py   [line:50] --> INFO --> 以[xpath]方式定位[//a[@name="sbtbutton"]]元素并点击
2022-07-13 22:45:26,061 --> ReadExcel.py         [line:25] --> INFO --> 正在执行：登录成功后截图
2022-07-13 22:45:27,575 --> SeleniumWrapper.py   [line:81] --> INFO --> 截图成功存放路径：[./picture/特斯汀电商系统登录成功.png]
2022-07-13 22:45:27,576 --> ReadExcel.py         [line:25] --> INFO --> 正在执行：校验登录后是否存在退出的元素
2022-07-13 22:45:27,576 --> SeleniumWrapper.py   [line:24] --> INFO --> 以[link text]方式定位[安全退出]元素
2022-07-13 22:45:27,649 --> ReadExcel.py         [line:25] --> INFO --> 正在执行：强制等待2秒
2022-07-13 22:45:29,660 --> ReadExcel.py         [line:25] --> INFO --> 正在执行：跳转到商城首页
2022-07-13 22:45:29,660 --> SeleniumWrapper.py   [line:24] --> INFO --> 以[link text]方式定位[返回商城首页]元素
2022-07-13 22:46:00,658 --> SeleniumWrapper.py   [line:50] --> INFO --> 以[link text]方式定位[返回商城首页]元素并点击
2022-07-13 22:46:00,658 --> ReadExcel.py         [line:25] --> INFO --> 正在执行：强制等待2秒
2022-07-13 22:46:02,668 --> ReadExcel.py         [line:25] --> INFO --> 正在执行：鼠标悬停到手机数码控件树上
2022-07-13 22:46:02,668 --> SeleniumWrapper.py   [line:24] --> INFO --> 以[link text]方式定位[手机数码]元素
2022-07-13 22:46:03,001 --> ReadExcel.py         [line:25] --> INFO --> 正在执行：点击上步骤展开后菜单中的手机
2022-07-13 22:46:03,002 --> SeleniumWrapper.py   [line:24] --> INFO --> 以[xpath]方式定位[//*[@id="cata-nav"]/div[1]/div[2]/div[1]/div[2]/dl[1]/dd/a[1]]元素
2022-07-13 22:46:03,161 --> SeleniumWrapper.py   [line:50] --> INFO --> 以[xpath]方式定位[//*[@id="cata-nav"]/div[1]/div[2]/div[1]/div[2]/dl[1]/dd/a[1]]元素并点击
2022-07-13 22:46:03,162 --> ReadExcel.py         [line:25] --> INFO --> 正在执行：跳转到新的页面
2022-07-13 22:46:03,177 --> ReadExcel.py         [line:25] --> INFO --> 正在执行：点击第一个商品
2022-07-13 22:46:03,177 --> SeleniumWrapper.py   [line:24] --> INFO --> 以[xpath]方式定位[/html/body/div[4]/div/div[2]/div[2]/ul/li[1]/div/div[1]/a/img]元素
2022-07-13 22:46:07,664 --> SeleniumWrapper.py   [line:50] --> INFO --> 以[xpath]方式定位[/html/body/div[4]/div/div[2]/div[2]/ul/li[1]/div/div[1]/a/img]元素并点击
2022-07-13 22:46:07,664 --> ReadExcel.py         [line:25] --> INFO --> 正在执行：强制等待2秒
2022-07-13 22:46:09,680 --> ReadExcel.py         [line:25] --> INFO --> 正在执行：选择版本：全网通4G+64G
2022-07-13 22:46:09,680 --> SeleniumWrapper.py   [line:24] --> INFO --> 以[id]方式定位[goods_spec_a_10]元素
2022-07-13 22:46:09,738 --> SeleniumWrapper.py   [line:50] --> INFO --> 以[id]方式定位[goods_spec_a_10]元素并点击
2022-07-13 22:46:09,738 --> ReadExcel.py         [line:25] --> INFO --> 正在执行：选择配色：铂光色
2022-07-13 22:46:09,738 --> SeleniumWrapper.py   [line:24] --> INFO --> 以[id]方式定位[goods_spec_a_12]元素
2022-07-13 22:46:09,787 --> SeleniumWrapper.py   [line:50] --> INFO --> 以[id]方式定位[goods_spec_a_12]元素并点击
2022-07-13 22:46:09,788 --> ReadExcel.py         [line:25] --> INFO --> 正在执行：选择套餐：套餐二
2022-07-13 22:46:09,788 --> SeleniumWrapper.py   [line:24] --> INFO --> 以[id]方式定位[goods_spec_a_17]元素
2022-07-13 22:46:09,830 --> SeleniumWrapper.py   [line:50] --> INFO --> 以[id]方式定位[goods_spec_a_17]元素并点击
2022-07-13 22:46:09,831 --> ReadExcel.py         [line:25] --> INFO --> 正在执行：加入购物车
2022-07-13 22:46:09,831 --> SeleniumWrapper.py   [line:24] --> INFO --> 以[id]方式定位[join_cart]元素
2022-07-13 22:46:09,873 --> SeleniumWrapper.py   [line:50] --> INFO --> 以[id]方式定位[join_cart]元素并点击
2022-07-13 22:46:09,873 --> ReadExcel.py         [line:25] --> INFO --> 正在执行：切入弹出frame
2022-07-13 22:46:11,036 --> ReadExcel.py         [line:25] --> INFO --> 正在执行：校验是否成功加入购物车
2022-07-13 22:46:11,037 --> SeleniumWrapper.py   [line:24] --> INFO --> 以[xpath]方式定位[//span[text()="添加成功"]]元素
2022-07-13 22:46:11,143 --> ReadExcel.py         [line:25] --> INFO --> 正在执行：商品加入购物车成功截图
2022-07-13 22:46:11,400 --> SeleniumWrapper.py   [line:81] --> INFO --> 截图成功存放路径：[./picture/商品加入购物车成功.png]
2022-07-13 22:46:11,401 --> ReadExcel.py         [line:25] --> INFO --> 正在执行：去购物车结算
2022-07-13 22:46:11,401 --> SeleniumWrapper.py   [line:24] --> INFO --> 以[xpath]方式定位[//a[text()="去购物车结算"]]元素
2022-07-13 22:46:11,685 --> SeleniumWrapper.py   [line:50] --> INFO --> 以[xpath]方式定位[//a[text()="去购物车结算"]]元素并点击
2022-07-13 22:46:11,685 --> ReadExcel.py         [line:25] --> INFO --> 正在执行：去结算
2022-07-13 22:46:11,685 --> SeleniumWrapper.py   [line:24] --> INFO --> 以[xpath]方式定位[//a[text()="去结算"]]元素
2022-07-13 22:46:13,374 --> SeleniumWrapper.py   [line:50] --> INFO --> 以[xpath]方式定位[//a[text()="去结算"]]元素并点击
2022-07-13 22:46:13,374 --> ReadExcel.py         [line:25] --> INFO --> 正在执行：下单备注留言
2022-07-13 22:46:13,374 --> SeleniumWrapper.py   [line:24] --> INFO --> 以[xpath]方式定位[//textarea[@placeholder="最多输入50个字"]]元素
2022-07-13 22:46:13,467 --> SeleniumWrapper.py   [line:41] --> INFO --> 以[xpath]方式定位[//textarea[@placeholder="最多输入50个字"]]元素并输入[给辉辉买个破烂手机]文本
2022-07-13 22:46:13,468 --> ReadExcel.py         [line:25] --> INFO --> 正在执行：强制等待2秒
2022-07-13 22:46:15,482 --> ReadExcel.py         [line:25] --> INFO --> 正在执行：向下滑动
2022-07-13 22:46:15,487 --> ReadExcel.py         [line:25] --> INFO --> 正在执行：提交定单
2022-07-13 22:46:15,487 --> SeleniumWrapper.py   [line:24] --> INFO --> 以[xpath]方式定位[/html/body/div[14]/div/button]元素
2022-07-13 22:46:15,537 --> SeleniumWrapper.py   [line:50] --> INFO --> 以[xpath]方式定位[/html/body/div[14]/div/button]元素并点击
2022-07-13 22:46:15,537 --> ReadExcel.py         [line:25] --> INFO --> 正在执行：强制等待2秒
2022-07-13 22:46:17,550 --> ReadExcel.py         [line:25] --> INFO --> 正在执行：None
2022-07-13 22:46:17,551 --> SeleniumWrapper.py   [line:24] --> INFO --> 以[xpath]方式定位[//h3[text()="订单提交成功，请您尽快付款！"]]元素
2022-07-13 22:46:18,541 --> ReadExcel.py         [line:25] --> INFO --> 正在执行：订单提交成功截图
2022-07-13 22:46:18,706 --> SeleniumWrapper.py   [line:81] --> INFO --> 截图成功存放路径：[./picture/订单提交成功截图.png]
2022-07-13 22:46:18,706 --> ReadExcel.py         [line:25] --> INFO --> 正在执行：强制等待2秒
2022-07-13 22:46:20,720 --> ReadExcel.py         [line:25] --> INFO --> 正在执行：打开一个新的窗口
2022-07-13 22:46:20,774 --> ReadExcel.py         [line:25] --> INFO --> 正在执行：获取当前URL
